[0.338s] Invoking command in '/home/clue/jointer_ws/build/pi_pca9685_interfaces': CMAKE_PREFIX_PATH=${CMAKE_PREFIX_PATH}:/home/clue/jointer_ws/install/pi_pca9685:/opt/ros/humble /usr/bin/cmake --build /home/clue/jointer_ws/build/pi_pca9685_interfaces -- -j8 -l8
[0.392s] [  3%] Built target pi_pca9685_interfaces__cpp
[0.393s] [ 12%] Built target pi_pca9685_interfaces__rosidl_generator_c
[0.409s] [ 12%] Built target ament_cmake_python_copy_pi_pca9685_interfaces
[0.427s] [ 22%] Built target pi_pca9685_interfaces__rosidl_typesupport_cpp
[0.434s] [ 32%] Built target pi_pca9685_interfaces__rosidl_typesupport_introspection_cpp
[0.442s] [ 41%] Built target pi_pca9685_interfaces__rosidl_typesupport_fastrtps_cpp
[0.448s] [ 51%] Built target pi_pca9685_interfaces__rosidl_typesupport_introspection_c
[0.452s] [ 70%] Built target pi_pca9685_interfaces__rosidl_typesupport_fastrtps_c
[0.452s] [ 70%] Built target pi_pca9685_interfaces__rosidl_typesupport_c
[0.475s] [ 70%] Built target pi_pca9685_interfaces
[0.498s] [ 74%] Built target pi_pca9685_interfaces__py
[0.523s] [ 80%] Built target pi_pca9685_interfaces__rosidl_generator_py
[0.553s] [ 93%] Built target pi_pca9685_interfaces__rosidl_typesupport_introspection_c__pyext
[0.554s] [ 93%] Built target pi_pca9685_interfaces__rosidl_typesupport_c__pyext
[0.555s] [100%] Built target pi_pca9685_interfaces__rosidl_typesupport_fastrtps_c__pyext
[0.778s] running egg_info
[0.778s] writing pi_pca9685_interfaces.egg-info/PKG-INFO
[0.779s] writing dependency_links to pi_pca9685_interfaces.egg-info/dependency_links.txt
[0.779s] writing top-level names to pi_pca9685_interfaces.egg-info/top_level.txt
[0.782s] reading manifest file 'pi_pca9685_interfaces.egg-info/SOURCES.txt'
[0.783s] writing manifest file 'pi_pca9685_interfaces.egg-info/SOURCES.txt'
[0.815s] [100%] Built target ament_cmake_python_build_pi_pca9685_interfaces_egg
[0.830s] Invoked command in '/home/clue/jointer_ws/build/pi_pca9685_interfaces' returned '0': CMAKE_PREFIX_PATH=${CMAKE_PREFIX_PATH}:/home/clue/jointer_ws/install/pi_pca9685:/opt/ros/humble /usr/bin/cmake --build /home/clue/jointer_ws/build/pi_pca9685_interfaces -- -j8 -l8
[0.909s] Invoking command in '/home/clue/jointer_ws/build/pi_pca9685_interfaces': CMAKE_PREFIX_PATH=${CMAKE_PREFIX_PATH}:/home/clue/jointer_ws/install/pi_pca9685:/opt/ros/humble /usr/bin/cmake --install /home/clue/jointer_ws/build/pi_pca9685_interfaces
[0.917s] -- Install configuration: ""
[0.918s] -- Up-to-date: /home/clue/jointer_ws/install/pi_pca9685_interfaces/share/ament_index/resource_index/rosidl_interfaces/pi_pca9685_interfaces
[0.918s] -- Up-to-date: /home/clue/jointer_ws/install/pi_pca9685_interfaces/include/pi_pca9685_interfaces/pi_pca9685_interfaces
[0.918s] -- Up-to-date: /home/clue/jointer_ws/install/pi_pca9685_interfaces/include/pi_pca9685_interfaces/pi_pca9685_interfaces/msg
[0.919s] -- Up-to-date: /home/clue/jointer_ws/install/pi_pca9685_interfaces/include/pi_pca9685_interfaces/pi_pca9685_interfaces/msg/rosidl_generator_c__visibility_control.h
[0.919s] -- Up-to-date: /home/clue/jointer_ws/install/pi_pca9685_interfaces/include/pi_pca9685_interfaces/pi_pca9685_interfaces/action
[0.919s] -- Up-to-date: /home/clue/jointer_ws/install/pi_pca9685_interfaces/include/pi_pca9685_interfaces/pi_pca9685_interfaces/action/detail
[0.919s] -- Up-to-date: /home/clue/jointer_ws/install/pi_pca9685_interfaces/include/pi_pca9685_interfaces/pi_pca9685_interfaces/action/detail/pca__functions.h
[0.920s] -- Up-to-date: /home/clue/jointer_ws/install/pi_pca9685_interfaces/include/pi_pca9685_interfaces/pi_pca9685_interfaces/action/detail/pca__type_support.h
[0.920s] -- Up-to-date: /home/clue/jointer_ws/install/pi_pca9685_interfaces/include/pi_pca9685_interfaces/pi_pca9685_interfaces/action/detail/pca__struct.h
[0.920s] -- Up-to-date: /home/clue/jointer_ws/install/pi_pca9685_interfaces/include/pi_pca9685_interfaces/pi_pca9685_interfaces/action/detail/pca__functions.c
[0.920s] -- Up-to-date: /home/clue/jointer_ws/install/pi_pca9685_interfaces/include/pi_pca9685_interfaces/pi_pca9685_interfaces/action/pca.h
[0.920s] -- Up-to-date: /home/clue/jointer_ws/install/pi_pca9685_interfaces/share/pi_pca9685_interfaces/environment/library_path.sh
[0.921s] -- Up-to-date: /home/clue/jointer_ws/install/pi_pca9685_interfaces/share/pi_pca9685_interfaces/environment/library_path.dsv
[0.921s] -- Up-to-date: /home/clue/jointer_ws/install/pi_pca9685_interfaces/lib/libpi_pca9685_interfaces__rosidl_generator_c.so
[0.921s] -- Up-to-date: /home/clue/jointer_ws/install/pi_pca9685_interfaces/include/pi_pca9685_interfaces/pi_pca9685_interfaces
[0.921s] -- Up-to-date: /home/clue/jointer_ws/install/pi_pca9685_interfaces/include/pi_pca9685_interfaces/pi_pca9685_interfaces/msg
[0.921s] -- Up-to-date: /home/clue/jointer_ws/install/pi_pca9685_interfaces/include/pi_pca9685_interfaces/pi_pca9685_interfaces/msg/rosidl_typesupport_fastrtps_c__visibility_control.h
[0.921s] -- Up-to-date: /home/clue/jointer_ws/install/pi_pca9685_interfaces/include/pi_pca9685_interfaces/pi_pca9685_interfaces/action
[0.921s] -- Up-to-date: /home/clue/jointer_ws/install/pi_pca9685_interfaces/include/pi_pca9685_interfaces/pi_pca9685_interfaces/action/detail
[0.921s] -- Up-to-date: /home/clue/jointer_ws/install/pi_pca9685_interfaces/include/pi_pca9685_interfaces/pi_pca9685_interfaces/action/detail/pca__rosidl_typesupport_fastrtps_c.h
[0.921s] -- Up-to-date: /home/clue/jointer_ws/install/pi_pca9685_interfaces/lib/libpi_pca9685_interfaces__rosidl_typesupport_fastrtps_c.so
[0.921s] -- Up-to-date: /home/clue/jointer_ws/install/pi_pca9685_interfaces/include/pi_pca9685_interfaces/pi_pca9685_interfaces
[0.921s] -- Up-to-date: /home/clue/jointer_ws/install/pi_pca9685_interfaces/include/pi_pca9685_interfaces/pi_pca9685_interfaces/msg
[0.922s] -- Up-to-date: /home/clue/jointer_ws/install/pi_pca9685_interfaces/include/pi_pca9685_interfaces/pi_pca9685_interfaces/msg/rosidl_typesupport_introspection_c__visibility_control.h
[0.922s] -- Up-to-date: /home/clue/jointer_ws/install/pi_pca9685_interfaces/include/pi_pca9685_interfaces/pi_pca9685_interfaces/action
[0.922s] -- Up-to-date: /home/clue/jointer_ws/install/pi_pca9685_interfaces/include/pi_pca9685_interfaces/pi_pca9685_interfaces/action/detail
[0.922s] -- Up-to-date: /home/clue/jointer_ws/install/pi_pca9685_interfaces/include/pi_pca9685_interfaces/pi_pca9685_interfaces/action/detail/pca__type_support.c
[0.922s] -- Up-to-date: /home/clue/jointer_ws/install/pi_pca9685_interfaces/include/pi_pca9685_interfaces/pi_pca9685_interfaces/action/detail/pca__rosidl_typesupport_introspection_c.h
[0.922s] -- Up-to-date: /home/clue/jointer_ws/install/pi_pca9685_interfaces/lib/libpi_pca9685_interfaces__rosidl_typesupport_introspection_c.so
[0.923s] -- Up-to-date: /home/clue/jointer_ws/install/pi_pca9685_interfaces/lib/libpi_pca9685_interfaces__rosidl_typesupport_c.so
[0.923s] -- Up-to-date: /home/clue/jointer_ws/install/pi_pca9685_interfaces/include/pi_pca9685_interfaces/pi_pca9685_interfaces
[0.923s] -- Up-to-date: /home/clue/jointer_ws/install/pi_pca9685_interfaces/include/pi_pca9685_interfaces/pi_pca9685_interfaces/action
[0.923s] -- Up-to-date: /home/clue/jointer_ws/install/pi_pca9685_interfaces/include/pi_pca9685_interfaces/pi_pca9685_interfaces/action/detail
[0.923s] -- Up-to-date: /home/clue/jointer_ws/install/pi_pca9685_interfaces/include/pi_pca9685_interfaces/pi_pca9685_interfaces/action/detail/pca__traits.hpp
[0.923s] -- Up-to-date: /home/clue/jointer_ws/install/pi_pca9685_interfaces/include/pi_pca9685_interfaces/pi_pca9685_interfaces/action/detail/pca__builder.hpp
[0.923s] -- Up-to-date: /home/clue/jointer_ws/install/pi_pca9685_interfaces/include/pi_pca9685_interfaces/pi_pca9685_interfaces/action/detail/pca__struct.hpp
[0.924s] -- Up-to-date: /home/clue/jointer_ws/install/pi_pca9685_interfaces/include/pi_pca9685_interfaces/pi_pca9685_interfaces/action/pca.hpp
[0.924s] -- Up-to-date: /home/clue/jointer_ws/install/pi_pca9685_interfaces/include/pi_pca9685_interfaces/pi_pca9685_interfaces
[0.924s] -- Up-to-date: /home/clue/jointer_ws/install/pi_pca9685_interfaces/include/pi_pca9685_interfaces/pi_pca9685_interfaces/msg
[0.924s] -- Up-to-date: /home/clue/jointer_ws/install/pi_pca9685_interfaces/include/pi_pca9685_interfaces/pi_pca9685_interfaces/msg/rosidl_typesupport_fastrtps_cpp__visibility_control.h
[0.924s] -- Up-to-date: /home/clue/jointer_ws/install/pi_pca9685_interfaces/include/pi_pca9685_interfaces/pi_pca9685_interfaces/action
[0.924s] -- Up-to-date: /home/clue/jointer_ws/install/pi_pca9685_interfaces/include/pi_pca9685_interfaces/pi_pca9685_interfaces/action/detail
[0.924s] -- Up-to-date: /home/clue/jointer_ws/install/pi_pca9685_interfaces/include/pi_pca9685_interfaces/pi_pca9685_interfaces/action/detail/dds_fastrtps
[0.925s] -- Up-to-date: /home/clue/jointer_ws/install/pi_pca9685_interfaces/include/pi_pca9685_interfaces/pi_pca9685_interfaces/action/detail/pca__rosidl_typesupport_fastrtps_cpp.hpp
[0.925s] -- Up-to-date: /home/clue/jointer_ws/install/pi_pca9685_interfaces/lib/libpi_pca9685_interfaces__rosidl_typesupport_fastrtps_cpp.so
[0.925s] -- Up-to-date: /home/clue/jointer_ws/install/pi_pca9685_interfaces/include/pi_pca9685_interfaces/pi_pca9685_interfaces
[0.925s] -- Up-to-date: /home/clue/jointer_ws/install/pi_pca9685_interfaces/include/pi_pca9685_interfaces/pi_pca9685_interfaces/action
[0.925s] -- Up-to-date: /home/clue/jointer_ws/install/pi_pca9685_interfaces/include/pi_pca9685_interfaces/pi_pca9685_interfaces/action/detail
[0.925s] -- Up-to-date: /home/clue/jointer_ws/install/pi_pca9685_interfaces/include/pi_pca9685_interfaces/pi_pca9685_interfaces/action/detail/pca__type_support.cpp
[0.925s] -- Up-to-date: /home/clue/jointer_ws/install/pi_pca9685_interfaces/include/pi_pca9685_interfaces/pi_pca9685_interfaces/action/detail/pca__rosidl_typesupport_introspection_cpp.hpp
[0.926s] -- Up-to-date: /home/clue/jointer_ws/install/pi_pca9685_interfaces/lib/libpi_pca9685_interfaces__rosidl_typesupport_introspection_cpp.so
[0.926s] -- Up-to-date: /home/clue/jointer_ws/install/pi_pca9685_interfaces/lib/libpi_pca9685_interfaces__rosidl_typesupport_cpp.so
[0.926s] -- Up-to-date: /home/clue/jointer_ws/install/pi_pca9685_interfaces/share/pi_pca9685_interfaces/environment/pythonpath.sh
[0.926s] -- Up-to-date: /home/clue/jointer_ws/install/pi_pca9685_interfaces/share/pi_pca9685_interfaces/environment/pythonpath.dsv
[0.926s] -- Up-to-date: /home/clue/jointer_ws/install/pi_pca9685_interfaces/local/lib/python3.10/dist-packages/pi_pca9685_interfaces-0.7.0-py3.10.egg-info
[0.927s] -- Installing: /home/clue/jointer_ws/install/pi_pca9685_interfaces/local/lib/python3.10/dist-packages/pi_pca9685_interfaces-0.7.0-py3.10.egg-info/PKG-INFO
[0.927s] -- Installing: /home/clue/jointer_ws/install/pi_pca9685_interfaces/local/lib/python3.10/dist-packages/pi_pca9685_interfaces-0.7.0-py3.10.egg-info/SOURCES.txt
[0.927s] -- Installing: /home/clue/jointer_ws/install/pi_pca9685_interfaces/local/lib/python3.10/dist-packages/pi_pca9685_interfaces-0.7.0-py3.10.egg-info/top_level.txt
[0.927s] -- Installing: /home/clue/jointer_ws/install/pi_pca9685_interfaces/local/lib/python3.10/dist-packages/pi_pca9685_interfaces-0.7.0-py3.10.egg-info/dependency_links.txt
[0.927s] -- Up-to-date: /home/clue/jointer_ws/install/pi_pca9685_interfaces/local/lib/python3.10/dist-packages/pi_pca9685_interfaces
[0.927s] -- Up-to-date: /home/clue/jointer_ws/install/pi_pca9685_interfaces/local/lib/python3.10/dist-packages/pi_pca9685_interfaces/pi_pca9685_interfaces_s__rosidl_typesupport_c.cpython-310-x86_64-linux-gnu.so
[0.927s] -- Up-to-date: /home/clue/jointer_ws/install/pi_pca9685_interfaces/local/lib/python3.10/dist-packages/pi_pca9685_interfaces/_pi_pca9685_interfaces_s.ep.rosidl_typesupport_introspection_c.c
[0.927s] -- Up-to-date: /home/clue/jointer_ws/install/pi_pca9685_interfaces/local/lib/python3.10/dist-packages/pi_pca9685_interfaces/pi_pca9685_interfaces_s__rosidl_typesupport_introspection_c.cpython-310-x86_64-linux-gnu.so
[0.927s] -- Up-to-date: /home/clue/jointer_ws/install/pi_pca9685_interfaces/local/lib/python3.10/dist-packages/pi_pca9685_interfaces/action
[0.927s] -- Up-to-date: /home/clue/jointer_ws/install/pi_pca9685_interfaces/local/lib/python3.10/dist-packages/pi_pca9685_interfaces/action/_pca_s.c
[0.927s] -- Up-to-date: /home/clue/jointer_ws/install/pi_pca9685_interfaces/local/lib/python3.10/dist-packages/pi_pca9685_interfaces/action/_pca.py
[0.928s] -- Up-to-date: /home/clue/jointer_ws/install/pi_pca9685_interfaces/local/lib/python3.10/dist-packages/pi_pca9685_interfaces/action/__init__.py
[0.928s] -- Up-to-date: /home/clue/jointer_ws/install/pi_pca9685_interfaces/local/lib/python3.10/dist-packages/pi_pca9685_interfaces/pi_pca9685_interfaces_s__rosidl_typesupport_fastrtps_c.cpython-310-x86_64-linux-gnu.so
[0.928s] -- Up-to-date: /home/clue/jointer_ws/install/pi_pca9685_interfaces/local/lib/python3.10/dist-packages/pi_pca9685_interfaces/__init__.py
[0.928s] -- Up-to-date: /home/clue/jointer_ws/install/pi_pca9685_interfaces/local/lib/python3.10/dist-packages/pi_pca9685_interfaces/libpi_pca9685_interfaces__rosidl_generator_py.so
[0.928s] -- Up-to-date: /home/clue/jointer_ws/install/pi_pca9685_interfaces/local/lib/python3.10/dist-packages/pi_pca9685_interfaces/_pi_pca9685_interfaces_s.ep.rosidl_typesupport_c.c
[0.928s] -- Up-to-date: /home/clue/jointer_ws/install/pi_pca9685_interfaces/local/lib/python3.10/dist-packages/pi_pca9685_interfaces/_pi_pca9685_interfaces_s.ep.rosidl_typesupport_fastrtps_c.c
[0.964s] Listing '/home/clue/jointer_ws/install/pi_pca9685_interfaces/local/lib/python3.10/dist-packages/pi_pca9685_interfaces'...
[0.964s] Listing '/home/clue/jointer_ws/install/pi_pca9685_interfaces/local/lib/python3.10/dist-packages/pi_pca9685_interfaces/action'...
[0.969s] -- Up-to-date: /home/clue/jointer_ws/install/pi_pca9685_interfaces/local/lib/python3.10/dist-packages/pi_pca9685_interfaces/pi_pca9685_interfaces_s__rosidl_typesupport_fastrtps_c.cpython-310-x86_64-linux-gnu.so
[0.970s] -- Up-to-date: /home/clue/jointer_ws/install/pi_pca9685_interfaces/local/lib/python3.10/dist-packages/pi_pca9685_interfaces/pi_pca9685_interfaces_s__rosidl_typesupport_introspection_c.cpython-310-x86_64-linux-gnu.so
[0.971s] -- Up-to-date: /home/clue/jointer_ws/install/pi_pca9685_interfaces/local/lib/python3.10/dist-packages/pi_pca9685_interfaces/pi_pca9685_interfaces_s__rosidl_typesupport_c.cpython-310-x86_64-linux-gnu.so
[0.971s] -- Up-to-date: /home/clue/jointer_ws/install/pi_pca9685_interfaces/lib/libpi_pca9685_interfaces__rosidl_generator_py.so
[0.971s] -- Up-to-date: /home/clue/jointer_ws/install/pi_pca9685_interfaces/share/pi_pca9685_interfaces/action/PCA.idl
[0.972s] -- Up-to-date: /home/clue/jointer_ws/install/pi_pca9685_interfaces/share/pi_pca9685_interfaces/action/PCA.action
[0.972s] -- Up-to-date: /home/clue/jointer_ws/install/pi_pca9685_interfaces/share/ament_index/resource_index/package_run_dependencies/pi_pca9685_interfaces
[0.972s] -- Up-to-date: /home/clue/jointer_ws/install/pi_pca9685_interfaces/share/ament_index/resource_index/parent_prefix_path/pi_pca9685_interfaces
[0.972s] -- Up-to-date: /home/clue/jointer_ws/install/pi_pca9685_interfaces/share/pi_pca9685_interfaces/environment/ament_prefix_path.sh
[0.972s] -- Up-to-date: /home/clue/jointer_ws/install/pi_pca9685_interfaces/share/pi_pca9685_interfaces/environment/ament_prefix_path.dsv
[0.973s] -- Up-to-date: /home/clue/jointer_ws/install/pi_pca9685_interfaces/share/pi_pca9685_interfaces/environment/path.sh
[0.973s] -- Up-to-date: /home/clue/jointer_ws/install/pi_pca9685_interfaces/share/pi_pca9685_interfaces/environment/path.dsv
[0.973s] -- Up-to-date: /home/clue/jointer_ws/install/pi_pca9685_interfaces/share/pi_pca9685_interfaces/local_setup.bash
[0.973s] -- Up-to-date: /home/clue/jointer_ws/install/pi_pca9685_interfaces/share/pi_pca9685_interfaces/local_setup.sh
[0.973s] -- Up-to-date: /home/clue/jointer_ws/install/pi_pca9685_interfaces/share/pi_pca9685_interfaces/local_setup.zsh
[0.974s] -- Up-to-date: /home/clue/jointer_ws/install/pi_pca9685_interfaces/share/pi_pca9685_interfaces/local_setup.dsv
[0.974s] -- Installing: /home/clue/jointer_ws/install/pi_pca9685_interfaces/share/pi_pca9685_interfaces/package.dsv
[0.974s] -- Up-to-date: /home/clue/jointer_ws/install/pi_pca9685_interfaces/share/ament_index/resource_index/packages/pi_pca9685_interfaces
[0.974s] -- Up-to-date: /home/clue/jointer_ws/install/pi_pca9685_interfaces/share/pi_pca9685_interfaces/cmake/export_pi_pca9685_interfaces__rosidl_generator_cExport.cmake
[0.974s] -- Up-to-date: /home/clue/jointer_ws/install/pi_pca9685_interfaces/share/pi_pca9685_interfaces/cmake/export_pi_pca9685_interfaces__rosidl_generator_cExport-noconfig.cmake
[0.974s] -- Up-to-date: /home/clue/jointer_ws/install/pi_pca9685_interfaces/share/pi_pca9685_interfaces/cmake/export_pi_pca9685_interfaces__rosidl_typesupport_fastrtps_cExport.cmake
[0.975s] -- Up-to-date: /home/clue/jointer_ws/install/pi_pca9685_interfaces/share/pi_pca9685_interfaces/cmake/export_pi_pca9685_interfaces__rosidl_typesupport_fastrtps_cExport-noconfig.cmake
[0.975s] -- Up-to-date: /home/clue/jointer_ws/install/pi_pca9685_interfaces/share/pi_pca9685_interfaces/cmake/pi_pca9685_interfaces__rosidl_typesupport_introspection_cExport.cmake
[0.975s] -- Up-to-date: /home/clue/jointer_ws/install/pi_pca9685_interfaces/share/pi_pca9685_interfaces/cmake/pi_pca9685_interfaces__rosidl_typesupport_introspection_cExport-noconfig.cmake
[0.975s] -- Up-to-date: /home/clue/jointer_ws/install/pi_pca9685_interfaces/share/pi_pca9685_interfaces/cmake/pi_pca9685_interfaces__rosidl_typesupport_cExport.cmake
[0.976s] -- Up-to-date: /home/clue/jointer_ws/install/pi_pca9685_interfaces/share/pi_pca9685_interfaces/cmake/pi_pca9685_interfaces__rosidl_typesupport_cExport-noconfig.cmake
[0.976s] -- Up-to-date: /home/clue/jointer_ws/install/pi_pca9685_interfaces/share/pi_pca9685_interfaces/cmake/export_pi_pca9685_interfaces__rosidl_generator_cppExport.cmake
[0.976s] -- Up-to-date: /home/clue/jointer_ws/install/pi_pca9685_interfaces/share/pi_pca9685_interfaces/cmake/export_pi_pca9685_interfaces__rosidl_typesupport_fastrtps_cppExport.cmake
[0.976s] -- Up-to-date: /home/clue/jointer_ws/install/pi_pca9685_interfaces/share/pi_pca9685_interfaces/cmake/export_pi_pca9685_interfaces__rosidl_typesupport_fastrtps_cppExport-noconfig.cmake
[0.976s] -- Up-to-date: /home/clue/jointer_ws/install/pi_pca9685_interfaces/share/pi_pca9685_interfaces/cmake/pi_pca9685_interfaces__rosidl_typesupport_introspection_cppExport.cmake
[0.976s] -- Up-to-date: /home/clue/jointer_ws/install/pi_pca9685_interfaces/share/pi_pca9685_interfaces/cmake/pi_pca9685_interfaces__rosidl_typesupport_introspection_cppExport-noconfig.cmake
[0.976s] -- Up-to-date: /home/clue/jointer_ws/install/pi_pca9685_interfaces/share/pi_pca9685_interfaces/cmake/pi_pca9685_interfaces__rosidl_typesupport_cppExport.cmake
[0.976s] -- Up-to-date: /home/clue/jointer_ws/install/pi_pca9685_interfaces/share/pi_pca9685_interfaces/cmake/pi_pca9685_interfaces__rosidl_typesupport_cppExport-noconfig.cmake
[0.977s] -- Up-to-date: /home/clue/jointer_ws/install/pi_pca9685_interfaces/share/pi_pca9685_interfaces/cmake/export_pi_pca9685_interfaces__rosidl_generator_pyExport.cmake
[0.977s] -- Up-to-date: /home/clue/jointer_ws/install/pi_pca9685_interfaces/share/pi_pca9685_interfaces/cmake/export_pi_pca9685_interfaces__rosidl_generator_pyExport-noconfig.cmake
[0.977s] -- Up-to-date: /home/clue/jointer_ws/install/pi_pca9685_interfaces/share/pi_pca9685_interfaces/cmake/rosidl_cmake-extras.cmake
[0.977s] -- Up-to-date: /home/clue/jointer_ws/install/pi_pca9685_interfaces/share/pi_pca9685_interfaces/cmake/ament_cmake_export_dependencies-extras.cmake
[0.977s] -- Up-to-date: /home/clue/jointer_ws/install/pi_pca9685_interfaces/share/pi_pca9685_interfaces/cmake/ament_cmake_export_include_directories-extras.cmake
[0.977s] -- Up-to-date: /home/clue/jointer_ws/install/pi_pca9685_interfaces/share/pi_pca9685_interfaces/cmake/ament_cmake_export_libraries-extras.cmake
[0.977s] -- Up-to-date: /home/clue/jointer_ws/install/pi_pca9685_interfaces/share/pi_pca9685_interfaces/cmake/ament_cmake_export_targets-extras.cmake
[0.977s] -- Up-to-date: /home/clue/jointer_ws/install/pi_pca9685_interfaces/share/pi_pca9685_interfaces/cmake/rosidl_cmake_export_typesupport_targets-extras.cmake
[0.978s] -- Up-to-date: /home/clue/jointer_ws/install/pi_pca9685_interfaces/share/pi_pca9685_interfaces/cmake/rosidl_cmake_export_typesupport_libraries-extras.cmake
[0.978s] -- Up-to-date: /home/clue/jointer_ws/install/pi_pca9685_interfaces/share/pi_pca9685_interfaces/cmake/pi_pca9685_interfacesConfig.cmake
[0.978s] -- Up-to-date: /home/clue/jointer_ws/install/pi_pca9685_interfaces/share/pi_pca9685_interfaces/cmake/pi_pca9685_interfacesConfig-version.cmake
[0.978s] -- Up-to-date: /home/clue/jointer_ws/install/pi_pca9685_interfaces/share/pi_pca9685_interfaces/package.xml
[0.979s] Invoked command in '/home/clue/jointer_ws/build/pi_pca9685_interfaces' returned '0': CMAKE_PREFIX_PATH=${CMAKE_PREFIX_PATH}:/home/clue/jointer_ws/install/pi_pca9685:/opt/ros/humble /usr/bin/cmake --install /home/clue/jointer_ws/build/pi_pca9685_interfaces
