[0.348s] Invoking command in '/home/clue/jointer_ws/build/pi_pca9685_interfaces': CMAKE_PREFIX_PATH=/opt/ros/humble /usr/bin/cmake --build /home/clue/jointer_ws/build/pi_pca9685_interfaces -- -j8 -l8
[0.420s] [  3%] Built target pi_pca9685_interfaces__cpp
[0.422s] [ 12%] Built target pi_pca9685_interfaces__rosidl_generator_c
[0.437s] [ 12%] Built target ament_cmake_python_copy_pi_pca9685_interfaces
[0.462s] [ 22%] Built target pi_pca9685_interfaces__rosidl_typesupport_cpp
[0.463s] [ 32%] Built target pi_pca9685_interfaces__rosidl_typesupport_introspection_c
[0.465s] [ 51%] Built target pi_pca9685_interfaces__rosidl_typesupport_fastrtps_c
[0.465s] [ 51%] Built target pi_pca9685_interfaces__rosidl_typesupport_introspection_cpp
[0.468s] [ 61%] Built target pi_pca9685_interfaces__rosidl_typesupport_fastrtps_cpp
[0.474s] [ 70%] Built target pi_pca9685_interfaces__rosidl_typesupport_c
[0.498s] [ 70%] Built target pi_pca9685_interfaces
[0.521s] [ 74%] Built target pi_pca9685_interfaces__py
[0.549s] [ 80%] Built target pi_pca9685_interfaces__rosidl_generator_py
[0.578s] [ 87%] Built target pi_pca9685_interfaces__rosidl_typesupport_c__pyext
[0.583s] [ 93%] Built target pi_pca9685_interfaces__rosidl_typesupport_fastrtps_c__pyext
[0.585s] [100%] Built target pi_pca9685_interfaces__rosidl_typesupport_introspection_c__pyext
[0.819s] running egg_info
[0.820s] writing pi_pca9685_interfaces.egg-info/PKG-INFO
[0.820s] writing dependency_links to pi_pca9685_interfaces.egg-info/dependency_links.txt
[0.820s] writing top-level names to pi_pca9685_interfaces.egg-info/top_level.txt
[0.823s] reading manifest file 'pi_pca9685_interfaces.egg-info/SOURCES.txt'
[0.824s] writing manifest file 'pi_pca9685_interfaces.egg-info/SOURCES.txt'
[0.857s] [100%] Built target ament_cmake_python_build_pi_pca9685_interfaces_egg
[0.871s] Invoked command in '/home/clue/jointer_ws/build/pi_pca9685_interfaces' returned '0': CMAKE_PREFIX_PATH=/opt/ros/humble /usr/bin/cmake --build /home/clue/jointer_ws/build/pi_pca9685_interfaces -- -j8 -l8
[0.946s] Invoking command in '/home/clue/jointer_ws/build/pi_pca9685_interfaces': CMAKE_PREFIX_PATH=/opt/ros/humble /usr/bin/cmake --install /home/clue/jointer_ws/build/pi_pca9685_interfaces
[0.962s] -- Install configuration: ""
[0.962s] -- Up-to-date: /home/clue/jointer_ws/install/pi_pca9685_interfaces/share/ament_index/resource_index/rosidl_interfaces/pi_pca9685_interfaces
[0.963s] -- Up-to-date: /home/clue/jointer_ws/install/pi_pca9685_interfaces/include/pi_pca9685_interfaces/pi_pca9685_interfaces
[0.963s] -- Up-to-date: /home/clue/jointer_ws/install/pi_pca9685_interfaces/include/pi_pca9685_interfaces/pi_pca9685_interfaces/msg
[0.963s] -- Up-to-date: /home/clue/jointer_ws/install/pi_pca9685_interfaces/include/pi_pca9685_interfaces/pi_pca9685_interfaces/msg/rosidl_generator_c__visibility_control.h
[0.963s] -- Up-to-date: /home/clue/jointer_ws/install/pi_pca9685_interfaces/include/pi_pca9685_interfaces/pi_pca9685_interfaces/action
[0.963s] -- Up-to-date: /home/clue/jointer_ws/install/pi_pca9685_interfaces/include/pi_pca9685_interfaces/pi_pca9685_interfaces/action/detail
[0.963s] -- Up-to-date: /home/clue/jointer_ws/install/pi_pca9685_interfaces/include/pi_pca9685_interfaces/pi_pca9685_interfaces/action/detail/pca__functions.h
[0.963s] -- Up-to-date: /home/clue/jointer_ws/install/pi_pca9685_interfaces/include/pi_pca9685_interfaces/pi_pca9685_interfaces/action/detail/pca__type_support.h
[0.963s] -- Up-to-date: /home/clue/jointer_ws/install/pi_pca9685_interfaces/include/pi_pca9685_interfaces/pi_pca9685_interfaces/action/detail/pca__struct.h
[0.964s] -- Up-to-date: /home/clue/jointer_ws/install/pi_pca9685_interfaces/include/pi_pca9685_interfaces/pi_pca9685_interfaces/action/detail/pca__functions.c
[0.964s] -- Up-to-date: /home/clue/jointer_ws/install/pi_pca9685_interfaces/include/pi_pca9685_interfaces/pi_pca9685_interfaces/action/pca.h
[0.964s] -- Up-to-date: /home/clue/jointer_ws/install/pi_pca9685_interfaces/share/pi_pca9685_interfaces/environment/library_path.sh
[0.964s] -- Up-to-date: /home/clue/jointer_ws/install/pi_pca9685_interfaces/share/pi_pca9685_interfaces/environment/library_path.dsv
[0.964s] -- Up-to-date: /home/clue/jointer_ws/install/pi_pca9685_interfaces/lib/libpi_pca9685_interfaces__rosidl_generator_c.so
[0.964s] -- Up-to-date: /home/clue/jointer_ws/install/pi_pca9685_interfaces/include/pi_pca9685_interfaces/pi_pca9685_interfaces
[0.964s] -- Up-to-date: /home/clue/jointer_ws/install/pi_pca9685_interfaces/include/pi_pca9685_interfaces/pi_pca9685_interfaces/msg
[0.964s] -- Up-to-date: /home/clue/jointer_ws/install/pi_pca9685_interfaces/include/pi_pca9685_interfaces/pi_pca9685_interfaces/msg/rosidl_typesupport_fastrtps_c__visibility_control.h
[0.965s] -- Up-to-date: /home/clue/jointer_ws/install/pi_pca9685_interfaces/include/pi_pca9685_interfaces/pi_pca9685_interfaces/action
[0.965s] -- Up-to-date: /home/clue/jointer_ws/install/pi_pca9685_interfaces/include/pi_pca9685_interfaces/pi_pca9685_interfaces/action/detail
[0.965s] -- Up-to-date: /home/clue/jointer_ws/install/pi_pca9685_interfaces/include/pi_pca9685_interfaces/pi_pca9685_interfaces/action/detail/pca__rosidl_typesupport_fastrtps_c.h
[0.965s] -- Up-to-date: /home/clue/jointer_ws/install/pi_pca9685_interfaces/lib/libpi_pca9685_interfaces__rosidl_typesupport_fastrtps_c.so
[0.965s] -- Up-to-date: /home/clue/jointer_ws/install/pi_pca9685_interfaces/include/pi_pca9685_interfaces/pi_pca9685_interfaces
[0.965s] -- Up-to-date: /home/clue/jointer_ws/install/pi_pca9685_interfaces/include/pi_pca9685_interfaces/pi_pca9685_interfaces/msg
[0.965s] -- Up-to-date: /home/clue/jointer_ws/install/pi_pca9685_interfaces/include/pi_pca9685_interfaces/pi_pca9685_interfaces/msg/rosidl_typesupport_introspection_c__visibility_control.h
[0.966s] -- Up-to-date: /home/clue/jointer_ws/install/pi_pca9685_interfaces/include/pi_pca9685_interfaces/pi_pca9685_interfaces/action
[0.966s] -- Up-to-date: /home/clue/jointer_ws/install/pi_pca9685_interfaces/include/pi_pca9685_interfaces/pi_pca9685_interfaces/action/detail
[0.966s] -- Up-to-date: /home/clue/jointer_ws/install/pi_pca9685_interfaces/include/pi_pca9685_interfaces/pi_pca9685_interfaces/action/detail/pca__type_support.c
[0.966s] -- Up-to-date: /home/clue/jointer_ws/install/pi_pca9685_interfaces/include/pi_pca9685_interfaces/pi_pca9685_interfaces/action/detail/pca__rosidl_typesupport_introspection_c.h
[0.966s] -- Up-to-date: /home/clue/jointer_ws/install/pi_pca9685_interfaces/lib/libpi_pca9685_interfaces__rosidl_typesupport_introspection_c.so
[0.967s] -- Up-to-date: /home/clue/jointer_ws/install/pi_pca9685_interfaces/lib/libpi_pca9685_interfaces__rosidl_typesupport_c.so
[0.967s] -- Up-to-date: /home/clue/jointer_ws/install/pi_pca9685_interfaces/include/pi_pca9685_interfaces/pi_pca9685_interfaces
[0.967s] -- Up-to-date: /home/clue/jointer_ws/install/pi_pca9685_interfaces/include/pi_pca9685_interfaces/pi_pca9685_interfaces/action
[0.967s] -- Up-to-date: /home/clue/jointer_ws/install/pi_pca9685_interfaces/include/pi_pca9685_interfaces/pi_pca9685_interfaces/action/detail
[0.968s] -- Up-to-date: /home/clue/jointer_ws/install/pi_pca9685_interfaces/include/pi_pca9685_interfaces/pi_pca9685_interfaces/action/detail/pca__traits.hpp
[0.968s] -- Up-to-date: /home/clue/jointer_ws/install/pi_pca9685_interfaces/include/pi_pca9685_interfaces/pi_pca9685_interfaces/action/detail/pca__builder.hpp
[0.968s] -- Up-to-date: /home/clue/jointer_ws/install/pi_pca9685_interfaces/include/pi_pca9685_interfaces/pi_pca9685_interfaces/action/detail/pca__struct.hpp
[0.968s] -- Up-to-date: /home/clue/jointer_ws/install/pi_pca9685_interfaces/include/pi_pca9685_interfaces/pi_pca9685_interfaces/action/pca.hpp
[0.968s] -- Up-to-date: /home/clue/jointer_ws/install/pi_pca9685_interfaces/include/pi_pca9685_interfaces/pi_pca9685_interfaces
[0.968s] -- Up-to-date: /home/clue/jointer_ws/install/pi_pca9685_interfaces/include/pi_pca9685_interfaces/pi_pca9685_interfaces/msg
[0.968s] -- Up-to-date: /home/clue/jointer_ws/install/pi_pca9685_interfaces/include/pi_pca9685_interfaces/pi_pca9685_interfaces/msg/rosidl_typesupport_fastrtps_cpp__visibility_control.h
[0.969s] -- Up-to-date: /home/clue/jointer_ws/install/pi_pca9685_interfaces/include/pi_pca9685_interfaces/pi_pca9685_interfaces/action
[0.969s] -- Up-to-date: /home/clue/jointer_ws/install/pi_pca9685_interfaces/include/pi_pca9685_interfaces/pi_pca9685_interfaces/action/detail
[0.969s] -- Up-to-date: /home/clue/jointer_ws/install/pi_pca9685_interfaces/include/pi_pca9685_interfaces/pi_pca9685_interfaces/action/detail/dds_fastrtps
[0.969s] -- Up-to-date: /home/clue/jointer_ws/install/pi_pca9685_interfaces/include/pi_pca9685_interfaces/pi_pca9685_interfaces/action/detail/pca__rosidl_typesupport_fastrtps_cpp.hpp
[0.969s] -- Up-to-date: /home/clue/jointer_ws/install/pi_pca9685_interfaces/lib/libpi_pca9685_interfaces__rosidl_typesupport_fastrtps_cpp.so
[0.969s] -- Up-to-date: /home/clue/jointer_ws/install/pi_pca9685_interfaces/include/pi_pca9685_interfaces/pi_pca9685_interfaces
[0.969s] -- Up-to-date: /home/clue/jointer_ws/install/pi_pca9685_interfaces/include/pi_pca9685_interfaces/pi_pca9685_interfaces/action
[0.969s] -- Up-to-date: /home/clue/jointer_ws/install/pi_pca9685_interfaces/include/pi_pca9685_interfaces/pi_pca9685_interfaces/action/detail
[0.969s] -- Up-to-date: /home/clue/jointer_ws/install/pi_pca9685_interfaces/include/pi_pca9685_interfaces/pi_pca9685_interfaces/action/detail/pca__type_support.cpp
[0.969s] -- Up-to-date: /home/clue/jointer_ws/install/pi_pca9685_interfaces/include/pi_pca9685_interfaces/pi_pca9685_interfaces/action/detail/pca__rosidl_typesupport_introspection_cpp.hpp
[0.970s] -- Up-to-date: /home/clue/jointer_ws/install/pi_pca9685_interfaces/lib/libpi_pca9685_interfaces__rosidl_typesupport_introspection_cpp.so
[0.970s] -- Up-to-date: /home/clue/jointer_ws/install/pi_pca9685_interfaces/lib/libpi_pca9685_interfaces__rosidl_typesupport_cpp.so
[0.970s] -- Up-to-date: /home/clue/jointer_ws/install/pi_pca9685_interfaces/share/pi_pca9685_interfaces/environment/pythonpath.sh
[0.970s] -- Up-to-date: /home/clue/jointer_ws/install/pi_pca9685_interfaces/share/pi_pca9685_interfaces/environment/pythonpath.dsv
[0.970s] -- Up-to-date: /home/clue/jointer_ws/install/pi_pca9685_interfaces/local/lib/python3.10/dist-packages/pi_pca9685_interfaces-0.7.0-py3.10.egg-info
[0.971s] -- Installing: /home/clue/jointer_ws/install/pi_pca9685_interfaces/local/lib/python3.10/dist-packages/pi_pca9685_interfaces-0.7.0-py3.10.egg-info/PKG-INFO
[0.971s] -- Installing: /home/clue/jointer_ws/install/pi_pca9685_interfaces/local/lib/python3.10/dist-packages/pi_pca9685_interfaces-0.7.0-py3.10.egg-info/SOURCES.txt
[0.971s] -- Installing: /home/clue/jointer_ws/install/pi_pca9685_interfaces/local/lib/python3.10/dist-packages/pi_pca9685_interfaces-0.7.0-py3.10.egg-info/top_level.txt
[0.971s] -- Installing: /home/clue/jointer_ws/install/pi_pca9685_interfaces/local/lib/python3.10/dist-packages/pi_pca9685_interfaces-0.7.0-py3.10.egg-info/dependency_links.txt
[0.971s] -- Up-to-date: /home/clue/jointer_ws/install/pi_pca9685_interfaces/local/lib/python3.10/dist-packages/pi_pca9685_interfaces
[0.972s] -- Up-to-date: /home/clue/jointer_ws/install/pi_pca9685_interfaces/local/lib/python3.10/dist-packages/pi_pca9685_interfaces/pi_pca9685_interfaces_s__rosidl_typesupport_c.cpython-310-x86_64-linux-gnu.so
[0.972s] -- Up-to-date: /home/clue/jointer_ws/install/pi_pca9685_interfaces/local/lib/python3.10/dist-packages/pi_pca9685_interfaces/_pi_pca9685_interfaces_s.ep.rosidl_typesupport_introspection_c.c
[0.972s] -- Up-to-date: /home/clue/jointer_ws/install/pi_pca9685_interfaces/local/lib/python3.10/dist-packages/pi_pca9685_interfaces/pi_pca9685_interfaces_s__rosidl_typesupport_introspection_c.cpython-310-x86_64-linux-gnu.so
[0.972s] -- Up-to-date: /home/clue/jointer_ws/install/pi_pca9685_interfaces/local/lib/python3.10/dist-packages/pi_pca9685_interfaces/action
[0.972s] -- Up-to-date: /home/clue/jointer_ws/install/pi_pca9685_interfaces/local/lib/python3.10/dist-packages/pi_pca9685_interfaces/action/_pca_s.c
[0.972s] -- Up-to-date: /home/clue/jointer_ws/install/pi_pca9685_interfaces/local/lib/python3.10/dist-packages/pi_pca9685_interfaces/action/_pca.py
[0.972s] -- Up-to-date: /home/clue/jointer_ws/install/pi_pca9685_interfaces/local/lib/python3.10/dist-packages/pi_pca9685_interfaces/action/__init__.py
[0.972s] -- Up-to-date: /home/clue/jointer_ws/install/pi_pca9685_interfaces/local/lib/python3.10/dist-packages/pi_pca9685_interfaces/pi_pca9685_interfaces_s__rosidl_typesupport_fastrtps_c.cpython-310-x86_64-linux-gnu.so
[0.973s] -- Up-to-date: /home/clue/jointer_ws/install/pi_pca9685_interfaces/local/lib/python3.10/dist-packages/pi_pca9685_interfaces/__init__.py
[0.973s] -- Up-to-date: /home/clue/jointer_ws/install/pi_pca9685_interfaces/local/lib/python3.10/dist-packages/pi_pca9685_interfaces/libpi_pca9685_interfaces__rosidl_generator_py.so
[0.973s] -- Up-to-date: /home/clue/jointer_ws/install/pi_pca9685_interfaces/local/lib/python3.10/dist-packages/pi_pca9685_interfaces/_pi_pca9685_interfaces_s.ep.rosidl_typesupport_c.c
[0.973s] -- Up-to-date: /home/clue/jointer_ws/install/pi_pca9685_interfaces/local/lib/python3.10/dist-packages/pi_pca9685_interfaces/_pi_pca9685_interfaces_s.ep.rosidl_typesupport_fastrtps_c.c
[1.009s] Listing '/home/clue/jointer_ws/install/pi_pca9685_interfaces/local/lib/python3.10/dist-packages/pi_pca9685_interfaces'...
[1.009s] Listing '/home/clue/jointer_ws/install/pi_pca9685_interfaces/local/lib/python3.10/dist-packages/pi_pca9685_interfaces/action'...
[1.014s] -- Up-to-date: /home/clue/jointer_ws/install/pi_pca9685_interfaces/local/lib/python3.10/dist-packages/pi_pca9685_interfaces/pi_pca9685_interfaces_s__rosidl_typesupport_fastrtps_c.cpython-310-x86_64-linux-gnu.so
[1.015s] -- Up-to-date: /home/clue/jointer_ws/install/pi_pca9685_interfaces/local/lib/python3.10/dist-packages/pi_pca9685_interfaces/pi_pca9685_interfaces_s__rosidl_typesupport_introspection_c.cpython-310-x86_64-linux-gnu.so
[1.016s] -- Up-to-date: /home/clue/jointer_ws/install/pi_pca9685_interfaces/local/lib/python3.10/dist-packages/pi_pca9685_interfaces/pi_pca9685_interfaces_s__rosidl_typesupport_c.cpython-310-x86_64-linux-gnu.so
[1.017s] -- Up-to-date: /home/clue/jointer_ws/install/pi_pca9685_interfaces/lib/libpi_pca9685_interfaces__rosidl_generator_py.so
[1.017s] -- Up-to-date: /home/clue/jointer_ws/install/pi_pca9685_interfaces/share/pi_pca9685_interfaces/action/PCA.idl
[1.017s] -- Up-to-date: /home/clue/jointer_ws/install/pi_pca9685_interfaces/share/pi_pca9685_interfaces/action/PCA.action
[1.017s] -- Up-to-date: /home/clue/jointer_ws/install/pi_pca9685_interfaces/share/ament_index/resource_index/package_run_dependencies/pi_pca9685_interfaces
[1.017s] -- Up-to-date: /home/clue/jointer_ws/install/pi_pca9685_interfaces/share/ament_index/resource_index/parent_prefix_path/pi_pca9685_interfaces
[1.018s] -- Up-to-date: /home/clue/jointer_ws/install/pi_pca9685_interfaces/share/pi_pca9685_interfaces/environment/ament_prefix_path.sh
[1.018s] -- Up-to-date: /home/clue/jointer_ws/install/pi_pca9685_interfaces/share/pi_pca9685_interfaces/environment/ament_prefix_path.dsv
[1.018s] -- Up-to-date: /home/clue/jointer_ws/install/pi_pca9685_interfaces/share/pi_pca9685_interfaces/environment/path.sh
[1.018s] -- Up-to-date: /home/clue/jointer_ws/install/pi_pca9685_interfaces/share/pi_pca9685_interfaces/environment/path.dsv
[1.018s] -- Up-to-date: /home/clue/jointer_ws/install/pi_pca9685_interfaces/share/pi_pca9685_interfaces/local_setup.bash
[1.018s] -- Up-to-date: /home/clue/jointer_ws/install/pi_pca9685_interfaces/share/pi_pca9685_interfaces/local_setup.sh
[1.018s] -- Up-to-date: /home/clue/jointer_ws/install/pi_pca9685_interfaces/share/pi_pca9685_interfaces/local_setup.zsh
[1.018s] -- Up-to-date: /home/clue/jointer_ws/install/pi_pca9685_interfaces/share/pi_pca9685_interfaces/local_setup.dsv
[1.018s] -- Installing: /home/clue/jointer_ws/install/pi_pca9685_interfaces/share/pi_pca9685_interfaces/package.dsv
[1.019s] -- Up-to-date: /home/clue/jointer_ws/install/pi_pca9685_interfaces/share/ament_index/resource_index/packages/pi_pca9685_interfaces
[1.019s] -- Up-to-date: /home/clue/jointer_ws/install/pi_pca9685_interfaces/share/pi_pca9685_interfaces/cmake/export_pi_pca9685_interfaces__rosidl_generator_cExport.cmake
[1.019s] -- Up-to-date: /home/clue/jointer_ws/install/pi_pca9685_interfaces/share/pi_pca9685_interfaces/cmake/export_pi_pca9685_interfaces__rosidl_generator_cExport-noconfig.cmake
[1.019s] -- Up-to-date: /home/clue/jointer_ws/install/pi_pca9685_interfaces/share/pi_pca9685_interfaces/cmake/export_pi_pca9685_interfaces__rosidl_typesupport_fastrtps_cExport.cmake
[1.019s] -- Up-to-date: /home/clue/jointer_ws/install/pi_pca9685_interfaces/share/pi_pca9685_interfaces/cmake/export_pi_pca9685_interfaces__rosidl_typesupport_fastrtps_cExport-noconfig.cmake
[1.020s] -- Up-to-date: /home/clue/jointer_ws/install/pi_pca9685_interfaces/share/pi_pca9685_interfaces/cmake/pi_pca9685_interfaces__rosidl_typesupport_introspection_cExport.cmake
[1.020s] -- Up-to-date: /home/clue/jointer_ws/install/pi_pca9685_interfaces/share/pi_pca9685_interfaces/cmake/pi_pca9685_interfaces__rosidl_typesupport_introspection_cExport-noconfig.cmake
[1.020s] -- Up-to-date: /home/clue/jointer_ws/install/pi_pca9685_interfaces/share/pi_pca9685_interfaces/cmake/pi_pca9685_interfaces__rosidl_typesupport_cExport.cmake
[1.020s] -- Up-to-date: /home/clue/jointer_ws/install/pi_pca9685_interfaces/share/pi_pca9685_interfaces/cmake/pi_pca9685_interfaces__rosidl_typesupport_cExport-noconfig.cmake
[1.021s] -- Up-to-date: /home/clue/jointer_ws/install/pi_pca9685_interfaces/share/pi_pca9685_interfaces/cmake/export_pi_pca9685_interfaces__rosidl_generator_cppExport.cmake
[1.021s] -- Up-to-date: /home/clue/jointer_ws/install/pi_pca9685_interfaces/share/pi_pca9685_interfaces/cmake/export_pi_pca9685_interfaces__rosidl_typesupport_fastrtps_cppExport.cmake
[1.021s] -- Up-to-date: /home/clue/jointer_ws/install/pi_pca9685_interfaces/share/pi_pca9685_interfaces/cmake/export_pi_pca9685_interfaces__rosidl_typesupport_fastrtps_cppExport-noconfig.cmake
[1.022s] -- Up-to-date: /home/clue/jointer_ws/install/pi_pca9685_interfaces/share/pi_pca9685_interfaces/cmake/pi_pca9685_interfaces__rosidl_typesupport_introspection_cppExport.cmake
[1.022s] -- Up-to-date: /home/clue/jointer_ws/install/pi_pca9685_interfaces/share/pi_pca9685_interfaces/cmake/pi_pca9685_interfaces__rosidl_typesupport_introspection_cppExport-noconfig.cmake
[1.022s] -- Up-to-date: /home/clue/jointer_ws/install/pi_pca9685_interfaces/share/pi_pca9685_interfaces/cmake/pi_pca9685_interfaces__rosidl_typesupport_cppExport.cmake
[1.022s] -- Up-to-date: /home/clue/jointer_ws/install/pi_pca9685_interfaces/share/pi_pca9685_interfaces/cmake/pi_pca9685_interfaces__rosidl_typesupport_cppExport-noconfig.cmake
[1.023s] -- Up-to-date: /home/clue/jointer_ws/install/pi_pca9685_interfaces/share/pi_pca9685_interfaces/cmake/export_pi_pca9685_interfaces__rosidl_generator_pyExport.cmake
[1.023s] -- Up-to-date: /home/clue/jointer_ws/install/pi_pca9685_interfaces/share/pi_pca9685_interfaces/cmake/export_pi_pca9685_interfaces__rosidl_generator_pyExport-noconfig.cmake
[1.023s] -- Up-to-date: /home/clue/jointer_ws/install/pi_pca9685_interfaces/share/pi_pca9685_interfaces/cmake/rosidl_cmake-extras.cmake
[1.023s] -- Up-to-date: /home/clue/jointer_ws/install/pi_pca9685_interfaces/share/pi_pca9685_interfaces/cmake/ament_cmake_export_dependencies-extras.cmake
[1.023s] -- Up-to-date: /home/clue/jointer_ws/install/pi_pca9685_interfaces/share/pi_pca9685_interfaces/cmake/ament_cmake_export_include_directories-extras.cmake
[1.023s] -- Up-to-date: /home/clue/jointer_ws/install/pi_pca9685_interfaces/share/pi_pca9685_interfaces/cmake/ament_cmake_export_libraries-extras.cmake
[1.024s] -- Up-to-date: /home/clue/jointer_ws/install/pi_pca9685_interfaces/share/pi_pca9685_interfaces/cmake/ament_cmake_export_targets-extras.cmake
[1.024s] -- Up-to-date: /home/clue/jointer_ws/install/pi_pca9685_interfaces/share/pi_pca9685_interfaces/cmake/rosidl_cmake_export_typesupport_targets-extras.cmake
[1.024s] -- Up-to-date: /home/clue/jointer_ws/install/pi_pca9685_interfaces/share/pi_pca9685_interfaces/cmake/rosidl_cmake_export_typesupport_libraries-extras.cmake
[1.024s] -- Up-to-date: /home/clue/jointer_ws/install/pi_pca9685_interfaces/share/pi_pca9685_interfaces/cmake/pi_pca9685_interfacesConfig.cmake
[1.024s] -- Up-to-date: /home/clue/jointer_ws/install/pi_pca9685_interfaces/share/pi_pca9685_interfaces/cmake/pi_pca9685_interfacesConfig-version.cmake
[1.024s] -- Up-to-date: /home/clue/jointer_ws/install/pi_pca9685_interfaces/share/pi_pca9685_interfaces/package.xml
[1.026s] Invoked command in '/home/clue/jointer_ws/build/pi_pca9685_interfaces' returned '0': CMAKE_PREFIX_PATH=/opt/ros/humble /usr/bin/cmake --install /home/clue/jointer_ws/build/pi_pca9685_interfaces
