[0.161s] DEBUG:colcon:Command line arguments: ['/home/clue/.local/bin/colcon', 'build']
[0.161s] DEBUG:colcon:Parsed command line arguments: Namespace(log_base=None, log_level=None, verb_name='build', build_base='build', install_base='install', merge_install=False, symlink_install=False, test_result_base=None, continue_on_error=False, executor='parallel', parallel_workers=8, event_handlers=None, ignore_user_meta=False, metas=['./colcon.meta'], base_paths=['.'], packages_ignore=None, packages_ignore_regex=None, paths=None, packages_up_to=None, packages_up_to_regex=None, packages_above=None, packages_above_and_dependencies=None, packages_above_depth=None, packages_select_by_dep=None, packages_skip_by_dep=None, packages_skip_up_to=None, packages_select_build_failed=False, packages_skip_build_finished=False, packages_select_test_failures=False, packages_skip_test_passed=False, packages_select=None, packages_skip=None, packages_select_regex=None, packages_skip_regex=None, packages_start=None, packages_end=None, allow_overriding=[], cmake_args=None, cmake_target=None, cmake_target_skip_unavailable=False, cmake_clean_cache=False, cmake_clean_first=False, cmake_force_configure=False, ament_cmake_args=None, catkin_cmake_args=None, catkin_skip_building_tests=False, mixin_files=None, mixin=None, verb_parser=<colcon_mixin.mixin.mixin_argument.MixinArgumentDecorator object at 0x7ed2c98e4c40>, verb_extension=<colcon_core.verb.build.BuildVerb object at 0x7ed2c9a412d0>, main=<bound method BuildVerb.main of <colcon_core.verb.build.BuildVerb object at 0x7ed2c9a412d0>>, mixin_verb=('build',))
[0.366s] Level 1:colcon.colcon_core.package_discovery:discover_packages(colcon_meta) check parameters
[0.366s] Level 1:colcon.colcon_core.package_discovery:discover_packages(recursive) check parameters
[0.366s] Level 1:colcon.colcon_core.package_discovery:discover_packages(ignore) check parameters
[0.366s] Level 1:colcon.colcon_core.package_discovery:discover_packages(path) check parameters
[0.366s] Level 1:colcon.colcon_core.package_discovery:discover_packages(colcon_meta) discover
[0.366s] Level 1:colcon.colcon_core.package_discovery:discover_packages(recursive) discover
[0.366s] INFO:colcon.colcon_core.package_discovery:Crawling recursively for packages in '/home/clue/jointer_ws'
[0.366s] Level 1:colcon.colcon_core.package_identification:_identify(.) by extensions ['ignore', 'ignore_ament_install']
[0.366s] Level 1:colcon.colcon_core.package_identification:_identify(.) by extension 'ignore'
[0.366s] Level 1:colcon.colcon_core.package_identification:_identify(.) by extension 'ignore_ament_install'
[0.366s] Level 1:colcon.colcon_core.package_identification:_identify(.) by extensions ['colcon_pkg']
[0.366s] Level 1:colcon.colcon_core.package_identification:_identify(.) by extension 'colcon_pkg'
[0.366s] Level 1:colcon.colcon_core.package_identification:_identify(.) by extensions ['colcon_meta']
[0.367s] Level 1:colcon.colcon_core.package_identification:_identify(.) by extension 'colcon_meta'
[0.367s] Level 1:colcon.colcon_core.package_identification:_identify(.) by extensions ['ros']
[0.367s] Level 1:colcon.colcon_core.package_identification:_identify(.) by extension 'ros'
[0.378s] Level 1:colcon.colcon_core.package_identification:_identify(.) by extensions ['cmake', 'python']
[0.378s] Level 1:colcon.colcon_core.package_identification:_identify(.) by extension 'cmake'
[0.378s] Level 1:colcon.colcon_core.package_identification:_identify(.) by extension 'python'
[0.378s] Level 1:colcon.colcon_core.package_identification:_identify(.) by extensions ['python_setup_py']
[0.378s] Level 1:colcon.colcon_core.package_identification:_identify(.) by extension 'python_setup_py'
[0.378s] Level 1:colcon.colcon_core.package_identification:_identify(build) by extensions ['ignore', 'ignore_ament_install']
[0.378s] Level 1:colcon.colcon_core.package_identification:_identify(build) by extension 'ignore'
[0.378s] Level 1:colcon.colcon_core.package_identification:_identify(build) ignored
[0.378s] Level 1:colcon.colcon_core.package_identification:_identify(install) by extensions ['ignore', 'ignore_ament_install']
[0.378s] Level 1:colcon.colcon_core.package_identification:_identify(install) by extension 'ignore'
[0.379s] Level 1:colcon.colcon_core.package_identification:_identify(install) ignored
[0.379s] Level 1:colcon.colcon_core.package_identification:_identify(log) by extensions ['ignore', 'ignore_ament_install']
[0.379s] Level 1:colcon.colcon_core.package_identification:_identify(log) by extension 'ignore'
[0.379s] Level 1:colcon.colcon_core.package_identification:_identify(log) ignored
[0.379s] Level 1:colcon.colcon_core.package_identification:_identify(src) by extensions ['ignore', 'ignore_ament_install']
[0.379s] Level 1:colcon.colcon_core.package_identification:_identify(src) by extension 'ignore'
[0.379s] Level 1:colcon.colcon_core.package_identification:_identify(src) by extension 'ignore_ament_install'
[0.379s] Level 1:colcon.colcon_core.package_identification:_identify(src) by extensions ['colcon_pkg']
[0.379s] Level 1:colcon.colcon_core.package_identification:_identify(src) by extension 'colcon_pkg'
[0.379s] Level 1:colcon.colcon_core.package_identification:_identify(src) by extensions ['colcon_meta']
[0.379s] Level 1:colcon.colcon_core.package_identification:_identify(src) by extension 'colcon_meta'
[0.379s] Level 1:colcon.colcon_core.package_identification:_identify(src) by extensions ['ros']
[0.379s] Level 1:colcon.colcon_core.package_identification:_identify(src) by extension 'ros'
[0.379s] Level 1:colcon.colcon_core.package_identification:_identify(src) by extensions ['cmake', 'python']
[0.379s] Level 1:colcon.colcon_core.package_identification:_identify(src) by extension 'cmake'
[0.379s] Level 1:colcon.colcon_core.package_identification:_identify(src) by extension 'python'
[0.379s] Level 1:colcon.colcon_core.package_identification:_identify(src) by extensions ['python_setup_py']
[0.380s] Level 1:colcon.colcon_core.package_identification:_identify(src) by extension 'python_setup_py'
[0.380s] Level 1:colcon.colcon_core.package_identification:_identify(src/pi_pca9685_interfaces) by extensions ['ignore', 'ignore_ament_install']
[0.380s] Level 1:colcon.colcon_core.package_identification:_identify(src/pi_pca9685_interfaces) by extension 'ignore'
[0.380s] Level 1:colcon.colcon_core.package_identification:_identify(src/pi_pca9685_interfaces) by extension 'ignore_ament_install'
[0.380s] Level 1:colcon.colcon_core.package_identification:_identify(src/pi_pca9685_interfaces) by extensions ['colcon_pkg']
[0.380s] Level 1:colcon.colcon_core.package_identification:_identify(src/pi_pca9685_interfaces) by extension 'colcon_pkg'
[0.380s] Level 1:colcon.colcon_core.package_identification:_identify(src/pi_pca9685_interfaces) by extensions ['colcon_meta']
[0.380s] Level 1:colcon.colcon_core.package_identification:_identify(src/pi_pca9685_interfaces) by extension 'colcon_meta'
[0.380s] Level 1:colcon.colcon_core.package_identification:_identify(src/pi_pca9685_interfaces) by extensions ['ros']
[0.380s] Level 1:colcon.colcon_core.package_identification:_identify(src/pi_pca9685_interfaces) by extension 'ros'
[0.382s] DEBUG:colcon.colcon_core.package_identification:Package 'src/pi_pca9685_interfaces' with type 'ros.ament_cmake' and name 'pi_pca9685_interfaces'
[0.383s] Level 1:colcon.colcon_core.package_discovery:discover_packages(recursive) using defaults
[0.383s] Level 1:colcon.colcon_core.package_discovery:discover_packages(ignore) discover
[0.383s] Level 1:colcon.colcon_core.package_discovery:discover_packages(ignore) using defaults
[0.383s] Level 1:colcon.colcon_core.package_discovery:discover_packages(path) discover
[0.383s] Level 1:colcon.colcon_core.package_discovery:discover_packages(path) using defaults
[0.413s] Level 1:colcon.colcon_core.package_discovery:discover_packages(prefix_path) check parameters
[0.413s] Level 1:colcon.colcon_core.package_discovery:discover_packages(prefix_path) discover
[0.416s] DEBUG:colcon.colcon_installed_package_information.package_discovery:Found 392 installed packages in /opt/ros/humble
[0.418s] Level 1:colcon.colcon_core.package_discovery:discover_packages(prefix_path) using defaults
[0.470s] Level 5:colcon.colcon_core.verb:set package 'pi_pca9685_interfaces' build argument 'cmake_args' from command line to 'None'
[0.470s] Level 5:colcon.colcon_core.verb:set package 'pi_pca9685_interfaces' build argument 'cmake_target' from command line to 'None'
[0.470s] Level 5:colcon.colcon_core.verb:set package 'pi_pca9685_interfaces' build argument 'cmake_target_skip_unavailable' from command line to 'False'
[0.470s] Level 5:colcon.colcon_core.verb:set package 'pi_pca9685_interfaces' build argument 'cmake_clean_cache' from command line to 'False'
[0.470s] Level 5:colcon.colcon_core.verb:set package 'pi_pca9685_interfaces' build argument 'cmake_clean_first' from command line to 'False'
[0.470s] Level 5:colcon.colcon_core.verb:set package 'pi_pca9685_interfaces' build argument 'cmake_force_configure' from command line to 'False'
[0.470s] Level 5:colcon.colcon_core.verb:set package 'pi_pca9685_interfaces' build argument 'ament_cmake_args' from command line to 'None'
[0.470s] Level 5:colcon.colcon_core.verb:set package 'pi_pca9685_interfaces' build argument 'catkin_cmake_args' from command line to 'None'
[0.470s] Level 5:colcon.colcon_core.verb:set package 'pi_pca9685_interfaces' build argument 'catkin_skip_building_tests' from command line to 'False'
[0.470s] DEBUG:colcon.colcon_core.verb:Building package 'pi_pca9685_interfaces' with the following arguments: {'ament_cmake_args': None, 'build_base': '/home/clue/jointer_ws/build/pi_pca9685_interfaces', 'catkin_cmake_args': None, 'catkin_skip_building_tests': False, 'cmake_args': None, 'cmake_clean_cache': False, 'cmake_clean_first': False, 'cmake_force_configure': False, 'cmake_target': None, 'cmake_target_skip_unavailable': False, 'install_base': '/home/clue/jointer_ws/install/pi_pca9685_interfaces', 'merge_install': False, 'path': '/home/clue/jointer_ws/src/pi_pca9685_interfaces', 'symlink_install': False, 'test_result_base': None}
[0.471s] INFO:colcon.colcon_core.executor:Executing jobs using 'parallel' executor
[0.471s] DEBUG:colcon.colcon_parallel_executor.executor.parallel:run_until_complete
[0.472s] INFO:colcon.colcon_ros.task.ament_cmake.build:Building ROS package in '/home/clue/jointer_ws/src/pi_pca9685_interfaces' with build type 'ament_cmake'
[0.472s] INFO:colcon.colcon_cmake.task.cmake.build:Building CMake package in '/home/clue/jointer_ws/src/pi_pca9685_interfaces'
[0.474s] INFO:colcon.colcon_core.plugin_system:Skipping extension 'colcon_core.shell.bat': Not used on non-Windows systems
[0.474s] INFO:colcon.colcon_core.shell:Skip shell extension 'powershell' for command environment: Not usable outside of PowerShell
[0.474s] DEBUG:colcon.colcon_core.shell:Skip shell extension 'dsv' for command environment
[0.483s] DEBUG:colcon.colcon_core.event_handler.log_command:Invoking command in '/home/clue/jointer_ws/build/pi_pca9685_interfaces': CMAKE_PREFIX_PATH=/opt/ros/humble /usr/bin/cmake /home/clue/jointer_ws/src/pi_pca9685_interfaces -DCMAKE_INSTALL_PREFIX=/home/clue/jointer_ws/install/pi_pca9685_interfaces
[1.747s] DEBUG:colcon.colcon_core.event_handler.log_command:Invoked command in '/home/clue/jointer_ws/build/pi_pca9685_interfaces' returned '0': CMAKE_PREFIX_PATH=/opt/ros/humble /usr/bin/cmake /home/clue/jointer_ws/src/pi_pca9685_interfaces -DCMAKE_INSTALL_PREFIX=/home/clue/jointer_ws/install/pi_pca9685_interfaces
[1.750s] DEBUG:colcon.colcon_core.event_handler.log_command:Invoking command in '/home/clue/jointer_ws/build/pi_pca9685_interfaces': CMAKE_PREFIX_PATH=/opt/ros/humble /usr/bin/cmake --build /home/clue/jointer_ws/build/pi_pca9685_interfaces -- -j8 -l8
[5.222s] DEBUG:colcon.colcon_core.event_handler.log_command:Invoked command in '/home/clue/jointer_ws/build/pi_pca9685_interfaces' returned '0': CMAKE_PREFIX_PATH=/opt/ros/humble /usr/bin/cmake --build /home/clue/jointer_ws/build/pi_pca9685_interfaces -- -j8 -l8
[5.294s] DEBUG:colcon.colcon_core.event_handler.log_command:Invoking command in '/home/clue/jointer_ws/build/pi_pca9685_interfaces': CMAKE_PREFIX_PATH=/opt/ros/humble /usr/bin/cmake --install /home/clue/jointer_ws/build/pi_pca9685_interfaces
[5.372s] Level 1:colcon.colcon_core.environment:create_environment_scripts_only(pi_pca9685_interfaces)
[5.373s] DEBUG:colcon.colcon_core.event_handler.log_command:Invoked command in '/home/clue/jointer_ws/build/pi_pca9685_interfaces' returned '0': CMAKE_PREFIX_PATH=/opt/ros/humble /usr/bin/cmake --install /home/clue/jointer_ws/build/pi_pca9685_interfaces
[5.376s] Level 1:colcon.colcon_core.environment:checking '/home/clue/jointer_ws/install/pi_pca9685_interfaces' for CMake module files
[5.377s] Level 1:colcon.colcon_core.environment:checking '/home/clue/jointer_ws/install/pi_pca9685_interfaces' for CMake config files
[5.377s] Level 1:colcon.colcon_core.shell:create_environment_hook('pi_pca9685_interfaces', 'cmake_prefix_path')
[5.377s] INFO:colcon.colcon_core.shell:Creating environment hook '/home/clue/jointer_ws/install/pi_pca9685_interfaces/share/pi_pca9685_interfaces/hook/cmake_prefix_path.ps1'
[5.385s] INFO:colcon.colcon_core.shell:Creating environment descriptor '/home/clue/jointer_ws/install/pi_pca9685_interfaces/share/pi_pca9685_interfaces/hook/cmake_prefix_path.dsv'
[5.386s] INFO:colcon.colcon_core.shell:Creating environment hook '/home/clue/jointer_ws/install/pi_pca9685_interfaces/share/pi_pca9685_interfaces/hook/cmake_prefix_path.sh'
[5.387s] Level 1:colcon.colcon_core.environment:checking '/home/clue/jointer_ws/install/pi_pca9685_interfaces/lib'
[5.387s] Level 1:colcon.colcon_core.shell:create_environment_hook('pi_pca9685_interfaces', 'ld_library_path_lib')
[5.388s] INFO:colcon.colcon_core.shell:Creating environment hook '/home/clue/jointer_ws/install/pi_pca9685_interfaces/share/pi_pca9685_interfaces/hook/ld_library_path_lib.ps1'
[5.388s] INFO:colcon.colcon_core.shell:Creating environment descriptor '/home/clue/jointer_ws/install/pi_pca9685_interfaces/share/pi_pca9685_interfaces/hook/ld_library_path_lib.dsv'
[5.388s] INFO:colcon.colcon_core.shell:Creating environment hook '/home/clue/jointer_ws/install/pi_pca9685_interfaces/share/pi_pca9685_interfaces/hook/ld_library_path_lib.sh'
[5.389s] Level 1:colcon.colcon_core.environment:checking '/home/clue/jointer_ws/install/pi_pca9685_interfaces/bin'
[5.389s] Level 1:colcon.colcon_core.environment:checking '/home/clue/jointer_ws/install/pi_pca9685_interfaces/lib/pkgconfig/pi_pca9685_interfaces.pc'
[5.389s] Level 1:colcon.colcon_core.environment:checking '/home/clue/jointer_ws/install/pi_pca9685_interfaces/lib/python3.10/site-packages'
[5.389s] Level 1:colcon.colcon_core.environment:checking '/home/clue/jointer_ws/install/pi_pca9685_interfaces/bin'
[5.390s] INFO:colcon.colcon_core.shell:Creating package script '/home/clue/jointer_ws/install/pi_pca9685_interfaces/share/pi_pca9685_interfaces/package.ps1'
[5.391s] INFO:colcon.colcon_core.shell:Creating package descriptor '/home/clue/jointer_ws/install/pi_pca9685_interfaces/share/pi_pca9685_interfaces/package.dsv'
[5.392s] INFO:colcon.colcon_core.shell:Creating package script '/home/clue/jointer_ws/install/pi_pca9685_interfaces/share/pi_pca9685_interfaces/package.sh'
[5.393s] INFO:colcon.colcon_core.shell:Creating package script '/home/clue/jointer_ws/install/pi_pca9685_interfaces/share/pi_pca9685_interfaces/package.bash'
[5.393s] INFO:colcon.colcon_core.shell:Creating package script '/home/clue/jointer_ws/install/pi_pca9685_interfaces/share/pi_pca9685_interfaces/package.zsh'
[5.394s] Level 1:colcon.colcon_core.environment:create_file_with_runtime_dependencies(/home/clue/jointer_ws/install/pi_pca9685_interfaces/share/colcon-core/packages/pi_pca9685_interfaces)
[5.458s] Level 1:colcon.colcon_core.environment:create_environment_scripts_only(pi_pca9685_interfaces)
[5.458s] Level 1:colcon.colcon_core.environment:checking '/home/clue/jointer_ws/install/pi_pca9685_interfaces' for CMake module files
[5.459s] Level 1:colcon.colcon_core.environment:checking '/home/clue/jointer_ws/install/pi_pca9685_interfaces' for CMake config files
[5.459s] Level 1:colcon.colcon_core.shell:create_environment_hook('pi_pca9685_interfaces', 'cmake_prefix_path')
[5.460s] INFO:colcon.colcon_core.shell:Creating environment hook '/home/clue/jointer_ws/install/pi_pca9685_interfaces/share/pi_pca9685_interfaces/hook/cmake_prefix_path.ps1'
[5.460s] INFO:colcon.colcon_core.shell:Creating environment descriptor '/home/clue/jointer_ws/install/pi_pca9685_interfaces/share/pi_pca9685_interfaces/hook/cmake_prefix_path.dsv'
[5.460s] INFO:colcon.colcon_core.shell:Creating environment hook '/home/clue/jointer_ws/install/pi_pca9685_interfaces/share/pi_pca9685_interfaces/hook/cmake_prefix_path.sh'
[5.461s] Level 1:colcon.colcon_core.environment:checking '/home/clue/jointer_ws/install/pi_pca9685_interfaces/lib'
[5.461s] Level 1:colcon.colcon_core.shell:create_environment_hook('pi_pca9685_interfaces', 'ld_library_path_lib')
[5.461s] INFO:colcon.colcon_core.shell:Creating environment hook '/home/clue/jointer_ws/install/pi_pca9685_interfaces/share/pi_pca9685_interfaces/hook/ld_library_path_lib.ps1'
[5.462s] INFO:colcon.colcon_core.shell:Creating environment descriptor '/home/clue/jointer_ws/install/pi_pca9685_interfaces/share/pi_pca9685_interfaces/hook/ld_library_path_lib.dsv'
[5.462s] INFO:colcon.colcon_core.shell:Creating environment hook '/home/clue/jointer_ws/install/pi_pca9685_interfaces/share/pi_pca9685_interfaces/hook/ld_library_path_lib.sh'
[5.462s] Level 1:colcon.colcon_core.environment:checking '/home/clue/jointer_ws/install/pi_pca9685_interfaces/bin'
[5.462s] Level 1:colcon.colcon_core.environment:checking '/home/clue/jointer_ws/install/pi_pca9685_interfaces/lib/pkgconfig/pi_pca9685_interfaces.pc'
[5.463s] Level 1:colcon.colcon_core.environment:checking '/home/clue/jointer_ws/install/pi_pca9685_interfaces/lib/python3.10/site-packages'
[5.463s] Level 1:colcon.colcon_core.environment:checking '/home/clue/jointer_ws/install/pi_pca9685_interfaces/bin'
[5.463s] INFO:colcon.colcon_core.shell:Creating package script '/home/clue/jointer_ws/install/pi_pca9685_interfaces/share/pi_pca9685_interfaces/package.ps1'
[5.464s] INFO:colcon.colcon_core.shell:Creating package descriptor '/home/clue/jointer_ws/install/pi_pca9685_interfaces/share/pi_pca9685_interfaces/package.dsv'
[5.464s] INFO:colcon.colcon_core.shell:Creating package script '/home/clue/jointer_ws/install/pi_pca9685_interfaces/share/pi_pca9685_interfaces/package.sh'
[5.465s] INFO:colcon.colcon_core.shell:Creating package script '/home/clue/jointer_ws/install/pi_pca9685_interfaces/share/pi_pca9685_interfaces/package.bash'
[5.465s] INFO:colcon.colcon_core.shell:Creating package script '/home/clue/jointer_ws/install/pi_pca9685_interfaces/share/pi_pca9685_interfaces/package.zsh'
[5.465s] Level 1:colcon.colcon_core.environment:create_file_with_runtime_dependencies(/home/clue/jointer_ws/install/pi_pca9685_interfaces/share/colcon-core/packages/pi_pca9685_interfaces)
[5.466s] DEBUG:colcon.colcon_parallel_executor.executor.parallel:closing loop
[5.466s] DEBUG:colcon.colcon_parallel_executor.executor.parallel:loop closed
[5.466s] DEBUG:colcon.colcon_parallel_executor.executor.parallel:run_until_complete finished with '0'
[5.466s] DEBUG:colcon.colcon_core.event_reactor:joining thread
[5.471s] INFO:colcon.colcon_core.plugin_system:Skipping extension 'colcon_notification.desktop_notification.terminal_notifier': Not used on non-Darwin systems
[5.471s] INFO:colcon.colcon_core.plugin_system:Skipping extension 'colcon_notification.desktop_notification.win32': Not used on non-Windows systems
[5.471s] INFO:colcon.colcon_notification.desktop_notification:Sending desktop notification using 'notify2'
[5.485s] DEBUG:colcon.colcon_core.event_reactor:joined thread
[5.485s] INFO:colcon.colcon_core.shell:Creating prefix script '/home/clue/jointer_ws/install/local_setup.ps1'
[5.486s] INFO:colcon.colcon_core.shell:Creating prefix util module '/home/clue/jointer_ws/install/_local_setup_util_ps1.py'
[5.488s] INFO:colcon.colcon_core.shell:Creating prefix chain script '/home/clue/jointer_ws/install/setup.ps1'
[5.489s] INFO:colcon.colcon_core.shell:Creating prefix script '/home/clue/jointer_ws/install/local_setup.sh'
[5.489s] INFO:colcon.colcon_core.shell:Creating prefix util module '/home/clue/jointer_ws/install/_local_setup_util_sh.py'
[5.490s] INFO:colcon.colcon_core.shell:Creating prefix chain script '/home/clue/jointer_ws/install/setup.sh'
[5.491s] INFO:colcon.colcon_core.shell:Creating prefix script '/home/clue/jointer_ws/install/local_setup.bash'
[5.491s] INFO:colcon.colcon_core.shell:Creating prefix chain script '/home/clue/jointer_ws/install/setup.bash'
[5.492s] INFO:colcon.colcon_core.shell:Creating prefix script '/home/clue/jointer_ws/install/local_setup.zsh'
[5.492s] INFO:colcon.colcon_core.shell:Creating prefix chain script '/home/clue/jointer_ws/install/setup.zsh'
