[0.163s] DEBUG:colcon:Command line arguments: ['/home/clue/.local/bin/colcon', 'build']
[0.164s] DEBUG:colcon:Parsed command line arguments: Namespace(log_base=None, log_level=None, verb_name='build', build_base='build', install_base='install', merge_install=False, symlink_install=False, test_result_base=None, continue_on_error=False, executor='parallel', parallel_workers=8, event_handlers=None, ignore_user_meta=False, metas=['./colcon.meta'], base_paths=['.'], packages_ignore=None, packages_ignore_regex=None, paths=None, packages_up_to=None, packages_up_to_regex=None, packages_above=None, packages_above_and_dependencies=None, packages_above_depth=None, packages_select_by_dep=None, packages_skip_by_dep=None, packages_skip_up_to=None, packages_select_build_failed=False, packages_skip_build_finished=False, packages_select_test_failures=False, packages_skip_test_passed=False, packages_select=None, packages_skip=None, packages_select_regex=None, packages_skip_regex=None, packages_start=None, packages_end=None, allow_overriding=[], cmake_args=None, cmake_target=None, cmake_target_skip_unavailable=False, cmake_clean_cache=False, cmake_clean_first=False, cmake_force_configure=False, ament_cmake_args=None, catkin_cmake_args=None, catkin_skip_building_tests=False, mixin_files=None, mixin=None, verb_parser=<colcon_mixin.mixin.mixin_argument.MixinArgumentDecorator object at 0x7e1b77b311b0>, verb_extension=<colcon_core.verb.build.BuildVerb object at 0x7e1b77c41840>, main=<bound method BuildVerb.main of <colcon_core.verb.build.BuildVerb object at 0x7e1b77c41840>>, mixin_verb=('build',))
[0.376s] Level 1:colcon.colcon_core.package_discovery:discover_packages(colcon_meta) check parameters
[0.377s] Level 1:colcon.colcon_core.package_discovery:discover_packages(recursive) check parameters
[0.377s] Level 1:colcon.colcon_core.package_discovery:discover_packages(ignore) check parameters
[0.377s] Level 1:colcon.colcon_core.package_discovery:discover_packages(path) check parameters
[0.377s] Level 1:colcon.colcon_core.package_discovery:discover_packages(colcon_meta) discover
[0.377s] Level 1:colcon.colcon_core.package_discovery:discover_packages(recursive) discover
[0.377s] INFO:colcon.colcon_core.package_discovery:Crawling recursively for packages in '/home/clue/jointer_ws'
[0.377s] Level 1:colcon.colcon_core.package_identification:_identify(.) by extensions ['ignore', 'ignore_ament_install']
[0.377s] Level 1:colcon.colcon_core.package_identification:_identify(.) by extension 'ignore'
[0.377s] Level 1:colcon.colcon_core.package_identification:_identify(.) by extension 'ignore_ament_install'
[0.377s] Level 1:colcon.colcon_core.package_identification:_identify(.) by extensions ['colcon_pkg']
[0.377s] Level 1:colcon.colcon_core.package_identification:_identify(.) by extension 'colcon_pkg'
[0.377s] Level 1:colcon.colcon_core.package_identification:_identify(.) by extensions ['colcon_meta']
[0.377s] Level 1:colcon.colcon_core.package_identification:_identify(.) by extension 'colcon_meta'
[0.377s] Level 1:colcon.colcon_core.package_identification:_identify(.) by extensions ['ros']
[0.377s] Level 1:colcon.colcon_core.package_identification:_identify(.) by extension 'ros'
[0.388s] Level 1:colcon.colcon_core.package_identification:_identify(.) by extensions ['cmake', 'python']
[0.388s] Level 1:colcon.colcon_core.package_identification:_identify(.) by extension 'cmake'
[0.389s] Level 1:colcon.colcon_core.package_identification:_identify(.) by extension 'python'
[0.389s] Level 1:colcon.colcon_core.package_identification:_identify(.) by extensions ['python_setup_py']
[0.389s] Level 1:colcon.colcon_core.package_identification:_identify(.) by extension 'python_setup_py'
[0.389s] Level 1:colcon.colcon_core.package_identification:_identify(build) by extensions ['ignore', 'ignore_ament_install']
[0.389s] Level 1:colcon.colcon_core.package_identification:_identify(build) by extension 'ignore'
[0.389s] Level 1:colcon.colcon_core.package_identification:_identify(build) ignored
[0.389s] Level 1:colcon.colcon_core.package_identification:_identify(install) by extensions ['ignore', 'ignore_ament_install']
[0.389s] Level 1:colcon.colcon_core.package_identification:_identify(install) by extension 'ignore'
[0.389s] Level 1:colcon.colcon_core.package_identification:_identify(install) ignored
[0.389s] Level 1:colcon.colcon_core.package_identification:_identify(log) by extensions ['ignore', 'ignore_ament_install']
[0.389s] Level 1:colcon.colcon_core.package_identification:_identify(log) by extension 'ignore'
[0.389s] Level 1:colcon.colcon_core.package_identification:_identify(log) ignored
[0.390s] Level 1:colcon.colcon_core.package_identification:_identify(src) by extensions ['ignore', 'ignore_ament_install']
[0.390s] Level 1:colcon.colcon_core.package_identification:_identify(src) by extension 'ignore'
[0.390s] Level 1:colcon.colcon_core.package_identification:_identify(src) by extension 'ignore_ament_install'
[0.390s] Level 1:colcon.colcon_core.package_identification:_identify(src) by extensions ['colcon_pkg']
[0.390s] Level 1:colcon.colcon_core.package_identification:_identify(src) by extension 'colcon_pkg'
[0.390s] Level 1:colcon.colcon_core.package_identification:_identify(src) by extensions ['colcon_meta']
[0.390s] Level 1:colcon.colcon_core.package_identification:_identify(src) by extension 'colcon_meta'
[0.390s] Level 1:colcon.colcon_core.package_identification:_identify(src) by extensions ['ros']
[0.390s] Level 1:colcon.colcon_core.package_identification:_identify(src) by extension 'ros'
[0.390s] Level 1:colcon.colcon_core.package_identification:_identify(src) by extensions ['cmake', 'python']
[0.390s] Level 1:colcon.colcon_core.package_identification:_identify(src) by extension 'cmake'
[0.390s] Level 1:colcon.colcon_core.package_identification:_identify(src) by extension 'python'
[0.390s] Level 1:colcon.colcon_core.package_identification:_identify(src) by extensions ['python_setup_py']
[0.390s] Level 1:colcon.colcon_core.package_identification:_identify(src) by extension 'python_setup_py'
[0.390s] Level 1:colcon.colcon_core.package_identification:_identify(src/pi_pca9685) by extensions ['ignore', 'ignore_ament_install']
[0.390s] Level 1:colcon.colcon_core.package_identification:_identify(src/pi_pca9685) by extension 'ignore'
[0.390s] Level 1:colcon.colcon_core.package_identification:_identify(src/pi_pca9685) by extension 'ignore_ament_install'
[0.390s] Level 1:colcon.colcon_core.package_identification:_identify(src/pi_pca9685) by extensions ['colcon_pkg']
[0.391s] Level 1:colcon.colcon_core.package_identification:_identify(src/pi_pca9685) by extension 'colcon_pkg'
[0.391s] Level 1:colcon.colcon_core.package_identification:_identify(src/pi_pca9685) by extensions ['colcon_meta']
[0.391s] Level 1:colcon.colcon_core.package_identification:_identify(src/pi_pca9685) by extension 'colcon_meta'
[0.391s] Level 1:colcon.colcon_core.package_identification:_identify(src/pi_pca9685) by extensions ['ros']
[0.391s] Level 1:colcon.colcon_core.package_identification:_identify(src/pi_pca9685) by extension 'ros'
[0.393s] DEBUG:colcon.colcon_core.package_identification:Package 'src/pi_pca9685' with type 'ros.ament_python' and name 'pi_pca9685'
[0.393s] Level 1:colcon.colcon_core.package_identification:_identify(src/pi_pca9685_interfaces) by extensions ['ignore', 'ignore_ament_install']
[0.393s] Level 1:colcon.colcon_core.package_identification:_identify(src/pi_pca9685_interfaces) by extension 'ignore'
[0.393s] Level 1:colcon.colcon_core.package_identification:_identify(src/pi_pca9685_interfaces) by extension 'ignore_ament_install'
[0.393s] Level 1:colcon.colcon_core.package_identification:_identify(src/pi_pca9685_interfaces) by extensions ['colcon_pkg']
[0.393s] Level 1:colcon.colcon_core.package_identification:_identify(src/pi_pca9685_interfaces) by extension 'colcon_pkg'
[0.394s] Level 1:colcon.colcon_core.package_identification:_identify(src/pi_pca9685_interfaces) by extensions ['colcon_meta']
[0.394s] Level 1:colcon.colcon_core.package_identification:_identify(src/pi_pca9685_interfaces) by extension 'colcon_meta'
[0.394s] Level 1:colcon.colcon_core.package_identification:_identify(src/pi_pca9685_interfaces) by extensions ['ros']
[0.394s] Level 1:colcon.colcon_core.package_identification:_identify(src/pi_pca9685_interfaces) by extension 'ros'
[0.394s] DEBUG:colcon.colcon_core.package_identification:Package 'src/pi_pca9685_interfaces' with type 'ros.ament_cmake' and name 'pi_pca9685_interfaces'
[0.394s] Level 1:colcon.colcon_core.package_discovery:discover_packages(recursive) using defaults
[0.394s] Level 1:colcon.colcon_core.package_discovery:discover_packages(ignore) discover
[0.394s] Level 1:colcon.colcon_core.package_discovery:discover_packages(ignore) using defaults
[0.394s] Level 1:colcon.colcon_core.package_discovery:discover_packages(path) discover
[0.394s] Level 1:colcon.colcon_core.package_discovery:discover_packages(path) using defaults
[0.425s] Level 1:colcon.colcon_core.package_discovery:discover_packages(prefix_path) check parameters
[0.425s] Level 1:colcon.colcon_core.package_discovery:discover_packages(prefix_path) discover
[0.427s] DEBUG:colcon.colcon_installed_package_information.package_discovery:Found 2 installed packages in /home/clue/jointer_ws/install
[0.429s] DEBUG:colcon.colcon_installed_package_information.package_discovery:Found 392 installed packages in /opt/ros/humble
[0.430s] Level 1:colcon.colcon_core.package_discovery:discover_packages(prefix_path) using defaults
[0.483s] Level 5:colcon.colcon_core.verb:set package 'pi_pca9685' build argument 'cmake_args' from command line to 'None'
[0.483s] Level 5:colcon.colcon_core.verb:set package 'pi_pca9685' build argument 'cmake_target' from command line to 'None'
[0.483s] Level 5:colcon.colcon_core.verb:set package 'pi_pca9685' build argument 'cmake_target_skip_unavailable' from command line to 'False'
[0.483s] Level 5:colcon.colcon_core.verb:set package 'pi_pca9685' build argument 'cmake_clean_cache' from command line to 'False'
[0.483s] Level 5:colcon.colcon_core.verb:set package 'pi_pca9685' build argument 'cmake_clean_first' from command line to 'False'
[0.483s] Level 5:colcon.colcon_core.verb:set package 'pi_pca9685' build argument 'cmake_force_configure' from command line to 'False'
[0.483s] Level 5:colcon.colcon_core.verb:set package 'pi_pca9685' build argument 'ament_cmake_args' from command line to 'None'
[0.483s] Level 5:colcon.colcon_core.verb:set package 'pi_pca9685' build argument 'catkin_cmake_args' from command line to 'None'
[0.483s] Level 5:colcon.colcon_core.verb:set package 'pi_pca9685' build argument 'catkin_skip_building_tests' from command line to 'False'
[0.483s] DEBUG:colcon.colcon_core.verb:Building package 'pi_pca9685' with the following arguments: {'ament_cmake_args': None, 'build_base': '/home/clue/jointer_ws/build/pi_pca9685', 'catkin_cmake_args': None, 'catkin_skip_building_tests': False, 'cmake_args': None, 'cmake_clean_cache': False, 'cmake_clean_first': False, 'cmake_force_configure': False, 'cmake_target': None, 'cmake_target_skip_unavailable': False, 'install_base': '/home/clue/jointer_ws/install/pi_pca9685', 'merge_install': False, 'path': '/home/clue/jointer_ws/src/pi_pca9685', 'symlink_install': False, 'test_result_base': None}
[0.484s] Level 5:colcon.colcon_core.verb:set package 'pi_pca9685_interfaces' build argument 'cmake_args' from command line to 'None'
[0.484s] Level 5:colcon.colcon_core.verb:set package 'pi_pca9685_interfaces' build argument 'cmake_target' from command line to 'None'
[0.484s] Level 5:colcon.colcon_core.verb:set package 'pi_pca9685_interfaces' build argument 'cmake_target_skip_unavailable' from command line to 'False'
[0.484s] Level 5:colcon.colcon_core.verb:set package 'pi_pca9685_interfaces' build argument 'cmake_clean_cache' from command line to 'False'
[0.484s] Level 5:colcon.colcon_core.verb:set package 'pi_pca9685_interfaces' build argument 'cmake_clean_first' from command line to 'False'
[0.484s] Level 5:colcon.colcon_core.verb:set package 'pi_pca9685_interfaces' build argument 'cmake_force_configure' from command line to 'False'
[0.484s] Level 5:colcon.colcon_core.verb:set package 'pi_pca9685_interfaces' build argument 'ament_cmake_args' from command line to 'None'
[0.484s] Level 5:colcon.colcon_core.verb:set package 'pi_pca9685_interfaces' build argument 'catkin_cmake_args' from command line to 'None'
[0.484s] Level 5:colcon.colcon_core.verb:set package 'pi_pca9685_interfaces' build argument 'catkin_skip_building_tests' from command line to 'False'
[0.484s] DEBUG:colcon.colcon_core.verb:Building package 'pi_pca9685_interfaces' with the following arguments: {'ament_cmake_args': None, 'build_base': '/home/clue/jointer_ws/build/pi_pca9685_interfaces', 'catkin_cmake_args': None, 'catkin_skip_building_tests': False, 'cmake_args': None, 'cmake_clean_cache': False, 'cmake_clean_first': False, 'cmake_force_configure': False, 'cmake_target': None, 'cmake_target_skip_unavailable': False, 'install_base': '/home/clue/jointer_ws/install/pi_pca9685_interfaces', 'merge_install': False, 'path': '/home/clue/jointer_ws/src/pi_pca9685_interfaces', 'symlink_install': False, 'test_result_base': None}
[0.484s] INFO:colcon.colcon_core.executor:Executing jobs using 'parallel' executor
[0.485s] DEBUG:colcon.colcon_parallel_executor.executor.parallel:run_until_complete
[0.485s] INFO:colcon.colcon_ros.task.ament_python.build:Building ROS package in '/home/clue/jointer_ws/src/pi_pca9685' with build type 'ament_python'
[0.485s] Level 1:colcon.colcon_core.shell:create_environment_hook('pi_pca9685', 'ament_prefix_path')
[0.488s] INFO:colcon.colcon_core.plugin_system:Skipping extension 'colcon_core.shell.bat': Not used on non-Windows systems
[0.488s] INFO:colcon.colcon_core.shell:Creating environment hook '/home/clue/jointer_ws/install/pi_pca9685/share/pi_pca9685/hook/ament_prefix_path.ps1'
[0.488s] INFO:colcon.colcon_core.shell:Creating environment descriptor '/home/clue/jointer_ws/install/pi_pca9685/share/pi_pca9685/hook/ament_prefix_path.dsv'
[0.489s] INFO:colcon.colcon_core.shell:Creating environment hook '/home/clue/jointer_ws/install/pi_pca9685/share/pi_pca9685/hook/ament_prefix_path.sh'
[0.490s] INFO:colcon.colcon_core.shell:Skip shell extension 'powershell' for command environment: Not usable outside of PowerShell
[0.490s] DEBUG:colcon.colcon_core.shell:Skip shell extension 'dsv' for command environment
[0.493s] INFO:colcon.colcon_ros.task.ament_cmake.build:Building ROS package in '/home/clue/jointer_ws/src/pi_pca9685_interfaces' with build type 'ament_cmake'
[0.494s] INFO:colcon.colcon_cmake.task.cmake.build:Building CMake package in '/home/clue/jointer_ws/src/pi_pca9685_interfaces'
[0.494s] INFO:colcon.colcon_core.shell:Skip shell extension 'powershell' for command environment: Not usable outside of PowerShell
[0.494s] DEBUG:colcon.colcon_core.shell:Skip shell extension 'dsv' for command environment
[0.824s] INFO:colcon.colcon_core.task.python.build:Building Python package in '/home/clue/jointer_ws/src/pi_pca9685'
[0.824s] INFO:colcon.colcon_core.shell:Skip shell extension 'powershell' for command environment: Not usable outside of PowerShell
[0.824s] DEBUG:colcon.colcon_core.shell:Skip shell extension 'dsv' for command environment
[0.832s] DEBUG:colcon.colcon_core.event_handler.log_command:Invoking command in '/home/clue/jointer_ws/build/pi_pca9685_interfaces': CMAKE_PREFIX_PATH=${CMAKE_PREFIX_PATH}:/home/clue/jointer_ws/install/pi_pca9685:/opt/ros/humble /usr/bin/cmake --build /home/clue/jointer_ws/build/pi_pca9685_interfaces -- -j8 -l8
[1.324s] DEBUG:colcon.colcon_core.event_handler.log_command:Invoked command in '/home/clue/jointer_ws/build/pi_pca9685_interfaces' returned '0': CMAKE_PREFIX_PATH=${CMAKE_PREFIX_PATH}:/home/clue/jointer_ws/install/pi_pca9685:/opt/ros/humble /usr/bin/cmake --build /home/clue/jointer_ws/build/pi_pca9685_interfaces -- -j8 -l8
[1.340s] DEBUG:colcon.colcon_core.event_handler.log_command:Invoking command in '/home/clue/jointer_ws/src/pi_pca9685': PYTHONPATH=/home/clue/jointer_ws/build/pi_pca9685/prefix_override:/home/clue/jointer_ws/install/pi_pca9685/lib/python3.10/site-packages:${PYTHONPATH} /usr/bin/python3 -W ignore:setup.py install is deprecated setup.py egg_info --egg-base ../../build/pi_pca9685 build --build-base /home/clue/jointer_ws/build/pi_pca9685/build install --record /home/clue/jointer_ws/build/pi_pca9685/install.log --single-version-externally-managed install_data
[1.403s] DEBUG:colcon.colcon_core.event_handler.log_command:Invoking command in '/home/clue/jointer_ws/build/pi_pca9685_interfaces': CMAKE_PREFIX_PATH=${CMAKE_PREFIX_PATH}:/home/clue/jointer_ws/install/pi_pca9685:/opt/ros/humble /usr/bin/cmake --install /home/clue/jointer_ws/build/pi_pca9685_interfaces
[1.473s] Level 1:colcon.colcon_core.environment:create_environment_scripts_only(pi_pca9685_interfaces)
[1.473s] DEBUG:colcon.colcon_core.event_handler.log_command:Invoked command in '/home/clue/jointer_ws/build/pi_pca9685_interfaces' returned '0': CMAKE_PREFIX_PATH=${CMAKE_PREFIX_PATH}:/home/clue/jointer_ws/install/pi_pca9685:/opt/ros/humble /usr/bin/cmake --install /home/clue/jointer_ws/build/pi_pca9685_interfaces
[1.476s] Level 1:colcon.colcon_core.environment:checking '/home/clue/jointer_ws/install/pi_pca9685_interfaces' for CMake module files
[1.477s] Level 1:colcon.colcon_core.environment:checking '/home/clue/jointer_ws/install/pi_pca9685_interfaces' for CMake config files
[1.477s] Level 1:colcon.colcon_core.shell:create_environment_hook('pi_pca9685_interfaces', 'cmake_prefix_path')
[1.478s] INFO:colcon.colcon_core.shell:Creating environment hook '/home/clue/jointer_ws/install/pi_pca9685_interfaces/share/pi_pca9685_interfaces/hook/cmake_prefix_path.ps1'
[1.478s] INFO:colcon.colcon_core.shell:Creating environment descriptor '/home/clue/jointer_ws/install/pi_pca9685_interfaces/share/pi_pca9685_interfaces/hook/cmake_prefix_path.dsv'
[1.478s] INFO:colcon.colcon_core.shell:Creating environment hook '/home/clue/jointer_ws/install/pi_pca9685_interfaces/share/pi_pca9685_interfaces/hook/cmake_prefix_path.sh'
[1.479s] Level 1:colcon.colcon_core.environment:checking '/home/clue/jointer_ws/install/pi_pca9685_interfaces/lib'
[1.479s] Level 1:colcon.colcon_core.shell:create_environment_hook('pi_pca9685_interfaces', 'ld_library_path_lib')
[1.479s] INFO:colcon.colcon_core.shell:Creating environment hook '/home/clue/jointer_ws/install/pi_pca9685_interfaces/share/pi_pca9685_interfaces/hook/ld_library_path_lib.ps1'
[1.480s] INFO:colcon.colcon_core.shell:Creating environment descriptor '/home/clue/jointer_ws/install/pi_pca9685_interfaces/share/pi_pca9685_interfaces/hook/ld_library_path_lib.dsv'
[1.480s] INFO:colcon.colcon_core.shell:Creating environment hook '/home/clue/jointer_ws/install/pi_pca9685_interfaces/share/pi_pca9685_interfaces/hook/ld_library_path_lib.sh'
[1.480s] Level 1:colcon.colcon_core.environment:checking '/home/clue/jointer_ws/install/pi_pca9685_interfaces/bin'
[1.480s] Level 1:colcon.colcon_core.environment:checking '/home/clue/jointer_ws/install/pi_pca9685_interfaces/lib/pkgconfig/pi_pca9685_interfaces.pc'
[1.481s] Level 1:colcon.colcon_core.environment:checking '/home/clue/jointer_ws/install/pi_pca9685_interfaces/lib/python3.10/site-packages'
[1.481s] Level 1:colcon.colcon_core.environment:checking '/home/clue/jointer_ws/install/pi_pca9685_interfaces/bin'
[1.481s] INFO:colcon.colcon_core.shell:Creating package script '/home/clue/jointer_ws/install/pi_pca9685_interfaces/share/pi_pca9685_interfaces/package.ps1'
[1.482s] INFO:colcon.colcon_core.shell:Creating package descriptor '/home/clue/jointer_ws/install/pi_pca9685_interfaces/share/pi_pca9685_interfaces/package.dsv'
[1.483s] INFO:colcon.colcon_core.shell:Creating package script '/home/clue/jointer_ws/install/pi_pca9685_interfaces/share/pi_pca9685_interfaces/package.sh'
[1.483s] INFO:colcon.colcon_core.shell:Creating package script '/home/clue/jointer_ws/install/pi_pca9685_interfaces/share/pi_pca9685_interfaces/package.bash'
[1.484s] INFO:colcon.colcon_core.shell:Creating package script '/home/clue/jointer_ws/install/pi_pca9685_interfaces/share/pi_pca9685_interfaces/package.zsh'
[1.485s] Level 1:colcon.colcon_core.environment:create_file_with_runtime_dependencies(/home/clue/jointer_ws/install/pi_pca9685_interfaces/share/colcon-core/packages/pi_pca9685_interfaces)
[1.555s] Level 1:colcon.colcon_core.environment:create_environment_scripts_only(pi_pca9685_interfaces)
[1.556s] Level 1:colcon.colcon_core.environment:checking '/home/clue/jointer_ws/install/pi_pca9685_interfaces' for CMake module files
[1.557s] Level 1:colcon.colcon_core.environment:checking '/home/clue/jointer_ws/install/pi_pca9685_interfaces' for CMake config files
[1.557s] Level 1:colcon.colcon_core.shell:create_environment_hook('pi_pca9685_interfaces', 'cmake_prefix_path')
[1.557s] INFO:colcon.colcon_core.shell:Creating environment hook '/home/clue/jointer_ws/install/pi_pca9685_interfaces/share/pi_pca9685_interfaces/hook/cmake_prefix_path.ps1'
[1.558s] INFO:colcon.colcon_core.shell:Creating environment descriptor '/home/clue/jointer_ws/install/pi_pca9685_interfaces/share/pi_pca9685_interfaces/hook/cmake_prefix_path.dsv'
[1.558s] INFO:colcon.colcon_core.shell:Creating environment hook '/home/clue/jointer_ws/install/pi_pca9685_interfaces/share/pi_pca9685_interfaces/hook/cmake_prefix_path.sh'
[1.559s] Level 1:colcon.colcon_core.environment:checking '/home/clue/jointer_ws/install/pi_pca9685_interfaces/lib'
[1.559s] Level 1:colcon.colcon_core.shell:create_environment_hook('pi_pca9685_interfaces', 'ld_library_path_lib')
[1.559s] INFO:colcon.colcon_core.shell:Creating environment hook '/home/clue/jointer_ws/install/pi_pca9685_interfaces/share/pi_pca9685_interfaces/hook/ld_library_path_lib.ps1'
[1.559s] INFO:colcon.colcon_core.shell:Creating environment descriptor '/home/clue/jointer_ws/install/pi_pca9685_interfaces/share/pi_pca9685_interfaces/hook/ld_library_path_lib.dsv'
[1.560s] INFO:colcon.colcon_core.shell:Creating environment hook '/home/clue/jointer_ws/install/pi_pca9685_interfaces/share/pi_pca9685_interfaces/hook/ld_library_path_lib.sh'
[1.560s] Level 1:colcon.colcon_core.environment:checking '/home/clue/jointer_ws/install/pi_pca9685_interfaces/bin'
[1.560s] Level 1:colcon.colcon_core.environment:checking '/home/clue/jointer_ws/install/pi_pca9685_interfaces/lib/pkgconfig/pi_pca9685_interfaces.pc'
[1.560s] Level 1:colcon.colcon_core.environment:checking '/home/clue/jointer_ws/install/pi_pca9685_interfaces/lib/python3.10/site-packages'
[1.561s] Level 1:colcon.colcon_core.environment:checking '/home/clue/jointer_ws/install/pi_pca9685_interfaces/bin'
[1.561s] INFO:colcon.colcon_core.shell:Creating package script '/home/clue/jointer_ws/install/pi_pca9685_interfaces/share/pi_pca9685_interfaces/package.ps1'
[1.562s] INFO:colcon.colcon_core.shell:Creating package descriptor '/home/clue/jointer_ws/install/pi_pca9685_interfaces/share/pi_pca9685_interfaces/package.dsv'
[1.562s] INFO:colcon.colcon_core.shell:Creating package script '/home/clue/jointer_ws/install/pi_pca9685_interfaces/share/pi_pca9685_interfaces/package.sh'
[1.563s] INFO:colcon.colcon_core.shell:Creating package script '/home/clue/jointer_ws/install/pi_pca9685_interfaces/share/pi_pca9685_interfaces/package.bash'
[1.563s] INFO:colcon.colcon_core.shell:Creating package script '/home/clue/jointer_ws/install/pi_pca9685_interfaces/share/pi_pca9685_interfaces/package.zsh'
[1.563s] Level 1:colcon.colcon_core.environment:create_file_with_runtime_dependencies(/home/clue/jointer_ws/install/pi_pca9685_interfaces/share/colcon-core/packages/pi_pca9685_interfaces)
[1.788s] Level 1:colcon.colcon_core.environment:checking '/home/clue/jointer_ws/install/pi_pca9685' for CMake module files
[1.788s] DEBUG:colcon.colcon_core.event_handler.log_command:Invoked command in '/home/clue/jointer_ws/src/pi_pca9685' returned '0': PYTHONPATH=/home/clue/jointer_ws/build/pi_pca9685/prefix_override:/home/clue/jointer_ws/install/pi_pca9685/lib/python3.10/site-packages:${PYTHONPATH} /usr/bin/python3 -W ignore:setup.py install is deprecated setup.py egg_info --egg-base ../../build/pi_pca9685 build --build-base /home/clue/jointer_ws/build/pi_pca9685/build install --record /home/clue/jointer_ws/build/pi_pca9685/install.log --single-version-externally-managed install_data
[1.789s] Level 1:colcon.colcon_core.environment:checking '/home/clue/jointer_ws/install/pi_pca9685' for CMake config files
[1.789s] Level 1:colcon.colcon_core.environment:checking '/home/clue/jointer_ws/install/pi_pca9685/lib'
[1.789s] Level 1:colcon.colcon_core.environment:checking '/home/clue/jointer_ws/install/pi_pca9685/bin'
[1.789s] Level 1:colcon.colcon_core.environment:checking '/home/clue/jointer_ws/install/pi_pca9685/lib/pkgconfig/pi_pca9685.pc'
[1.790s] Level 1:colcon.colcon_core.environment:checking '/home/clue/jointer_ws/install/pi_pca9685/lib/python3.10/site-packages'
[1.790s] Level 1:colcon.colcon_core.shell:create_environment_hook('pi_pca9685', 'pythonpath')
[1.790s] INFO:colcon.colcon_core.shell:Creating environment hook '/home/clue/jointer_ws/install/pi_pca9685/share/pi_pca9685/hook/pythonpath.ps1'
[1.790s] INFO:colcon.colcon_core.shell:Creating environment descriptor '/home/clue/jointer_ws/install/pi_pca9685/share/pi_pca9685/hook/pythonpath.dsv'
[1.791s] INFO:colcon.colcon_core.shell:Creating environment hook '/home/clue/jointer_ws/install/pi_pca9685/share/pi_pca9685/hook/pythonpath.sh'
[1.791s] Level 1:colcon.colcon_core.environment:checking '/home/clue/jointer_ws/install/pi_pca9685/bin'
[1.791s] Level 1:colcon.colcon_core.environment:create_environment_scripts_only(pi_pca9685)
[1.792s] INFO:colcon.colcon_core.shell:Creating package script '/home/clue/jointer_ws/install/pi_pca9685/share/pi_pca9685/package.ps1'
[1.792s] INFO:colcon.colcon_core.shell:Creating package descriptor '/home/clue/jointer_ws/install/pi_pca9685/share/pi_pca9685/package.dsv'
[1.792s] INFO:colcon.colcon_core.shell:Creating package script '/home/clue/jointer_ws/install/pi_pca9685/share/pi_pca9685/package.sh'
[1.793s] INFO:colcon.colcon_core.shell:Creating package script '/home/clue/jointer_ws/install/pi_pca9685/share/pi_pca9685/package.bash'
[1.793s] INFO:colcon.colcon_core.shell:Creating package script '/home/clue/jointer_ws/install/pi_pca9685/share/pi_pca9685/package.zsh'
[1.793s] Level 1:colcon.colcon_core.environment:create_file_with_runtime_dependencies(/home/clue/jointer_ws/install/pi_pca9685/share/colcon-core/packages/pi_pca9685)
[1.794s] DEBUG:colcon.colcon_parallel_executor.executor.parallel:closing loop
[1.794s] DEBUG:colcon.colcon_parallel_executor.executor.parallel:loop closed
[1.794s] DEBUG:colcon.colcon_parallel_executor.executor.parallel:run_until_complete finished with '0'
[1.794s] DEBUG:colcon.colcon_core.event_reactor:joining thread
[1.802s] INFO:colcon.colcon_core.plugin_system:Skipping extension 'colcon_notification.desktop_notification.terminal_notifier': Not used on non-Darwin systems
[1.802s] INFO:colcon.colcon_core.plugin_system:Skipping extension 'colcon_notification.desktop_notification.win32': Not used on non-Windows systems
[1.802s] INFO:colcon.colcon_notification.desktop_notification:Sending desktop notification using 'notify2'
[1.814s] DEBUG:colcon.colcon_core.event_reactor:joined thread
[1.814s] INFO:colcon.colcon_core.shell:Creating prefix script '/home/clue/jointer_ws/install/local_setup.ps1'
[1.815s] INFO:colcon.colcon_core.shell:Creating prefix util module '/home/clue/jointer_ws/install/_local_setup_util_ps1.py'
[1.816s] INFO:colcon.colcon_core.shell:Creating prefix chain script '/home/clue/jointer_ws/install/setup.ps1'
[1.817s] INFO:colcon.colcon_core.shell:Creating prefix script '/home/clue/jointer_ws/install/local_setup.sh'
[1.818s] INFO:colcon.colcon_core.shell:Creating prefix util module '/home/clue/jointer_ws/install/_local_setup_util_sh.py'
[1.818s] INFO:colcon.colcon_core.shell:Creating prefix chain script '/home/clue/jointer_ws/install/setup.sh'
[1.820s] INFO:colcon.colcon_core.shell:Creating prefix script '/home/clue/jointer_ws/install/local_setup.bash'
[1.820s] INFO:colcon.colcon_core.shell:Creating prefix chain script '/home/clue/jointer_ws/install/setup.bash'
[1.822s] INFO:colcon.colcon_core.shell:Creating prefix script '/home/clue/jointer_ws/install/local_setup.zsh'
[1.822s] INFO:colcon.colcon_core.shell:Creating prefix chain script '/home/clue/jointer_ws/install/setup.zsh'
