[31mCMake Error at /opt/ros/humble/share/rosidl_adapter/cmake/rosidl_adapt_interfaces.cmake:59 (message):
  execute_process(/usr/bin/python3 -m rosidl_adapter --package-name
  pi_pca9685_interfaces --arguments-file
  /home/clue/jointer_ws/build/pi_pca9685_interfaces/rosidl_adapter__arguments__pi_pca9685_interfaces.json
  --output-dir
  /home/clue/jointer_ws/build/pi_pca9685_interfaces/rosidl_adapter/pi_pca9685_interfaces
  --output-file
  /home/clue/jointer_ws/build/pi_pca9685_interfaces/rosidl_adapter/pi_pca9685_interfaces.idls)
  returned error code 1:

  Traceback (most recent call last):

    File "/usr/lib/python3.10/runpy.py", line 196, in _run_module_as_main
      return _run_code(code, main_globals, None,
    File "/usr/lib/python3.10/runpy.py", line 86, in _run_code
      exec(code, run_globals)
    File "/opt/ros/humble/local/lib/python3.10/dist-packages/rosidl_adapter/__main__.py", line 19, in <module>
      sys.exit(main())
    File "/opt/ros/humble/local/lib/python3.10/dist-packages/rosidl_adapter/main.py", line 53, in main
      abs_idl_file = convert_to_idl(
    File "/opt/ros/humble/local/lib/python3.10/dist-packages/rosidl_adapter/__init__.py", line 29, in convert_to_idl
      return convert_action_to_idl(
    File "/opt/ros/humble/local/lib/python3.10/dist-packages/rosidl_adapter/action/__init__.py", line 28, in convert_action_to_idl
      action = parse_action_string(package_name, input_file.stem, content)
    File "/opt/ros/humble/local/lib/python3.10/dist-packages/rosidl_adapter/parser.py", line 902, in parse_action_string
      goal_message = parse_message_string(
    File "/opt/ros/humble/local/lib/python3.10/dist-packages/rosidl_adapter/parser.py", line 544, in parse_message_string
      msg = MessageSpecification(pkg_name, msg_name, fields, constants)
    File "/opt/ros/humble/local/lib/python3.10/dist-packages/rosidl_adapter/parser.py", line 388, in __init__
      self.base_type = BaseType(
    File "/opt/ros/humble/local/lib/python3.10/dist-packages/rosidl_adapter/parser.py", line 205, in __init__
      raise InvalidResourceName(

  rosidl_adapter.parser.InvalidResourceName: 'pca9685_Goal' is an invalid
  message name.  It should have the pattern '^[A-Z][A-Za-z0-9]*$'

Call Stack (most recent call first):
  /opt/ros/humble/share/rosidl_cmake/cmake/rosidl_generate_interfaces.cmake:130 (rosidl_adapt_interfaces)
  CMakeLists.txt:16 (rosidl_generate_interfaces)

[0m
