[0.347s] Invoking command in '/home/clue/jointer_ws/build/pi_pca9685_interfaces': CMAKE_PREFIX_PATH=/opt/ros/humble /usr/bin/cmake --build /home/clue/jointer_ws/build/pi_pca9685_interfaces -- -j8 -l8
[0.391s] [35m[1mConsolidate compiler generated dependencies of target pi_pca9685_interfaces__rosidl_generator_c[0m
[0.405s] [  3%] Built target pi_pca9685_interfaces__cpp
[0.407s] [ 12%] Built target pi_pca9685_interfaces__rosidl_generator_c
[0.421s] [ 12%] Built target ament_cmake_python_copy_pi_pca9685_interfaces
[0.423s] [35m[1mConsolidate compiler generated dependencies of target pi_pca9685_interfaces__rosidl_typesupport_fastrtps_cpp[0m
[0.429s] [35m[1mConsolidate compiler generated dependencies of target pi_pca9685_interfaces__rosidl_typesupport_introspection_cpp[0m
[0.429s] [35m[1mConsolidate compiler generated dependencies of target pi_pca9685_interfaces__rosidl_typesupport_introspection_c[0m
[0.429s] [35m[1mConsolidate compiler generated dependencies of target pi_pca9685_interfaces__rosidl_typesupport_fastrtps_c[0m
[0.429s] [35m[1mConsolidate compiler generated dependencies of target pi_pca9685_interfaces__rosidl_typesupport_cpp[0m
[0.429s] [35m[1mConsolidate compiler generated dependencies of target pi_pca9685_interfaces__rosidl_typesupport_c[0m
[0.446s] [ 22%] Built target pi_pca9685_interfaces__rosidl_typesupport_introspection_c
[0.451s] [ 32%] Built target pi_pca9685_interfaces__rosidl_typesupport_c
[0.455s] [ 41%] Built target pi_pca9685_interfaces__rosidl_typesupport_fastrtps_c
[0.456s] [ 51%] Built target pi_pca9685_interfaces__rosidl_typesupport_cpp
[0.458s] [ 61%] Built target pi_pca9685_interfaces__rosidl_typesupport_introspection_cpp
[0.459s] [ 70%] Built target pi_pca9685_interfaces__rosidl_typesupport_fastrtps_cpp
[0.485s] [ 70%] Built target pi_pca9685_interfaces
[0.510s] [ 74%] Built target pi_pca9685_interfaces__py
[0.523s] [35m[1mConsolidate compiler generated dependencies of target pi_pca9685_interfaces__rosidl_generator_py[0m
[0.540s] [ 80%] Built target pi_pca9685_interfaces__rosidl_generator_py
[0.553s] [35m[1mConsolidate compiler generated dependencies of target pi_pca9685_interfaces__rosidl_typesupport_fastrtps_c__pyext[0m
[0.558s] [35m[1mConsolidate compiler generated dependencies of target pi_pca9685_interfaces__rosidl_typesupport_introspection_c__pyext[0m
[0.558s] [35m[1mConsolidate compiler generated dependencies of target pi_pca9685_interfaces__rosidl_typesupport_c__pyext[0m
[0.575s] [ 87%] Built target pi_pca9685_interfaces__rosidl_typesupport_fastrtps_c__pyext
[0.579s] [ 93%] Built target pi_pca9685_interfaces__rosidl_typesupport_c__pyext
[0.581s] [100%] Built target pi_pca9685_interfaces__rosidl_typesupport_introspection_c__pyext
[0.793s] running egg_info
[0.794s] writing pi_pca9685_interfaces.egg-info/PKG-INFO
[0.794s] writing dependency_links to pi_pca9685_interfaces.egg-info/dependency_links.txt
[0.794s] writing top-level names to pi_pca9685_interfaces.egg-info/top_level.txt
[0.796s] reading manifest file 'pi_pca9685_interfaces.egg-info/SOURCES.txt'
[0.797s] writing manifest file 'pi_pca9685_interfaces.egg-info/SOURCES.txt'
[0.828s] [100%] Built target ament_cmake_python_build_pi_pca9685_interfaces_egg
[0.841s] Invoked command in '/home/clue/jointer_ws/build/pi_pca9685_interfaces' returned '0': CMAKE_PREFIX_PATH=/opt/ros/humble /usr/bin/cmake --build /home/clue/jointer_ws/build/pi_pca9685_interfaces -- -j8 -l8
[0.916s] Invoking command in '/home/clue/jointer_ws/build/pi_pca9685_interfaces': CMAKE_PREFIX_PATH=/opt/ros/humble /usr/bin/cmake --install /home/clue/jointer_ws/build/pi_pca9685_interfaces
[0.927s] -- Install configuration: ""
[0.927s] -- Up-to-date: /home/clue/jointer_ws/install/pi_pca9685_interfaces/share/ament_index/resource_index/rosidl_interfaces/pi_pca9685_interfaces
[0.927s] -- Up-to-date: /home/clue/jointer_ws/install/pi_pca9685_interfaces/include/pi_pca9685_interfaces/pi_pca9685_interfaces
[0.927s] -- Up-to-date: /home/clue/jointer_ws/install/pi_pca9685_interfaces/include/pi_pca9685_interfaces/pi_pca9685_interfaces/msg
[0.927s] -- Up-to-date: /home/clue/jointer_ws/install/pi_pca9685_interfaces/include/pi_pca9685_interfaces/pi_pca9685_interfaces/msg/rosidl_generator_c__visibility_control.h
[0.927s] -- Up-to-date: /home/clue/jointer_ws/install/pi_pca9685_interfaces/include/pi_pca9685_interfaces/pi_pca9685_interfaces/action
[0.928s] -- Up-to-date: /home/clue/jointer_ws/install/pi_pca9685_interfaces/include/pi_pca9685_interfaces/pi_pca9685_interfaces/action/detail
[0.928s] -- Up-to-date: /home/clue/jointer_ws/install/pi_pca9685_interfaces/include/pi_pca9685_interfaces/pi_pca9685_interfaces/action/detail/pca__functions.h
[0.928s] -- Up-to-date: /home/clue/jointer_ws/install/pi_pca9685_interfaces/include/pi_pca9685_interfaces/pi_pca9685_interfaces/action/detail/pca__type_support.h
[0.928s] -- Up-to-date: /home/clue/jointer_ws/install/pi_pca9685_interfaces/include/pi_pca9685_interfaces/pi_pca9685_interfaces/action/detail/pca__struct.h
[0.928s] -- Up-to-date: /home/clue/jointer_ws/install/pi_pca9685_interfaces/include/pi_pca9685_interfaces/pi_pca9685_interfaces/action/detail/pca__functions.c
[0.928s] -- Up-to-date: /home/clue/jointer_ws/install/pi_pca9685_interfaces/include/pi_pca9685_interfaces/pi_pca9685_interfaces/action/pca.h
[0.928s] -- Up-to-date: /home/clue/jointer_ws/install/pi_pca9685_interfaces/share/pi_pca9685_interfaces/environment/library_path.sh
[0.929s] -- Up-to-date: /home/clue/jointer_ws/install/pi_pca9685_interfaces/share/pi_pca9685_interfaces/environment/library_path.dsv
[0.929s] -- Up-to-date: /home/clue/jointer_ws/install/pi_pca9685_interfaces/lib/libpi_pca9685_interfaces__rosidl_generator_c.so
[0.929s] -- Up-to-date: /home/clue/jointer_ws/install/pi_pca9685_interfaces/include/pi_pca9685_interfaces/pi_pca9685_interfaces
[0.929s] -- Up-to-date: /home/clue/jointer_ws/install/pi_pca9685_interfaces/include/pi_pca9685_interfaces/pi_pca9685_interfaces/msg
[0.929s] -- Up-to-date: /home/clue/jointer_ws/install/pi_pca9685_interfaces/include/pi_pca9685_interfaces/pi_pca9685_interfaces/msg/rosidl_typesupport_fastrtps_c__visibility_control.h
[0.929s] -- Up-to-date: /home/clue/jointer_ws/install/pi_pca9685_interfaces/include/pi_pca9685_interfaces/pi_pca9685_interfaces/action
[0.929s] -- Up-to-date: /home/clue/jointer_ws/install/pi_pca9685_interfaces/include/pi_pca9685_interfaces/pi_pca9685_interfaces/action/detail
[0.930s] -- Up-to-date: /home/clue/jointer_ws/install/pi_pca9685_interfaces/include/pi_pca9685_interfaces/pi_pca9685_interfaces/action/detail/pca__rosidl_typesupport_fastrtps_c.h
[0.930s] -- Up-to-date: /home/clue/jointer_ws/install/pi_pca9685_interfaces/lib/libpi_pca9685_interfaces__rosidl_typesupport_fastrtps_c.so
[0.930s] -- Up-to-date: /home/clue/jointer_ws/install/pi_pca9685_interfaces/include/pi_pca9685_interfaces/pi_pca9685_interfaces
[0.930s] -- Up-to-date: /home/clue/jointer_ws/install/pi_pca9685_interfaces/include/pi_pca9685_interfaces/pi_pca9685_interfaces/msg
[0.930s] -- Up-to-date: /home/clue/jointer_ws/install/pi_pca9685_interfaces/include/pi_pca9685_interfaces/pi_pca9685_interfaces/msg/rosidl_typesupport_introspection_c__visibility_control.h
[0.931s] -- Up-to-date: /home/clue/jointer_ws/install/pi_pca9685_interfaces/include/pi_pca9685_interfaces/pi_pca9685_interfaces/action
[0.931s] -- Up-to-date: /home/clue/jointer_ws/install/pi_pca9685_interfaces/include/pi_pca9685_interfaces/pi_pca9685_interfaces/action/detail
[0.931s] -- Up-to-date: /home/clue/jointer_ws/install/pi_pca9685_interfaces/include/pi_pca9685_interfaces/pi_pca9685_interfaces/action/detail/pca__type_support.c
[0.931s] -- Up-to-date: /home/clue/jointer_ws/install/pi_pca9685_interfaces/include/pi_pca9685_interfaces/pi_pca9685_interfaces/action/detail/pca__rosidl_typesupport_introspection_c.h
[0.931s] -- Up-to-date: /home/clue/jointer_ws/install/pi_pca9685_interfaces/lib/libpi_pca9685_interfaces__rosidl_typesupport_introspection_c.so
[0.931s] -- Up-to-date: /home/clue/jointer_ws/install/pi_pca9685_interfaces/lib/libpi_pca9685_interfaces__rosidl_typesupport_c.so
[0.932s] -- Up-to-date: /home/clue/jointer_ws/install/pi_pca9685_interfaces/include/pi_pca9685_interfaces/pi_pca9685_interfaces
[0.932s] -- Up-to-date: /home/clue/jointer_ws/install/pi_pca9685_interfaces/include/pi_pca9685_interfaces/pi_pca9685_interfaces/action
[0.932s] -- Up-to-date: /home/clue/jointer_ws/install/pi_pca9685_interfaces/include/pi_pca9685_interfaces/pi_pca9685_interfaces/action/detail
[0.932s] -- Up-to-date: /home/clue/jointer_ws/install/pi_pca9685_interfaces/include/pi_pca9685_interfaces/pi_pca9685_interfaces/action/detail/pca__traits.hpp
[0.932s] -- Up-to-date: /home/clue/jointer_ws/install/pi_pca9685_interfaces/include/pi_pca9685_interfaces/pi_pca9685_interfaces/action/detail/pca__builder.hpp
[0.932s] -- Up-to-date: /home/clue/jointer_ws/install/pi_pca9685_interfaces/include/pi_pca9685_interfaces/pi_pca9685_interfaces/action/detail/pca__struct.hpp
[0.933s] -- Up-to-date: /home/clue/jointer_ws/install/pi_pca9685_interfaces/include/pi_pca9685_interfaces/pi_pca9685_interfaces/action/pca.hpp
[0.933s] -- Up-to-date: /home/clue/jointer_ws/install/pi_pca9685_interfaces/include/pi_pca9685_interfaces/pi_pca9685_interfaces
[0.933s] -- Up-to-date: /home/clue/jointer_ws/install/pi_pca9685_interfaces/include/pi_pca9685_interfaces/pi_pca9685_interfaces/msg
[0.933s] -- Up-to-date: /home/clue/jointer_ws/install/pi_pca9685_interfaces/include/pi_pca9685_interfaces/pi_pca9685_interfaces/msg/rosidl_typesupport_fastrtps_cpp__visibility_control.h
[0.933s] -- Up-to-date: /home/clue/jointer_ws/install/pi_pca9685_interfaces/include/pi_pca9685_interfaces/pi_pca9685_interfaces/action
[0.933s] -- Up-to-date: /home/clue/jointer_ws/install/pi_pca9685_interfaces/include/pi_pca9685_interfaces/pi_pca9685_interfaces/action/detail
[0.934s] -- Up-to-date: /home/clue/jointer_ws/install/pi_pca9685_interfaces/include/pi_pca9685_interfaces/pi_pca9685_interfaces/action/detail/dds_fastrtps
[0.934s] -- Up-to-date: /home/clue/jointer_ws/install/pi_pca9685_interfaces/include/pi_pca9685_interfaces/pi_pca9685_interfaces/action/detail/pca__rosidl_typesupport_fastrtps_cpp.hpp
[0.934s] -- Up-to-date: /home/clue/jointer_ws/install/pi_pca9685_interfaces/lib/libpi_pca9685_interfaces__rosidl_typesupport_fastrtps_cpp.so
[0.934s] -- Up-to-date: /home/clue/jointer_ws/install/pi_pca9685_interfaces/include/pi_pca9685_interfaces/pi_pca9685_interfaces
[0.934s] -- Up-to-date: /home/clue/jointer_ws/install/pi_pca9685_interfaces/include/pi_pca9685_interfaces/pi_pca9685_interfaces/action
[0.934s] -- Up-to-date: /home/clue/jointer_ws/install/pi_pca9685_interfaces/include/pi_pca9685_interfaces/pi_pca9685_interfaces/action/detail
[0.934s] -- Up-to-date: /home/clue/jointer_ws/install/pi_pca9685_interfaces/include/pi_pca9685_interfaces/pi_pca9685_interfaces/action/detail/pca__type_support.cpp
[0.934s] -- Up-to-date: /home/clue/jointer_ws/install/pi_pca9685_interfaces/include/pi_pca9685_interfaces/pi_pca9685_interfaces/action/detail/pca__rosidl_typesupport_introspection_cpp.hpp
[0.935s] -- Up-to-date: /home/clue/jointer_ws/install/pi_pca9685_interfaces/lib/libpi_pca9685_interfaces__rosidl_typesupport_introspection_cpp.so
[0.935s] -- Up-to-date: /home/clue/jointer_ws/install/pi_pca9685_interfaces/lib/libpi_pca9685_interfaces__rosidl_typesupport_cpp.so
[0.935s] -- Up-to-date: /home/clue/jointer_ws/install/pi_pca9685_interfaces/share/pi_pca9685_interfaces/environment/pythonpath.sh
[0.935s] -- Up-to-date: /home/clue/jointer_ws/install/pi_pca9685_interfaces/share/pi_pca9685_interfaces/environment/pythonpath.dsv
[0.935s] -- Up-to-date: /home/clue/jointer_ws/install/pi_pca9685_interfaces/local/lib/python3.10/dist-packages/pi_pca9685_interfaces-0.7.0-py3.10.egg-info
[0.935s] -- Installing: /home/clue/jointer_ws/install/pi_pca9685_interfaces/local/lib/python3.10/dist-packages/pi_pca9685_interfaces-0.7.0-py3.10.egg-info/PKG-INFO
[0.935s] -- Installing: /home/clue/jointer_ws/install/pi_pca9685_interfaces/local/lib/python3.10/dist-packages/pi_pca9685_interfaces-0.7.0-py3.10.egg-info/SOURCES.txt
[0.935s] -- Installing: /home/clue/jointer_ws/install/pi_pca9685_interfaces/local/lib/python3.10/dist-packages/pi_pca9685_interfaces-0.7.0-py3.10.egg-info/top_level.txt
[0.936s] -- Installing: /home/clue/jointer_ws/install/pi_pca9685_interfaces/local/lib/python3.10/dist-packages/pi_pca9685_interfaces-0.7.0-py3.10.egg-info/dependency_links.txt
[0.936s] -- Up-to-date: /home/clue/jointer_ws/install/pi_pca9685_interfaces/local/lib/python3.10/dist-packages/pi_pca9685_interfaces
[0.936s] -- Up-to-date: /home/clue/jointer_ws/install/pi_pca9685_interfaces/local/lib/python3.10/dist-packages/pi_pca9685_interfaces/pi_pca9685_interfaces_s__rosidl_typesupport_c.cpython-310-x86_64-linux-gnu.so
[0.936s] -- Up-to-date: /home/clue/jointer_ws/install/pi_pca9685_interfaces/local/lib/python3.10/dist-packages/pi_pca9685_interfaces/_pi_pca9685_interfaces_s.ep.rosidl_typesupport_introspection_c.c
[0.936s] -- Up-to-date: /home/clue/jointer_ws/install/pi_pca9685_interfaces/local/lib/python3.10/dist-packages/pi_pca9685_interfaces/pi_pca9685_interfaces_s__rosidl_typesupport_introspection_c.cpython-310-x86_64-linux-gnu.so
[0.936s] -- Up-to-date: /home/clue/jointer_ws/install/pi_pca9685_interfaces/local/lib/python3.10/dist-packages/pi_pca9685_interfaces/action
[0.936s] -- Up-to-date: /home/clue/jointer_ws/install/pi_pca9685_interfaces/local/lib/python3.10/dist-packages/pi_pca9685_interfaces/action/_pca_s.c
[0.937s] -- Up-to-date: /home/clue/jointer_ws/install/pi_pca9685_interfaces/local/lib/python3.10/dist-packages/pi_pca9685_interfaces/action/_pca.py
[0.937s] -- Up-to-date: /home/clue/jointer_ws/install/pi_pca9685_interfaces/local/lib/python3.10/dist-packages/pi_pca9685_interfaces/action/__init__.py
[0.937s] -- Up-to-date: /home/clue/jointer_ws/install/pi_pca9685_interfaces/local/lib/python3.10/dist-packages/pi_pca9685_interfaces/pi_pca9685_interfaces_s__rosidl_typesupport_fastrtps_c.cpython-310-x86_64-linux-gnu.so
[0.937s] -- Up-to-date: /home/clue/jointer_ws/install/pi_pca9685_interfaces/local/lib/python3.10/dist-packages/pi_pca9685_interfaces/__init__.py
[0.937s] -- Up-to-date: /home/clue/jointer_ws/install/pi_pca9685_interfaces/local/lib/python3.10/dist-packages/pi_pca9685_interfaces/libpi_pca9685_interfaces__rosidl_generator_py.so
[0.937s] -- Up-to-date: /home/clue/jointer_ws/install/pi_pca9685_interfaces/local/lib/python3.10/dist-packages/pi_pca9685_interfaces/_pi_pca9685_interfaces_s.ep.rosidl_typesupport_c.c
[0.937s] -- Up-to-date: /home/clue/jointer_ws/install/pi_pca9685_interfaces/local/lib/python3.10/dist-packages/pi_pca9685_interfaces/_pi_pca9685_interfaces_s.ep.rosidl_typesupport_fastrtps_c.c
[0.967s] Listing '/home/clue/jointer_ws/install/pi_pca9685_interfaces/local/lib/python3.10/dist-packages/pi_pca9685_interfaces'...
[0.967s] Listing '/home/clue/jointer_ws/install/pi_pca9685_interfaces/local/lib/python3.10/dist-packages/pi_pca9685_interfaces/action'...
[0.972s] -- Up-to-date: /home/clue/jointer_ws/install/pi_pca9685_interfaces/local/lib/python3.10/dist-packages/pi_pca9685_interfaces/pi_pca9685_interfaces_s__rosidl_typesupport_fastrtps_c.cpython-310-x86_64-linux-gnu.so
[0.973s] -- Up-to-date: /home/clue/jointer_ws/install/pi_pca9685_interfaces/local/lib/python3.10/dist-packages/pi_pca9685_interfaces/pi_pca9685_interfaces_s__rosidl_typesupport_introspection_c.cpython-310-x86_64-linux-gnu.so
[0.973s] -- Up-to-date: /home/clue/jointer_ws/install/pi_pca9685_interfaces/local/lib/python3.10/dist-packages/pi_pca9685_interfaces/pi_pca9685_interfaces_s__rosidl_typesupport_c.cpython-310-x86_64-linux-gnu.so
[0.973s] -- Up-to-date: /home/clue/jointer_ws/install/pi_pca9685_interfaces/lib/libpi_pca9685_interfaces__rosidl_generator_py.so
[0.974s] -- Up-to-date: /home/clue/jointer_ws/install/pi_pca9685_interfaces/share/pi_pca9685_interfaces/action/PCA.idl
[0.974s] -- Up-to-date: /home/clue/jointer_ws/install/pi_pca9685_interfaces/share/pi_pca9685_interfaces/action/PCA.action
[0.974s] -- Up-to-date: /home/clue/jointer_ws/install/pi_pca9685_interfaces/share/ament_index/resource_index/package_run_dependencies/pi_pca9685_interfaces
[0.974s] -- Up-to-date: /home/clue/jointer_ws/install/pi_pca9685_interfaces/share/ament_index/resource_index/parent_prefix_path/pi_pca9685_interfaces
[0.974s] -- Up-to-date: /home/clue/jointer_ws/install/pi_pca9685_interfaces/share/pi_pca9685_interfaces/environment/ament_prefix_path.sh
[0.974s] -- Up-to-date: /home/clue/jointer_ws/install/pi_pca9685_interfaces/share/pi_pca9685_interfaces/environment/ament_prefix_path.dsv
[0.975s] -- Up-to-date: /home/clue/jointer_ws/install/pi_pca9685_interfaces/share/pi_pca9685_interfaces/environment/path.sh
[0.975s] -- Up-to-date: /home/clue/jointer_ws/install/pi_pca9685_interfaces/share/pi_pca9685_interfaces/environment/path.dsv
[0.975s] -- Up-to-date: /home/clue/jointer_ws/install/pi_pca9685_interfaces/share/pi_pca9685_interfaces/local_setup.bash
[0.975s] -- Up-to-date: /home/clue/jointer_ws/install/pi_pca9685_interfaces/share/pi_pca9685_interfaces/local_setup.sh
[0.975s] -- Up-to-date: /home/clue/jointer_ws/install/pi_pca9685_interfaces/share/pi_pca9685_interfaces/local_setup.zsh
[0.975s] -- Up-to-date: /home/clue/jointer_ws/install/pi_pca9685_interfaces/share/pi_pca9685_interfaces/local_setup.dsv
[0.976s] -- Installing: /home/clue/jointer_ws/install/pi_pca9685_interfaces/share/pi_pca9685_interfaces/package.dsv
[0.976s] -- Up-to-date: /home/clue/jointer_ws/install/pi_pca9685_interfaces/share/ament_index/resource_index/packages/pi_pca9685_interfaces
[0.976s] -- Up-to-date: /home/clue/jointer_ws/install/pi_pca9685_interfaces/share/pi_pca9685_interfaces/cmake/export_pi_pca9685_interfaces__rosidl_generator_cExport.cmake
[0.976s] -- Up-to-date: /home/clue/jointer_ws/install/pi_pca9685_interfaces/share/pi_pca9685_interfaces/cmake/export_pi_pca9685_interfaces__rosidl_generator_cExport-noconfig.cmake
[0.976s] -- Up-to-date: /home/clue/jointer_ws/install/pi_pca9685_interfaces/share/pi_pca9685_interfaces/cmake/export_pi_pca9685_interfaces__rosidl_typesupport_fastrtps_cExport.cmake
[0.976s] -- Up-to-date: /home/clue/jointer_ws/install/pi_pca9685_interfaces/share/pi_pca9685_interfaces/cmake/export_pi_pca9685_interfaces__rosidl_typesupport_fastrtps_cExport-noconfig.cmake
[0.977s] -- Up-to-date: /home/clue/jointer_ws/install/pi_pca9685_interfaces/share/pi_pca9685_interfaces/cmake/pi_pca9685_interfaces__rosidl_typesupport_introspection_cExport.cmake
[0.977s] -- Up-to-date: /home/clue/jointer_ws/install/pi_pca9685_interfaces/share/pi_pca9685_interfaces/cmake/pi_pca9685_interfaces__rosidl_typesupport_introspection_cExport-noconfig.cmake
[0.977s] -- Up-to-date: /home/clue/jointer_ws/install/pi_pca9685_interfaces/share/pi_pca9685_interfaces/cmake/pi_pca9685_interfaces__rosidl_typesupport_cExport.cmake
[0.977s] -- Up-to-date: /home/clue/jointer_ws/install/pi_pca9685_interfaces/share/pi_pca9685_interfaces/cmake/pi_pca9685_interfaces__rosidl_typesupport_cExport-noconfig.cmake
[0.977s] -- Up-to-date: /home/clue/jointer_ws/install/pi_pca9685_interfaces/share/pi_pca9685_interfaces/cmake/export_pi_pca9685_interfaces__rosidl_generator_cppExport.cmake
[0.977s] -- Up-to-date: /home/clue/jointer_ws/install/pi_pca9685_interfaces/share/pi_pca9685_interfaces/cmake/export_pi_pca9685_interfaces__rosidl_typesupport_fastrtps_cppExport.cmake
[0.978s] -- Up-to-date: /home/clue/jointer_ws/install/pi_pca9685_interfaces/share/pi_pca9685_interfaces/cmake/export_pi_pca9685_interfaces__rosidl_typesupport_fastrtps_cppExport-noconfig.cmake
[0.978s] -- Up-to-date: /home/clue/jointer_ws/install/pi_pca9685_interfaces/share/pi_pca9685_interfaces/cmake/pi_pca9685_interfaces__rosidl_typesupport_introspection_cppExport.cmake
[0.978s] -- Up-to-date: /home/clue/jointer_ws/install/pi_pca9685_interfaces/share/pi_pca9685_interfaces/cmake/pi_pca9685_interfaces__rosidl_typesupport_introspection_cppExport-noconfig.cmake
[0.978s] -- Up-to-date: /home/clue/jointer_ws/install/pi_pca9685_interfaces/share/pi_pca9685_interfaces/cmake/pi_pca9685_interfaces__rosidl_typesupport_cppExport.cmake
[0.978s] -- Up-to-date: /home/clue/jointer_ws/install/pi_pca9685_interfaces/share/pi_pca9685_interfaces/cmake/pi_pca9685_interfaces__rosidl_typesupport_cppExport-noconfig.cmake
[0.978s] -- Up-to-date: /home/clue/jointer_ws/install/pi_pca9685_interfaces/share/pi_pca9685_interfaces/cmake/export_pi_pca9685_interfaces__rosidl_generator_pyExport.cmake
[0.978s] -- Up-to-date: /home/clue/jointer_ws/install/pi_pca9685_interfaces/share/pi_pca9685_interfaces/cmake/export_pi_pca9685_interfaces__rosidl_generator_pyExport-noconfig.cmake
[0.978s] -- Up-to-date: /home/clue/jointer_ws/install/pi_pca9685_interfaces/share/pi_pca9685_interfaces/cmake/rosidl_cmake-extras.cmake
[0.979s] -- Up-to-date: /home/clue/jointer_ws/install/pi_pca9685_interfaces/share/pi_pca9685_interfaces/cmake/ament_cmake_export_dependencies-extras.cmake
[0.979s] -- Up-to-date: /home/clue/jointer_ws/install/pi_pca9685_interfaces/share/pi_pca9685_interfaces/cmake/ament_cmake_export_include_directories-extras.cmake
[0.979s] -- Up-to-date: /home/clue/jointer_ws/install/pi_pca9685_interfaces/share/pi_pca9685_interfaces/cmake/ament_cmake_export_libraries-extras.cmake
[0.979s] -- Up-to-date: /home/clue/jointer_ws/install/pi_pca9685_interfaces/share/pi_pca9685_interfaces/cmake/ament_cmake_export_targets-extras.cmake
[0.980s] -- Up-to-date: /home/clue/jointer_ws/install/pi_pca9685_interfaces/share/pi_pca9685_interfaces/cmake/rosidl_cmake_export_typesupport_targets-extras.cmake
[0.980s] -- Up-to-date: /home/clue/jointer_ws/install/pi_pca9685_interfaces/share/pi_pca9685_interfaces/cmake/rosidl_cmake_export_typesupport_libraries-extras.cmake
[0.981s] -- Up-to-date: /home/clue/jointer_ws/install/pi_pca9685_interfaces/share/pi_pca9685_interfaces/cmake/pi_pca9685_interfacesConfig.cmake
[0.981s] -- Up-to-date: /home/clue/jointer_ws/install/pi_pca9685_interfaces/share/pi_pca9685_interfaces/cmake/pi_pca9685_interfacesConfig-version.cmake
[0.981s] -- Up-to-date: /home/clue/jointer_ws/install/pi_pca9685_interfaces/share/pi_pca9685_interfaces/package.xml
[0.982s] Invoked command in '/home/clue/jointer_ws/build/pi_pca9685_interfaces' returned '0': CMAKE_PREFIX_PATH=/opt/ros/humble /usr/bin/cmake --install /home/clue/jointer_ws/build/pi_pca9685_interfaces
