[0.883s] Invoking command in '/home/clue/jointer_ws/src/pi_pca9685': PYTHONPATH=/home/clue/jointer_ws/build/pi_pca9685/prefix_override:/home/clue/jointer_ws/install/pi_pca9685/lib/python3.10/site-packages:${PYTHONPATH} /usr/bin/python3 -W ignore:setup.py install is deprecated setup.py egg_info --egg-base ../../build/pi_pca9685 build --build-base /home/clue/jointer_ws/build/pi_pca9685/build install --record /home/clue/jointer_ws/build/pi_pca9685/install.log --single-version-externally-managed install_data
[1.213s] running egg_info
[1.214s] creating ../../build/pi_pca9685/pi_pca9685.egg-info
[1.214s] writing ../../build/pi_pca9685/pi_pca9685.egg-info/PKG-INFO
[1.214s] writing dependency_links to ../../build/pi_pca9685/pi_pca9685.egg-info/dependency_links.txt
[1.215s] writing entry points to ../../build/pi_pca9685/pi_pca9685.egg-info/entry_points.txt
[1.215s] writing requirements to ../../build/pi_pca9685/pi_pca9685.egg-info/requires.txt
[1.215s] writing top-level names to ../../build/pi_pca9685/pi_pca9685.egg-info/top_level.txt
[1.215s] writing manifest file '../../build/pi_pca9685/pi_pca9685.egg-info/SOURCES.txt'
[1.217s] reading manifest file '../../build/pi_pca9685/pi_pca9685.egg-info/SOURCES.txt'
[1.217s] adding license file 'LICENSE'
[1.218s] writing manifest file '../../build/pi_pca9685/pi_pca9685.egg-info/SOURCES.txt'
[1.218s] running build
[1.218s] running build_py
[1.219s] creating /home/clue/jointer_ws/build/pi_pca9685/build
[1.219s] creating /home/clue/jointer_ws/build/pi_pca9685/build/lib
[1.219s] creating /home/clue/jointer_ws/build/pi_pca9685/build/lib/pi_pca9685
[1.219s] copying pi_pca9685/pi_pca9685_server.py -> /home/clue/jointer_ws/build/pi_pca9685/build/lib/pi_pca9685
[1.219s] copying pi_pca9685/__init__.py -> /home/clue/jointer_ws/build/pi_pca9685/build/lib/pi_pca9685
[1.219s] running install
[1.219s] running install_lib
[1.221s] creating /home/clue/jointer_ws/install/pi_pca9685/lib/python3.10/site-packages/pi_pca9685
[1.221s] copying /home/clue/jointer_ws/build/pi_pca9685/build/lib/pi_pca9685/pi_pca9685_server.py -> /home/clue/jointer_ws/install/pi_pca9685/lib/python3.10/site-packages/pi_pca9685
[1.221s] copying /home/clue/jointer_ws/build/pi_pca9685/build/lib/pi_pca9685/__init__.py -> /home/clue/jointer_ws/install/pi_pca9685/lib/python3.10/site-packages/pi_pca9685
[1.222s] byte-compiling /home/clue/jointer_ws/install/pi_pca9685/lib/python3.10/site-packages/pi_pca9685/pi_pca9685_server.py to pi_pca9685_server.cpython-310.pyc
[1.223s] byte-compiling /home/clue/jointer_ws/install/pi_pca9685/lib/python3.10/site-packages/pi_pca9685/__init__.py to __init__.cpython-310.pyc
[1.223s] running install_data
[1.223s] creating /home/clue/jointer_ws/install/pi_pca9685/share/ament_index
[1.223s] creating /home/clue/jointer_ws/install/pi_pca9685/share/ament_index/resource_index
[1.223s] creating /home/clue/jointer_ws/install/pi_pca9685/share/ament_index/resource_index/packages
[1.223s] copying resource/pi_pca9685 -> /home/clue/jointer_ws/install/pi_pca9685/share/ament_index/resource_index/packages
[1.224s] copying package.xml -> /home/clue/jointer_ws/install/pi_pca9685/share/pi_pca9685
[1.224s] running install_egg_info
[1.225s] Copying ../../build/pi_pca9685/pi_pca9685.egg-info to /home/clue/jointer_ws/install/pi_pca9685/lib/python3.10/site-packages/pi_pca9685-0.0.0-py3.10.egg-info
[1.226s] running install_scripts
[1.247s] Installing pi_pca9685_server script to /home/clue/jointer_ws/install/pi_pca9685/lib/pi_pca9685
[1.248s] writing list of installed files to '/home/clue/jointer_ws/build/pi_pca9685/install.log'
[1.271s] Invoked command in '/home/clue/jointer_ws/src/pi_pca9685' returned '0': PYTHONPATH=/home/clue/jointer_ws/build/pi_pca9685/prefix_override:/home/clue/jointer_ws/install/pi_pca9685/lib/python3.10/site-packages:${PYTHONPATH} /usr/bin/python3 -W ignore:setup.py install is deprecated setup.py egg_info --egg-base ../../build/pi_pca9685 build --build-base /home/clue/jointer_ws/build/pi_pca9685/build install --record /home/clue/jointer_ws/build/pi_pca9685/install.log --single-version-externally-managed install_data
