-- Found ament_cmake: 1.3.9 (/opt/ros/humble/share/ament_cmake/cmake)
-- Found rosidl_default_generators: 1.2.0 (/opt/ros/humble/share/rosidl_default_generators/cmake)
-- Using all available rosidl_typesupport_c: rosidl_typesupport_fastrtps_c;rosidl_typesupport_introspection_c
-- Found rosidl_adapter: 3.1.5 (/opt/ros/humble/share/rosidl_adapter/cmake)
-- Using all available rosidl_typesupport_cpp: rosidl_typesupport_fastrtps_cpp;rosidl_typesupport_introspection_cpp
-- Found ament_cmake_ros: 0.10.0 (/opt/ros/humble/share/ament_cmake_ros/cmake)
-- Using all available rosidl_typesupport_c: rosidl_typesupport_fastrtps_c;rosidl_typesupport_introspection_c
-- Using all available rosidl_typesupport_cpp: rosidl_typesupport_fastrtps_cpp;rosidl_typesupport_introspection_cpp
-- Found PythonInterp: /usr/bin/python3 (found suitable version "3.10.12", minimum required is "3.6") 
-- Found python_cmake_module: 0.10.0 (/opt/ros/humble/share/python_cmake_module/cmake)
-- Found PythonLibs: /usr/lib/x86_64-linux-gnu/libpython3.10.so (found suitable version "3.10.12", minimum required is "3.5") 
-- Using PYTHON_EXECUTABLE: /usr/bin/python3
-- Using PYTHON_INCLUDE_DIRS: /usr/include/python3.10
-- Using PYTHON_LIBRARIES: /usr/lib/x86_64-linux-gnu/libpython3.10.so
-- Found PythonExtra: .so  
-- Configuring done
-- Generating done
-- Build files have been written to: /home/clue/jointer_ws/build/pi_pca9685_interfaces
[  3%] [34m[1mGenerating C code for ROS interfaces[0m
[  6%] [34m[1mGenerating C++ code for ROS interfaces[0m
[  6%] Built target ament_cmake_python_copy_pi_pca9685_interfaces
running egg_info
creating pi_pca9685_interfaces.egg-info
writing pi_pca9685_interfaces.egg-info/PKG-INFO
writing dependency_links to pi_pca9685_interfaces.egg-info/dependency_links.txt
writing top-level names to pi_pca9685_interfaces.egg-info/top_level.txt
writing manifest file 'pi_pca9685_interfaces.egg-info/SOURCES.txt'
reading manifest file 'pi_pca9685_interfaces.egg-info/SOURCES.txt'
writing manifest file 'pi_pca9685_interfaces.egg-info/SOURCES.txt'
[  6%] Built target ament_cmake_python_build_pi_pca9685_interfaces_egg
[  6%] Built target pi_pca9685_interfaces__cpp
[  9%] [34m[1mGenerating C++ type support dispatch for ROS interfaces[0m
[ 12%] [34m[1mGenerating C++ type support for eProsima Fast-RTPS[0m
[ 16%] [34m[1mGenerating C++ introspection for ROS interfaces[0m
[ 19%] [32mBuilding C object CMakeFiles/pi_pca9685_interfaces__rosidl_generator_c.dir/rosidl_generator_c/pi_pca9685_interfaces/action/detail/pca__functions.c.o[0m
[ 22%] [32m[1mLinking C shared library libpi_pca9685_interfaces__rosidl_generator_c.so[0m
[ 22%] Built target pi_pca9685_interfaces__rosidl_generator_c
[ 25%] [34m[1mGenerating C type support for eProsima Fast-RTPS[0m
[ 32%] [34m[1mGenerating C introspection for ROS interfaces[0m
[ 32%] [34m[1mGenerating C type support dispatch for ROS interfaces[0m
[ 35%] [32mBuilding CXX object CMakeFiles/pi_pca9685_interfaces__rosidl_typesupport_cpp.dir/rosidl_typesupport_cpp/pi_pca9685_interfaces/action/pca__type_support.cpp.o[0m
[ 38%] [32mBuilding CXX object CMakeFiles/pi_pca9685_interfaces__rosidl_typesupport_introspection_cpp.dir/rosidl_typesupport_introspection_cpp/pi_pca9685_interfaces/action/detail/pca__type_support.cpp.o[0m
[ 41%] [32mBuilding CXX object CMakeFiles/pi_pca9685_interfaces__rosidl_typesupport_fastrtps_cpp.dir/rosidl_typesupport_fastrtps_cpp/pi_pca9685_interfaces/action/detail/dds_fastrtps/pca__type_support.cpp.o[0m
[ 45%] [32mBuilding CXX object CMakeFiles/pi_pca9685_interfaces__rosidl_typesupport_c.dir/rosidl_typesupport_c/pi_pca9685_interfaces/action/pca__type_support.cpp.o[0m
[ 48%] [32mBuilding C object CMakeFiles/pi_pca9685_interfaces__rosidl_typesupport_introspection_c.dir/rosidl_typesupport_introspection_c/pi_pca9685_interfaces/action/detail/pca__type_support.c.o[0m
[ 51%] [32m[1mLinking CXX shared library libpi_pca9685_interfaces__rosidl_typesupport_c.so[0m
[ 54%] [32m[1mLinking C shared library libpi_pca9685_interfaces__rosidl_typesupport_introspection_c.so[0m
[ 54%] Built target pi_pca9685_interfaces__rosidl_typesupport_introspection_c
[ 54%] Built target pi_pca9685_interfaces__rosidl_typesupport_c
[ 58%] [32mBuilding CXX object CMakeFiles/pi_pca9685_interfaces__rosidl_typesupport_fastrtps_c.dir/rosidl_typesupport_fastrtps_c/pi_pca9685_interfaces/action/detail/pca__type_support_c.cpp.o[0m
[ 61%] [32m[1mLinking CXX shared library libpi_pca9685_interfaces__rosidl_typesupport_fastrtps_cpp.so[0m
[ 64%] [32m[1mLinking CXX shared library libpi_pca9685_interfaces__rosidl_typesupport_cpp.so[0m
[ 64%] Built target pi_pca9685_interfaces__rosidl_typesupport_cpp
[ 64%] Built target pi_pca9685_interfaces__rosidl_typesupport_fastrtps_cpp
[ 67%] [32m[1mLinking CXX shared library libpi_pca9685_interfaces__rosidl_typesupport_fastrtps_c.so[0m
[ 70%] [32m[1mLinking CXX shared library libpi_pca9685_interfaces__rosidl_typesupport_introspection_cpp.so[0m
[ 70%] Built target pi_pca9685_interfaces__rosidl_typesupport_introspection_cpp
[ 70%] Built target pi_pca9685_interfaces__rosidl_typesupport_fastrtps_c
[ 70%] Built target pi_pca9685_interfaces
[ 74%] [34m[1mGenerating Python code for ROS interfaces[0m
[ 74%] Built target pi_pca9685_interfaces__py
[ 77%] [32mBuilding C object CMakeFiles/pi_pca9685_interfaces__rosidl_generator_py.dir/rosidl_generator_py/pi_pca9685_interfaces/action/_pca_s.c.o[0m
[ 80%] [32m[1mLinking C shared library rosidl_generator_py/pi_pca9685_interfaces/libpi_pca9685_interfaces__rosidl_generator_py.so[0m
[ 80%] Built target pi_pca9685_interfaces__rosidl_generator_py
[ 90%] [32mBuilding C object CMakeFiles/pi_pca9685_interfaces__rosidl_typesupport_c__pyext.dir/rosidl_generator_py/pi_pca9685_interfaces/_pi_pca9685_interfaces_s.ep.rosidl_typesupport_c.c.o[0m
[ 90%] [32mBuilding C object CMakeFiles/pi_pca9685_interfaces__rosidl_typesupport_introspection_c__pyext.dir/rosidl_generator_py/pi_pca9685_interfaces/_pi_pca9685_interfaces_s.ep.rosidl_typesupport_introspection_c.c.o[0m
[ 90%] [32mBuilding C object CMakeFiles/pi_pca9685_interfaces__rosidl_typesupport_fastrtps_c__pyext.dir/rosidl_generator_py/pi_pca9685_interfaces/_pi_pca9685_interfaces_s.ep.rosidl_typesupport_fastrtps_c.c.o[0m
[100%] [32m[1mLinking C shared library rosidl_generator_py/pi_pca9685_interfaces/pi_pca9685_interfaces_s__rosidl_typesupport_introspection_c.cpython-310-x86_64-linux-gnu.so[0m
[100%] [32m[1mLinking C shared library rosidl_generator_py/pi_pca9685_interfaces/pi_pca9685_interfaces_s__rosidl_typesupport_c.cpython-310-x86_64-linux-gnu.so[0m
[100%] [32m[1mLinking C shared library rosidl_generator_py/pi_pca9685_interfaces/pi_pca9685_interfaces_s__rosidl_typesupport_fastrtps_c.cpython-310-x86_64-linux-gnu.so[0m
[100%] Built target pi_pca9685_interfaces__rosidl_typesupport_introspection_c__pyext
[100%] Built target pi_pca9685_interfaces__rosidl_typesupport_c__pyext
[100%] Built target pi_pca9685_interfaces__rosidl_typesupport_fastrtps_c__pyext
-- Install configuration: ""
-- Installing: /home/clue/jointer_ws/install/pi_pca9685_interfaces/share/ament_index/resource_index/rosidl_interfaces/pi_pca9685_interfaces
-- Installing: /home/clue/jointer_ws/install/pi_pca9685_interfaces/include/pi_pca9685_interfaces/pi_pca9685_interfaces
-- Installing: /home/clue/jointer_ws/install/pi_pca9685_interfaces/include/pi_pca9685_interfaces/pi_pca9685_interfaces/msg
-- Installing: /home/clue/jointer_ws/install/pi_pca9685_interfaces/include/pi_pca9685_interfaces/pi_pca9685_interfaces/msg/rosidl_generator_c__visibility_control.h
-- Installing: /home/clue/jointer_ws/install/pi_pca9685_interfaces/include/pi_pca9685_interfaces/pi_pca9685_interfaces/action
-- Installing: /home/clue/jointer_ws/install/pi_pca9685_interfaces/include/pi_pca9685_interfaces/pi_pca9685_interfaces/action/detail
-- Installing: /home/clue/jointer_ws/install/pi_pca9685_interfaces/include/pi_pca9685_interfaces/pi_pca9685_interfaces/action/detail/pca__functions.h
-- Installing: /home/clue/jointer_ws/install/pi_pca9685_interfaces/include/pi_pca9685_interfaces/pi_pca9685_interfaces/action/detail/pca__type_support.h
-- Installing: /home/clue/jointer_ws/install/pi_pca9685_interfaces/include/pi_pca9685_interfaces/pi_pca9685_interfaces/action/detail/pca__struct.h
-- Installing: /home/clue/jointer_ws/install/pi_pca9685_interfaces/include/pi_pca9685_interfaces/pi_pca9685_interfaces/action/detail/pca__functions.c
-- Installing: /home/clue/jointer_ws/install/pi_pca9685_interfaces/include/pi_pca9685_interfaces/pi_pca9685_interfaces/action/pca.h
-- Installing: /home/clue/jointer_ws/install/pi_pca9685_interfaces/share/pi_pca9685_interfaces/environment/library_path.sh
-- Installing: /home/clue/jointer_ws/install/pi_pca9685_interfaces/share/pi_pca9685_interfaces/environment/library_path.dsv
-- Installing: /home/clue/jointer_ws/install/pi_pca9685_interfaces/lib/libpi_pca9685_interfaces__rosidl_generator_c.so
-- Set runtime path of "/home/clue/jointer_ws/install/pi_pca9685_interfaces/lib/libpi_pca9685_interfaces__rosidl_generator_c.so" to ""
-- Up-to-date: /home/clue/jointer_ws/install/pi_pca9685_interfaces/include/pi_pca9685_interfaces/pi_pca9685_interfaces
-- Up-to-date: /home/clue/jointer_ws/install/pi_pca9685_interfaces/include/pi_pca9685_interfaces/pi_pca9685_interfaces/msg
-- Installing: /home/clue/jointer_ws/install/pi_pca9685_interfaces/include/pi_pca9685_interfaces/pi_pca9685_interfaces/msg/rosidl_typesupport_fastrtps_c__visibility_control.h
-- Up-to-date: /home/clue/jointer_ws/install/pi_pca9685_interfaces/include/pi_pca9685_interfaces/pi_pca9685_interfaces/action
-- Up-to-date: /home/clue/jointer_ws/install/pi_pca9685_interfaces/include/pi_pca9685_interfaces/pi_pca9685_interfaces/action/detail
-- Installing: /home/clue/jointer_ws/install/pi_pca9685_interfaces/include/pi_pca9685_interfaces/pi_pca9685_interfaces/action/detail/pca__rosidl_typesupport_fastrtps_c.h
-- Installing: /home/clue/jointer_ws/install/pi_pca9685_interfaces/lib/libpi_pca9685_interfaces__rosidl_typesupport_fastrtps_c.so
-- Set runtime path of "/home/clue/jointer_ws/install/pi_pca9685_interfaces/lib/libpi_pca9685_interfaces__rosidl_typesupport_fastrtps_c.so" to ""
-- Up-to-date: /home/clue/jointer_ws/install/pi_pca9685_interfaces/include/pi_pca9685_interfaces/pi_pca9685_interfaces
-- Up-to-date: /home/clue/jointer_ws/install/pi_pca9685_interfaces/include/pi_pca9685_interfaces/pi_pca9685_interfaces/msg
-- Installing: /home/clue/jointer_ws/install/pi_pca9685_interfaces/include/pi_pca9685_interfaces/pi_pca9685_interfaces/msg/rosidl_typesupport_introspection_c__visibility_control.h
-- Up-to-date: /home/clue/jointer_ws/install/pi_pca9685_interfaces/include/pi_pca9685_interfaces/pi_pca9685_interfaces/action
-- Up-to-date: /home/clue/jointer_ws/install/pi_pca9685_interfaces/include/pi_pca9685_interfaces/pi_pca9685_interfaces/action/detail
-- Installing: /home/clue/jointer_ws/install/pi_pca9685_interfaces/include/pi_pca9685_interfaces/pi_pca9685_interfaces/action/detail/pca__type_support.c
-- Installing: /home/clue/jointer_ws/install/pi_pca9685_interfaces/include/pi_pca9685_interfaces/pi_pca9685_interfaces/action/detail/pca__rosidl_typesupport_introspection_c.h
-- Installing: /home/clue/jointer_ws/install/pi_pca9685_interfaces/lib/libpi_pca9685_interfaces__rosidl_typesupport_introspection_c.so
-- Set runtime path of "/home/clue/jointer_ws/install/pi_pca9685_interfaces/lib/libpi_pca9685_interfaces__rosidl_typesupport_introspection_c.so" to ""
-- Installing: /home/clue/jointer_ws/install/pi_pca9685_interfaces/lib/libpi_pca9685_interfaces__rosidl_typesupport_c.so
-- Set runtime path of "/home/clue/jointer_ws/install/pi_pca9685_interfaces/lib/libpi_pca9685_interfaces__rosidl_typesupport_c.so" to ""
-- Up-to-date: /home/clue/jointer_ws/install/pi_pca9685_interfaces/include/pi_pca9685_interfaces/pi_pca9685_interfaces
-- Up-to-date: /home/clue/jointer_ws/install/pi_pca9685_interfaces/include/pi_pca9685_interfaces/pi_pca9685_interfaces/action
-- Up-to-date: /home/clue/jointer_ws/install/pi_pca9685_interfaces/include/pi_pca9685_interfaces/pi_pca9685_interfaces/action/detail
-- Installing: /home/clue/jointer_ws/install/pi_pca9685_interfaces/include/pi_pca9685_interfaces/pi_pca9685_interfaces/action/detail/pca__traits.hpp
-- Installing: /home/clue/jointer_ws/install/pi_pca9685_interfaces/include/pi_pca9685_interfaces/pi_pca9685_interfaces/action/detail/pca__builder.hpp
-- Installing: /home/clue/jointer_ws/install/pi_pca9685_interfaces/include/pi_pca9685_interfaces/pi_pca9685_interfaces/action/detail/pca__struct.hpp
-- Installing: /home/clue/jointer_ws/install/pi_pca9685_interfaces/include/pi_pca9685_interfaces/pi_pca9685_interfaces/action/pca.hpp
-- Up-to-date: /home/clue/jointer_ws/install/pi_pca9685_interfaces/include/pi_pca9685_interfaces/pi_pca9685_interfaces
-- Up-to-date: /home/clue/jointer_ws/install/pi_pca9685_interfaces/include/pi_pca9685_interfaces/pi_pca9685_interfaces/msg
-- Installing: /home/clue/jointer_ws/install/pi_pca9685_interfaces/include/pi_pca9685_interfaces/pi_pca9685_interfaces/msg/rosidl_typesupport_fastrtps_cpp__visibility_control.h
-- Up-to-date: /home/clue/jointer_ws/install/pi_pca9685_interfaces/include/pi_pca9685_interfaces/pi_pca9685_interfaces/action
-- Up-to-date: /home/clue/jointer_ws/install/pi_pca9685_interfaces/include/pi_pca9685_interfaces/pi_pca9685_interfaces/action/detail
-- Installing: /home/clue/jointer_ws/install/pi_pca9685_interfaces/include/pi_pca9685_interfaces/pi_pca9685_interfaces/action/detail/dds_fastrtps
-- Installing: /home/clue/jointer_ws/install/pi_pca9685_interfaces/include/pi_pca9685_interfaces/pi_pca9685_interfaces/action/detail/pca__rosidl_typesupport_fastrtps_cpp.hpp
-- Installing: /home/clue/jointer_ws/install/pi_pca9685_interfaces/lib/libpi_pca9685_interfaces__rosidl_typesupport_fastrtps_cpp.so
-- Set runtime path of "/home/clue/jointer_ws/install/pi_pca9685_interfaces/lib/libpi_pca9685_interfaces__rosidl_typesupport_fastrtps_cpp.so" to ""
-- Up-to-date: /home/clue/jointer_ws/install/pi_pca9685_interfaces/include/pi_pca9685_interfaces/pi_pca9685_interfaces
-- Up-to-date: /home/clue/jointer_ws/install/pi_pca9685_interfaces/include/pi_pca9685_interfaces/pi_pca9685_interfaces/action
-- Up-to-date: /home/clue/jointer_ws/install/pi_pca9685_interfaces/include/pi_pca9685_interfaces/pi_pca9685_interfaces/action/detail
-- Installing: /home/clue/jointer_ws/install/pi_pca9685_interfaces/include/pi_pca9685_interfaces/pi_pca9685_interfaces/action/detail/pca__type_support.cpp
-- Installing: /home/clue/jointer_ws/install/pi_pca9685_interfaces/include/pi_pca9685_interfaces/pi_pca9685_interfaces/action/detail/pca__rosidl_typesupport_introspection_cpp.hpp
-- Installing: /home/clue/jointer_ws/install/pi_pca9685_interfaces/lib/libpi_pca9685_interfaces__rosidl_typesupport_introspection_cpp.so
-- Set runtime path of "/home/clue/jointer_ws/install/pi_pca9685_interfaces/lib/libpi_pca9685_interfaces__rosidl_typesupport_introspection_cpp.so" to ""
-- Installing: /home/clue/jointer_ws/install/pi_pca9685_interfaces/lib/libpi_pca9685_interfaces__rosidl_typesupport_cpp.so
-- Set runtime path of "/home/clue/jointer_ws/install/pi_pca9685_interfaces/lib/libpi_pca9685_interfaces__rosidl_typesupport_cpp.so" to ""
-- Installing: /home/clue/jointer_ws/install/pi_pca9685_interfaces/share/pi_pca9685_interfaces/environment/pythonpath.sh
-- Installing: /home/clue/jointer_ws/install/pi_pca9685_interfaces/share/pi_pca9685_interfaces/environment/pythonpath.dsv
-- Installing: /home/clue/jointer_ws/install/pi_pca9685_interfaces/local/lib/python3.10/dist-packages/pi_pca9685_interfaces-0.7.0-py3.10.egg-info
-- Installing: /home/clue/jointer_ws/install/pi_pca9685_interfaces/local/lib/python3.10/dist-packages/pi_pca9685_interfaces-0.7.0-py3.10.egg-info/PKG-INFO
-- Installing: /home/clue/jointer_ws/install/pi_pca9685_interfaces/local/lib/python3.10/dist-packages/pi_pca9685_interfaces-0.7.0-py3.10.egg-info/SOURCES.txt
-- Installing: /home/clue/jointer_ws/install/pi_pca9685_interfaces/local/lib/python3.10/dist-packages/pi_pca9685_interfaces-0.7.0-py3.10.egg-info/top_level.txt
-- Installing: /home/clue/jointer_ws/install/pi_pca9685_interfaces/local/lib/python3.10/dist-packages/pi_pca9685_interfaces-0.7.0-py3.10.egg-info/dependency_links.txt
-- Installing: /home/clue/jointer_ws/install/pi_pca9685_interfaces/local/lib/python3.10/dist-packages/pi_pca9685_interfaces
-- Installing: /home/clue/jointer_ws/install/pi_pca9685_interfaces/local/lib/python3.10/dist-packages/pi_pca9685_interfaces/pi_pca9685_interfaces_s__rosidl_typesupport_c.cpython-310-x86_64-linux-gnu.so
-- Installing: /home/clue/jointer_ws/install/pi_pca9685_interfaces/local/lib/python3.10/dist-packages/pi_pca9685_interfaces/_pi_pca9685_interfaces_s.ep.rosidl_typesupport_introspection_c.c
-- Installing: /home/clue/jointer_ws/install/pi_pca9685_interfaces/local/lib/python3.10/dist-packages/pi_pca9685_interfaces/pi_pca9685_interfaces_s__rosidl_typesupport_introspection_c.cpython-310-x86_64-linux-gnu.so
-- Installing: /home/clue/jointer_ws/install/pi_pca9685_interfaces/local/lib/python3.10/dist-packages/pi_pca9685_interfaces/action
-- Installing: /home/clue/jointer_ws/install/pi_pca9685_interfaces/local/lib/python3.10/dist-packages/pi_pca9685_interfaces/action/_pca_s.c
-- Installing: /home/clue/jointer_ws/install/pi_pca9685_interfaces/local/lib/python3.10/dist-packages/pi_pca9685_interfaces/action/_pca.py
-- Installing: /home/clue/jointer_ws/install/pi_pca9685_interfaces/local/lib/python3.10/dist-packages/pi_pca9685_interfaces/action/__init__.py
-- Installing: /home/clue/jointer_ws/install/pi_pca9685_interfaces/local/lib/python3.10/dist-packages/pi_pca9685_interfaces/pi_pca9685_interfaces_s__rosidl_typesupport_fastrtps_c.cpython-310-x86_64-linux-gnu.so
-- Installing: /home/clue/jointer_ws/install/pi_pca9685_interfaces/local/lib/python3.10/dist-packages/pi_pca9685_interfaces/__init__.py
-- Installing: /home/clue/jointer_ws/install/pi_pca9685_interfaces/local/lib/python3.10/dist-packages/pi_pca9685_interfaces/libpi_pca9685_interfaces__rosidl_generator_py.so
-- Installing: /home/clue/jointer_ws/install/pi_pca9685_interfaces/local/lib/python3.10/dist-packages/pi_pca9685_interfaces/_pi_pca9685_interfaces_s.ep.rosidl_typesupport_c.c
-- Installing: /home/clue/jointer_ws/install/pi_pca9685_interfaces/local/lib/python3.10/dist-packages/pi_pca9685_interfaces/_pi_pca9685_interfaces_s.ep.rosidl_typesupport_fastrtps_c.c
Listing '/home/clue/jointer_ws/install/pi_pca9685_interfaces/local/lib/python3.10/dist-packages/pi_pca9685_interfaces'...
Compiling '/home/clue/jointer_ws/install/pi_pca9685_interfaces/local/lib/python3.10/dist-packages/pi_pca9685_interfaces/__init__.py'...
Listing '/home/clue/jointer_ws/install/pi_pca9685_interfaces/local/lib/python3.10/dist-packages/pi_pca9685_interfaces/action'...
Compiling '/home/clue/jointer_ws/install/pi_pca9685_interfaces/local/lib/python3.10/dist-packages/pi_pca9685_interfaces/action/__init__.py'...
Compiling '/home/clue/jointer_ws/install/pi_pca9685_interfaces/local/lib/python3.10/dist-packages/pi_pca9685_interfaces/action/_pca.py'...
-- Installing: /home/clue/jointer_ws/install/pi_pca9685_interfaces/local/lib/python3.10/dist-packages/pi_pca9685_interfaces/pi_pca9685_interfaces_s__rosidl_typesupport_fastrtps_c.cpython-310-x86_64-linux-gnu.so
-- Set runtime path of "/home/clue/jointer_ws/install/pi_pca9685_interfaces/local/lib/python3.10/dist-packages/pi_pca9685_interfaces/pi_pca9685_interfaces_s__rosidl_typesupport_fastrtps_c.cpython-310-x86_64-linux-gnu.so" to ""
-- Installing: /home/clue/jointer_ws/install/pi_pca9685_interfaces/local/lib/python3.10/dist-packages/pi_pca9685_interfaces/pi_pca9685_interfaces_s__rosidl_typesupport_introspection_c.cpython-310-x86_64-linux-gnu.so
-- Set runtime path of "/home/clue/jointer_ws/install/pi_pca9685_interfaces/local/lib/python3.10/dist-packages/pi_pca9685_interfaces/pi_pca9685_interfaces_s__rosidl_typesupport_introspection_c.cpython-310-x86_64-linux-gnu.so" to ""
-- Installing: /home/clue/jointer_ws/install/pi_pca9685_interfaces/local/lib/python3.10/dist-packages/pi_pca9685_interfaces/pi_pca9685_interfaces_s__rosidl_typesupport_c.cpython-310-x86_64-linux-gnu.so
-- Set runtime path of "/home/clue/jointer_ws/install/pi_pca9685_interfaces/local/lib/python3.10/dist-packages/pi_pca9685_interfaces/pi_pca9685_interfaces_s__rosidl_typesupport_c.cpython-310-x86_64-linux-gnu.so" to ""
-- Installing: /home/clue/jointer_ws/install/pi_pca9685_interfaces/lib/libpi_pca9685_interfaces__rosidl_generator_py.so
-- Set runtime path of "/home/clue/jointer_ws/install/pi_pca9685_interfaces/lib/libpi_pca9685_interfaces__rosidl_generator_py.so" to ""
-- Installing: /home/clue/jointer_ws/install/pi_pca9685_interfaces/share/pi_pca9685_interfaces/action/PCA.idl
-- Installing: /home/clue/jointer_ws/install/pi_pca9685_interfaces/share/pi_pca9685_interfaces/action/PCA.action
-- Installing: /home/clue/jointer_ws/install/pi_pca9685_interfaces/share/ament_index/resource_index/package_run_dependencies/pi_pca9685_interfaces
-- Installing: /home/clue/jointer_ws/install/pi_pca9685_interfaces/share/ament_index/resource_index/parent_prefix_path/pi_pca9685_interfaces
-- Installing: /home/clue/jointer_ws/install/pi_pca9685_interfaces/share/pi_pca9685_interfaces/environment/ament_prefix_path.sh
-- Installing: /home/clue/jointer_ws/install/pi_pca9685_interfaces/share/pi_pca9685_interfaces/environment/ament_prefix_path.dsv
-- Installing: /home/clue/jointer_ws/install/pi_pca9685_interfaces/share/pi_pca9685_interfaces/environment/path.sh
-- Installing: /home/clue/jointer_ws/install/pi_pca9685_interfaces/share/pi_pca9685_interfaces/environment/path.dsv
-- Installing: /home/clue/jointer_ws/install/pi_pca9685_interfaces/share/pi_pca9685_interfaces/local_setup.bash
-- Installing: /home/clue/jointer_ws/install/pi_pca9685_interfaces/share/pi_pca9685_interfaces/local_setup.sh
-- Installing: /home/clue/jointer_ws/install/pi_pca9685_interfaces/share/pi_pca9685_interfaces/local_setup.zsh
-- Installing: /home/clue/jointer_ws/install/pi_pca9685_interfaces/share/pi_pca9685_interfaces/local_setup.dsv
-- Installing: /home/clue/jointer_ws/install/pi_pca9685_interfaces/share/pi_pca9685_interfaces/package.dsv
-- Installing: /home/clue/jointer_ws/install/pi_pca9685_interfaces/share/ament_index/resource_index/packages/pi_pca9685_interfaces
-- Installing: /home/clue/jointer_ws/install/pi_pca9685_interfaces/share/pi_pca9685_interfaces/cmake/export_pi_pca9685_interfaces__rosidl_generator_cExport.cmake
-- Installing: /home/clue/jointer_ws/install/pi_pca9685_interfaces/share/pi_pca9685_interfaces/cmake/export_pi_pca9685_interfaces__rosidl_generator_cExport-noconfig.cmake
-- Installing: /home/clue/jointer_ws/install/pi_pca9685_interfaces/share/pi_pca9685_interfaces/cmake/export_pi_pca9685_interfaces__rosidl_typesupport_fastrtps_cExport.cmake
-- Installing: /home/clue/jointer_ws/install/pi_pca9685_interfaces/share/pi_pca9685_interfaces/cmake/export_pi_pca9685_interfaces__rosidl_typesupport_fastrtps_cExport-noconfig.cmake
-- Installing: /home/clue/jointer_ws/install/pi_pca9685_interfaces/share/pi_pca9685_interfaces/cmake/pi_pca9685_interfaces__rosidl_typesupport_introspection_cExport.cmake
-- Installing: /home/clue/jointer_ws/install/pi_pca9685_interfaces/share/pi_pca9685_interfaces/cmake/pi_pca9685_interfaces__rosidl_typesupport_introspection_cExport-noconfig.cmake
-- Installing: /home/clue/jointer_ws/install/pi_pca9685_interfaces/share/pi_pca9685_interfaces/cmake/pi_pca9685_interfaces__rosidl_typesupport_cExport.cmake
-- Installing: /home/clue/jointer_ws/install/pi_pca9685_interfaces/share/pi_pca9685_interfaces/cmake/pi_pca9685_interfaces__rosidl_typesupport_cExport-noconfig.cmake
-- Installing: /home/clue/jointer_ws/install/pi_pca9685_interfaces/share/pi_pca9685_interfaces/cmake/export_pi_pca9685_interfaces__rosidl_generator_cppExport.cmake
-- Installing: /home/clue/jointer_ws/install/pi_pca9685_interfaces/share/pi_pca9685_interfaces/cmake/export_pi_pca9685_interfaces__rosidl_typesupport_fastrtps_cppExport.cmake
-- Installing: /home/clue/jointer_ws/install/pi_pca9685_interfaces/share/pi_pca9685_interfaces/cmake/export_pi_pca9685_interfaces__rosidl_typesupport_fastrtps_cppExport-noconfig.cmake
-- Installing: /home/clue/jointer_ws/install/pi_pca9685_interfaces/share/pi_pca9685_interfaces/cmake/pi_pca9685_interfaces__rosidl_typesupport_introspection_cppExport.cmake
-- Installing: /home/clue/jointer_ws/install/pi_pca9685_interfaces/share/pi_pca9685_interfaces/cmake/pi_pca9685_interfaces__rosidl_typesupport_introspection_cppExport-noconfig.cmake
-- Installing: /home/clue/jointer_ws/install/pi_pca9685_interfaces/share/pi_pca9685_interfaces/cmake/pi_pca9685_interfaces__rosidl_typesupport_cppExport.cmake
-- Installing: /home/clue/jointer_ws/install/pi_pca9685_interfaces/share/pi_pca9685_interfaces/cmake/pi_pca9685_interfaces__rosidl_typesupport_cppExport-noconfig.cmake
-- Installing: /home/clue/jointer_ws/install/pi_pca9685_interfaces/share/pi_pca9685_interfaces/cmake/export_pi_pca9685_interfaces__rosidl_generator_pyExport.cmake
-- Installing: /home/clue/jointer_ws/install/pi_pca9685_interfaces/share/pi_pca9685_interfaces/cmake/export_pi_pca9685_interfaces__rosidl_generator_pyExport-noconfig.cmake
-- Installing: /home/clue/jointer_ws/install/pi_pca9685_interfaces/share/pi_pca9685_interfaces/cmake/rosidl_cmake-extras.cmake
-- Installing: /home/clue/jointer_ws/install/pi_pca9685_interfaces/share/pi_pca9685_interfaces/cmake/ament_cmake_export_dependencies-extras.cmake
-- Installing: /home/clue/jointer_ws/install/pi_pca9685_interfaces/share/pi_pca9685_interfaces/cmake/ament_cmake_export_include_directories-extras.cmake
-- Installing: /home/clue/jointer_ws/install/pi_pca9685_interfaces/share/pi_pca9685_interfaces/cmake/ament_cmake_export_libraries-extras.cmake
-- Installing: /home/clue/jointer_ws/install/pi_pca9685_interfaces/share/pi_pca9685_interfaces/cmake/ament_cmake_export_targets-extras.cmake
-- Installing: /home/clue/jointer_ws/install/pi_pca9685_interfaces/share/pi_pca9685_interfaces/cmake/rosidl_cmake_export_typesupport_targets-extras.cmake
-- Installing: /home/clue/jointer_ws/install/pi_pca9685_interfaces/share/pi_pca9685_interfaces/cmake/rosidl_cmake_export_typesupport_libraries-extras.cmake
-- Installing: /home/clue/jointer_ws/install/pi_pca9685_interfaces/share/pi_pca9685_interfaces/cmake/pi_pca9685_interfacesConfig.cmake
-- Installing: /home/clue/jointer_ws/install/pi_pca9685_interfaces/share/pi_pca9685_interfaces/cmake/pi_pca9685_interfacesConfig-version.cmake
-- Installing: /home/clue/jointer_ws/install/pi_pca9685_interfaces/share/pi_pca9685_interfaces/package.xml
