[0.011s] Invoking command in '/home/clue/jointer_ws/build/pi_pca9685_interfaces': CMAKE_PREFIX_PATH=/opt/ros/humble /usr/bin/cmake /home/clue/jointer_ws/src/pi_pca9685_interfaces -DCMAKE_INSTALL_PREFIX=/home/clue/jointer_ws/install/pi_pca9685_interfaces
[0.023s] -- Found ament_cmake: 1.3.9 (/opt/ros/humble/share/ament_cmake/cmake)
[0.155s] -- Found rosidl_default_generators: 1.2.0 (/opt/ros/humble/share/rosidl_default_generators/cmake)
[0.157s] -- Using all available rosidl_typesupport_c: rosidl_typesupport_fastrtps_c;rosidl_typesupport_introspection_c
[0.160s] -- Found rosidl_adapter: 3.1.5 (/opt/ros/humble/share/rosidl_adapter/cmake)
[0.193s] -- Using all available rosidl_typesupport_cpp: rosidl_typesupport_fastrtps_cpp;rosidl_typesupport_introspection_cpp
[0.609s] -- Found ament_cmake_ros: 0.10.0 (/opt/ros/humble/share/ament_cmake_ros/cmake)
[0.816s] -- Using all available rosidl_typesupport_c: rosidl_typesupport_fastrtps_c;rosidl_typesupport_introspection_c
[1.080s] -- Using all available rosidl_typesupport_cpp: rosidl_typesupport_fastrtps_cpp;rosidl_typesupport_introspection_cpp
[1.104s] -- Found PythonInterp: /usr/bin/python3 (found suitable version "3.10.12", minimum required is "3.6") 
[1.107s] -- Found python_cmake_module: 0.10.0 (/opt/ros/humble/share/python_cmake_module/cmake)
[1.136s] -- Found PythonLibs: /usr/lib/x86_64-linux-gnu/libpython3.10.so (found suitable version "3.10.12", minimum required is "3.5") 
[1.136s] -- Using PYTHON_EXECUTABLE: /usr/bin/python3
[1.136s] -- Using PYTHON_INCLUDE_DIRS: /usr/include/python3.10
[1.136s] -- Using PYTHON_LIBRARIES: /usr/lib/x86_64-linux-gnu/libpython3.10.so
[1.160s] -- Found PythonExtra: .so  
[1.215s] -- Configuring done
[1.262s] -- Generating done
[1.266s] -- Build files have been written to: /home/clue/jointer_ws/build/pi_pca9685_interfaces
[1.275s] Invoked command in '/home/clue/jointer_ws/build/pi_pca9685_interfaces' returned '0': CMAKE_PREFIX_PATH=/opt/ros/humble /usr/bin/cmake /home/clue/jointer_ws/src/pi_pca9685_interfaces -DCMAKE_INSTALL_PREFIX=/home/clue/jointer_ws/install/pi_pca9685_interfaces
[1.278s] Invoking command in '/home/clue/jointer_ws/build/pi_pca9685_interfaces': CMAKE_PREFIX_PATH=/opt/ros/humble /usr/bin/cmake --build /home/clue/jointer_ws/build/pi_pca9685_interfaces -- -j8 -l8
[1.318s] [  3%] [34m[1mGenerating C code for ROS interfaces[0m
[1.329s] [  6%] [34m[1mGenerating C++ code for ROS interfaces[0m
[1.338s] [  6%] Built target ament_cmake_python_copy_pi_pca9685_interfaces
[1.683s] running egg_info
[1.684s] creating pi_pca9685_interfaces.egg-info
[1.684s] writing pi_pca9685_interfaces.egg-info/PKG-INFO
[1.685s] writing dependency_links to pi_pca9685_interfaces.egg-info/dependency_links.txt
[1.685s] writing top-level names to pi_pca9685_interfaces.egg-info/top_level.txt
[1.685s] writing manifest file 'pi_pca9685_interfaces.egg-info/SOURCES.txt'
[1.688s] reading manifest file 'pi_pca9685_interfaces.egg-info/SOURCES.txt'
[1.689s] writing manifest file 'pi_pca9685_interfaces.egg-info/SOURCES.txt'
[1.718s] [  6%] Built target ament_cmake_python_build_pi_pca9685_interfaces_egg
[1.840s] [  6%] Built target pi_pca9685_interfaces__cpp
[1.851s] [  9%] [34m[1mGenerating C++ type support dispatch for ROS interfaces[0m
[1.851s] [ 12%] [34m[1mGenerating C++ type support for eProsima Fast-RTPS[0m
[1.851s] [ 16%] [34m[1mGenerating C++ introspection for ROS interfaces[0m
[1.856s] [ 19%] [32mBuilding C object CMakeFiles/pi_pca9685_interfaces__rosidl_generator_c.dir/rosidl_generator_c/pi_pca9685_interfaces/action/detail/pca__functions.c.o[0m
[2.015s] [ 22%] [32m[1mLinking C shared library libpi_pca9685_interfaces__rosidl_generator_c.so[0m
[2.062s] [ 22%] Built target pi_pca9685_interfaces__rosidl_generator_c
[2.075s] [ 25%] [34m[1mGenerating C type support for eProsima Fast-RTPS[0m
[2.078s] [ 32%] [34m[1mGenerating C introspection for ROS interfaces[0m
[2.078s] [ 32%] [34m[1mGenerating C type support dispatch for ROS interfaces[0m
[2.360s] [ 35%] [32mBuilding CXX object CMakeFiles/pi_pca9685_interfaces__rosidl_typesupport_cpp.dir/rosidl_typesupport_cpp/pi_pca9685_interfaces/action/pca__type_support.cpp.o[0m
[2.373s] [ 38%] [32mBuilding CXX object CMakeFiles/pi_pca9685_interfaces__rosidl_typesupport_introspection_cpp.dir/rosidl_typesupport_introspection_cpp/pi_pca9685_interfaces/action/detail/pca__type_support.cpp.o[0m
[2.385s] [ 41%] [32mBuilding CXX object CMakeFiles/pi_pca9685_interfaces__rosidl_typesupport_fastrtps_cpp.dir/rosidl_typesupport_fastrtps_cpp/pi_pca9685_interfaces/action/detail/dds_fastrtps/pca__type_support.cpp.o[0m
[2.669s] [ 45%] [32mBuilding CXX object CMakeFiles/pi_pca9685_interfaces__rosidl_typesupport_c.dir/rosidl_typesupport_c/pi_pca9685_interfaces/action/pca__type_support.cpp.o[0m
[2.682s] [ 48%] [32mBuilding C object CMakeFiles/pi_pca9685_interfaces__rosidl_typesupport_introspection_c.dir/rosidl_typesupport_introspection_c/pi_pca9685_interfaces/action/detail/pca__type_support.c.o[0m
[2.734s] [ 51%] [32m[1mLinking CXX shared library libpi_pca9685_interfaces__rosidl_typesupport_c.so[0m
[2.745s] [ 54%] [32m[1mLinking C shared library libpi_pca9685_interfaces__rosidl_typesupport_introspection_c.so[0m
[2.788s] [ 54%] Built target pi_pca9685_interfaces__rosidl_typesupport_introspection_c
[2.794s] [ 54%] Built target pi_pca9685_interfaces__rosidl_typesupport_c
[2.904s] [ 58%] [32mBuilding CXX object CMakeFiles/pi_pca9685_interfaces__rosidl_typesupport_fastrtps_c.dir/rosidl_typesupport_fastrtps_c/pi_pca9685_interfaces/action/detail/pca__type_support_c.cpp.o[0m
[3.163s] [ 61%] [32m[1mLinking CXX shared library libpi_pca9685_interfaces__rosidl_typesupport_fastrtps_cpp.so[0m
[3.194s] [ 64%] [32m[1mLinking CXX shared library libpi_pca9685_interfaces__rosidl_typesupport_cpp.so[0m
[3.250s] [ 64%] Built target pi_pca9685_interfaces__rosidl_typesupport_cpp
[3.266s] [ 64%] Built target pi_pca9685_interfaces__rosidl_typesupport_fastrtps_cpp
[3.354s] [ 67%] [32m[1mLinking CXX shared library libpi_pca9685_interfaces__rosidl_typesupport_fastrtps_c.so[0m
[3.360s] [ 70%] [32m[1mLinking CXX shared library libpi_pca9685_interfaces__rosidl_typesupport_introspection_cpp.so[0m
[3.450s] [ 70%] Built target pi_pca9685_interfaces__rosidl_typesupport_introspection_cpp
[3.450s] [ 70%] Built target pi_pca9685_interfaces__rosidl_typesupport_fastrtps_c
[3.471s] [ 70%] Built target pi_pca9685_interfaces
[3.495s] [ 74%] [34m[1mGenerating Python code for ROS interfaces[0m
[4.308s] [ 74%] Built target pi_pca9685_interfaces__py
[4.330s] [ 77%] [32mBuilding C object CMakeFiles/pi_pca9685_interfaces__rosidl_generator_py.dir/rosidl_generator_py/pi_pca9685_interfaces/action/_pca_s.c.o[0m
[4.484s] [ 80%] [32m[1mLinking C shared library rosidl_generator_py/pi_pca9685_interfaces/libpi_pca9685_interfaces__rosidl_generator_py.so[0m
[4.529s] [ 80%] Built target pi_pca9685_interfaces__rosidl_generator_py
[4.551s] [ 90%] [32mBuilding C object CMakeFiles/pi_pca9685_interfaces__rosidl_typesupport_c__pyext.dir/rosidl_generator_py/pi_pca9685_interfaces/_pi_pca9685_interfaces_s.ep.rosidl_typesupport_c.c.o[0m
[4.551s] [ 90%] [32mBuilding C object CMakeFiles/pi_pca9685_interfaces__rosidl_typesupport_introspection_c__pyext.dir/rosidl_generator_py/pi_pca9685_interfaces/_pi_pca9685_interfaces_s.ep.rosidl_typesupport_introspection_c.c.o[0m
[4.552s] [ 90%] [32mBuilding C object CMakeFiles/pi_pca9685_interfaces__rosidl_typesupport_fastrtps_c__pyext.dir/rosidl_generator_py/pi_pca9685_interfaces/_pi_pca9685_interfaces_s.ep.rosidl_typesupport_fastrtps_c.c.o[0m
[4.690s] [100%] [32m[1mLinking C shared library rosidl_generator_py/pi_pca9685_interfaces/pi_pca9685_interfaces_s__rosidl_typesupport_introspection_c.cpython-310-x86_64-linux-gnu.so[0m
[4.690s] [100%] [32m[1mLinking C shared library rosidl_generator_py/pi_pca9685_interfaces/pi_pca9685_interfaces_s__rosidl_typesupport_c.cpython-310-x86_64-linux-gnu.so[0m
[4.690s] [100%] [32m[1mLinking C shared library rosidl_generator_py/pi_pca9685_interfaces/pi_pca9685_interfaces_s__rosidl_typesupport_fastrtps_c.cpython-310-x86_64-linux-gnu.so[0m
[4.735s] [100%] Built target pi_pca9685_interfaces__rosidl_typesupport_introspection_c__pyext
[4.736s] [100%] Built target pi_pca9685_interfaces__rosidl_typesupport_c__pyext
[4.737s] [100%] Built target pi_pca9685_interfaces__rosidl_typesupport_fastrtps_c__pyext
[4.750s] Invoked command in '/home/clue/jointer_ws/build/pi_pca9685_interfaces' returned '0': CMAKE_PREFIX_PATH=/opt/ros/humble /usr/bin/cmake --build /home/clue/jointer_ws/build/pi_pca9685_interfaces -- -j8 -l8
[4.822s] Invoking command in '/home/clue/jointer_ws/build/pi_pca9685_interfaces': CMAKE_PREFIX_PATH=/opt/ros/humble /usr/bin/cmake --install /home/clue/jointer_ws/build/pi_pca9685_interfaces
[4.830s] -- Install configuration: ""
[4.830s] -- Installing: /home/clue/jointer_ws/install/pi_pca9685_interfaces/share/ament_index/resource_index/rosidl_interfaces/pi_pca9685_interfaces
[4.830s] -- Installing: /home/clue/jointer_ws/install/pi_pca9685_interfaces/include/pi_pca9685_interfaces/pi_pca9685_interfaces
[4.831s] -- Installing: /home/clue/jointer_ws/install/pi_pca9685_interfaces/include/pi_pca9685_interfaces/pi_pca9685_interfaces/msg
[4.831s] -- Installing: /home/clue/jointer_ws/install/pi_pca9685_interfaces/include/pi_pca9685_interfaces/pi_pca9685_interfaces/msg/rosidl_generator_c__visibility_control.h
[4.831s] -- Installing: /home/clue/jointer_ws/install/pi_pca9685_interfaces/include/pi_pca9685_interfaces/pi_pca9685_interfaces/action
[4.831s] -- Installing: /home/clue/jointer_ws/install/pi_pca9685_interfaces/include/pi_pca9685_interfaces/pi_pca9685_interfaces/action/detail
[4.831s] -- Installing: /home/clue/jointer_ws/install/pi_pca9685_interfaces/include/pi_pca9685_interfaces/pi_pca9685_interfaces/action/detail/pca__functions.h
[4.831s] -- Installing: /home/clue/jointer_ws/install/pi_pca9685_interfaces/include/pi_pca9685_interfaces/pi_pca9685_interfaces/action/detail/pca__type_support.h
[4.831s] -- Installing: /home/clue/jointer_ws/install/pi_pca9685_interfaces/include/pi_pca9685_interfaces/pi_pca9685_interfaces/action/detail/pca__struct.h
[4.831s] -- Installing: /home/clue/jointer_ws/install/pi_pca9685_interfaces/include/pi_pca9685_interfaces/pi_pca9685_interfaces/action/detail/pca__functions.c
[4.831s] -- Installing: /home/clue/jointer_ws/install/pi_pca9685_interfaces/include/pi_pca9685_interfaces/pi_pca9685_interfaces/action/pca.h
[4.831s] -- Installing: /home/clue/jointer_ws/install/pi_pca9685_interfaces/share/pi_pca9685_interfaces/environment/library_path.sh
[4.832s] -- Installing: /home/clue/jointer_ws/install/pi_pca9685_interfaces/share/pi_pca9685_interfaces/environment/library_path.dsv
[4.832s] -- Installing: /home/clue/jointer_ws/install/pi_pca9685_interfaces/lib/libpi_pca9685_interfaces__rosidl_generator_c.so
[4.832s] -- Set runtime path of "/home/clue/jointer_ws/install/pi_pca9685_interfaces/lib/libpi_pca9685_interfaces__rosidl_generator_c.so" to ""
[4.832s] -- Up-to-date: /home/clue/jointer_ws/install/pi_pca9685_interfaces/include/pi_pca9685_interfaces/pi_pca9685_interfaces
[4.833s] -- Up-to-date: /home/clue/jointer_ws/install/pi_pca9685_interfaces/include/pi_pca9685_interfaces/pi_pca9685_interfaces/msg
[4.833s] -- Installing: /home/clue/jointer_ws/install/pi_pca9685_interfaces/include/pi_pca9685_interfaces/pi_pca9685_interfaces/msg/rosidl_typesupport_fastrtps_c__visibility_control.h
[4.833s] -- Up-to-date: /home/clue/jointer_ws/install/pi_pca9685_interfaces/include/pi_pca9685_interfaces/pi_pca9685_interfaces/action
[4.833s] -- Up-to-date: /home/clue/jointer_ws/install/pi_pca9685_interfaces/include/pi_pca9685_interfaces/pi_pca9685_interfaces/action/detail
[4.833s] -- Installing: /home/clue/jointer_ws/install/pi_pca9685_interfaces/include/pi_pca9685_interfaces/pi_pca9685_interfaces/action/detail/pca__rosidl_typesupport_fastrtps_c.h
[4.833s] -- Installing: /home/clue/jointer_ws/install/pi_pca9685_interfaces/lib/libpi_pca9685_interfaces__rosidl_typesupport_fastrtps_c.so
[4.833s] -- Set runtime path of "/home/clue/jointer_ws/install/pi_pca9685_interfaces/lib/libpi_pca9685_interfaces__rosidl_typesupport_fastrtps_c.so" to ""
[4.834s] -- Up-to-date: /home/clue/jointer_ws/install/pi_pca9685_interfaces/include/pi_pca9685_interfaces/pi_pca9685_interfaces
[4.834s] -- Up-to-date: /home/clue/jointer_ws/install/pi_pca9685_interfaces/include/pi_pca9685_interfaces/pi_pca9685_interfaces/msg
[4.834s] -- Installing: /home/clue/jointer_ws/install/pi_pca9685_interfaces/include/pi_pca9685_interfaces/pi_pca9685_interfaces/msg/rosidl_typesupport_introspection_c__visibility_control.h
[4.834s] -- Up-to-date: /home/clue/jointer_ws/install/pi_pca9685_interfaces/include/pi_pca9685_interfaces/pi_pca9685_interfaces/action
[4.834s] -- Up-to-date: /home/clue/jointer_ws/install/pi_pca9685_interfaces/include/pi_pca9685_interfaces/pi_pca9685_interfaces/action/detail
[4.834s] -- Installing: /home/clue/jointer_ws/install/pi_pca9685_interfaces/include/pi_pca9685_interfaces/pi_pca9685_interfaces/action/detail/pca__type_support.c
[4.834s] -- Installing: /home/clue/jointer_ws/install/pi_pca9685_interfaces/include/pi_pca9685_interfaces/pi_pca9685_interfaces/action/detail/pca__rosidl_typesupport_introspection_c.h
[4.834s] -- Installing: /home/clue/jointer_ws/install/pi_pca9685_interfaces/lib/libpi_pca9685_interfaces__rosidl_typesupport_introspection_c.so
[4.835s] -- Set runtime path of "/home/clue/jointer_ws/install/pi_pca9685_interfaces/lib/libpi_pca9685_interfaces__rosidl_typesupport_introspection_c.so" to ""
[4.835s] -- Installing: /home/clue/jointer_ws/install/pi_pca9685_interfaces/lib/libpi_pca9685_interfaces__rosidl_typesupport_c.so
[4.835s] -- Set runtime path of "/home/clue/jointer_ws/install/pi_pca9685_interfaces/lib/libpi_pca9685_interfaces__rosidl_typesupport_c.so" to ""
[4.835s] -- Up-to-date: /home/clue/jointer_ws/install/pi_pca9685_interfaces/include/pi_pca9685_interfaces/pi_pca9685_interfaces
[4.835s] -- Up-to-date: /home/clue/jointer_ws/install/pi_pca9685_interfaces/include/pi_pca9685_interfaces/pi_pca9685_interfaces/action
[4.835s] -- Up-to-date: /home/clue/jointer_ws/install/pi_pca9685_interfaces/include/pi_pca9685_interfaces/pi_pca9685_interfaces/action/detail
[4.836s] -- Installing: /home/clue/jointer_ws/install/pi_pca9685_interfaces/include/pi_pca9685_interfaces/pi_pca9685_interfaces/action/detail/pca__traits.hpp
[4.836s] -- Installing: /home/clue/jointer_ws/install/pi_pca9685_interfaces/include/pi_pca9685_interfaces/pi_pca9685_interfaces/action/detail/pca__builder.hpp
[4.836s] -- Installing: /home/clue/jointer_ws/install/pi_pca9685_interfaces/include/pi_pca9685_interfaces/pi_pca9685_interfaces/action/detail/pca__struct.hpp
[4.836s] -- Installing: /home/clue/jointer_ws/install/pi_pca9685_interfaces/include/pi_pca9685_interfaces/pi_pca9685_interfaces/action/pca.hpp
[4.836s] -- Up-to-date: /home/clue/jointer_ws/install/pi_pca9685_interfaces/include/pi_pca9685_interfaces/pi_pca9685_interfaces
[4.836s] -- Up-to-date: /home/clue/jointer_ws/install/pi_pca9685_interfaces/include/pi_pca9685_interfaces/pi_pca9685_interfaces/msg
[4.836s] -- Installing: /home/clue/jointer_ws/install/pi_pca9685_interfaces/include/pi_pca9685_interfaces/pi_pca9685_interfaces/msg/rosidl_typesupport_fastrtps_cpp__visibility_control.h
[4.836s] -- Up-to-date: /home/clue/jointer_ws/install/pi_pca9685_interfaces/include/pi_pca9685_interfaces/pi_pca9685_interfaces/action
[4.836s] -- Up-to-date: /home/clue/jointer_ws/install/pi_pca9685_interfaces/include/pi_pca9685_interfaces/pi_pca9685_interfaces/action/detail
[4.837s] -- Installing: /home/clue/jointer_ws/install/pi_pca9685_interfaces/include/pi_pca9685_interfaces/pi_pca9685_interfaces/action/detail/dds_fastrtps
[4.837s] -- Installing: /home/clue/jointer_ws/install/pi_pca9685_interfaces/include/pi_pca9685_interfaces/pi_pca9685_interfaces/action/detail/pca__rosidl_typesupport_fastrtps_cpp.hpp
[4.837s] -- Installing: /home/clue/jointer_ws/install/pi_pca9685_interfaces/lib/libpi_pca9685_interfaces__rosidl_typesupport_fastrtps_cpp.so
[4.837s] -- Set runtime path of "/home/clue/jointer_ws/install/pi_pca9685_interfaces/lib/libpi_pca9685_interfaces__rosidl_typesupport_fastrtps_cpp.so" to ""
[4.837s] -- Up-to-date: /home/clue/jointer_ws/install/pi_pca9685_interfaces/include/pi_pca9685_interfaces/pi_pca9685_interfaces
[4.837s] -- Up-to-date: /home/clue/jointer_ws/install/pi_pca9685_interfaces/include/pi_pca9685_interfaces/pi_pca9685_interfaces/action
[4.838s] -- Up-to-date: /home/clue/jointer_ws/install/pi_pca9685_interfaces/include/pi_pca9685_interfaces/pi_pca9685_interfaces/action/detail
[4.838s] -- Installing: /home/clue/jointer_ws/install/pi_pca9685_interfaces/include/pi_pca9685_interfaces/pi_pca9685_interfaces/action/detail/pca__type_support.cpp
[4.838s] -- Installing: /home/clue/jointer_ws/install/pi_pca9685_interfaces/include/pi_pca9685_interfaces/pi_pca9685_interfaces/action/detail/pca__rosidl_typesupport_introspection_cpp.hpp
[4.838s] -- Installing: /home/clue/jointer_ws/install/pi_pca9685_interfaces/lib/libpi_pca9685_interfaces__rosidl_typesupport_introspection_cpp.so
[4.838s] -- Set runtime path of "/home/clue/jointer_ws/install/pi_pca9685_interfaces/lib/libpi_pca9685_interfaces__rosidl_typesupport_introspection_cpp.so" to ""
[4.838s] -- Installing: /home/clue/jointer_ws/install/pi_pca9685_interfaces/lib/libpi_pca9685_interfaces__rosidl_typesupport_cpp.so
[4.839s] -- Set runtime path of "/home/clue/jointer_ws/install/pi_pca9685_interfaces/lib/libpi_pca9685_interfaces__rosidl_typesupport_cpp.so" to ""
[4.839s] -- Installing: /home/clue/jointer_ws/install/pi_pca9685_interfaces/share/pi_pca9685_interfaces/environment/pythonpath.sh
[4.839s] -- Installing: /home/clue/jointer_ws/install/pi_pca9685_interfaces/share/pi_pca9685_interfaces/environment/pythonpath.dsv
[4.839s] -- Installing: /home/clue/jointer_ws/install/pi_pca9685_interfaces/local/lib/python3.10/dist-packages/pi_pca9685_interfaces-0.7.0-py3.10.egg-info
[4.839s] -- Installing: /home/clue/jointer_ws/install/pi_pca9685_interfaces/local/lib/python3.10/dist-packages/pi_pca9685_interfaces-0.7.0-py3.10.egg-info/PKG-INFO
[4.839s] -- Installing: /home/clue/jointer_ws/install/pi_pca9685_interfaces/local/lib/python3.10/dist-packages/pi_pca9685_interfaces-0.7.0-py3.10.egg-info/SOURCES.txt
[4.840s] -- Installing: /home/clue/jointer_ws/install/pi_pca9685_interfaces/local/lib/python3.10/dist-packages/pi_pca9685_interfaces-0.7.0-py3.10.egg-info/top_level.txt
[4.840s] -- Installing: /home/clue/jointer_ws/install/pi_pca9685_interfaces/local/lib/python3.10/dist-packages/pi_pca9685_interfaces-0.7.0-py3.10.egg-info/dependency_links.txt
[4.840s] -- Installing: /home/clue/jointer_ws/install/pi_pca9685_interfaces/local/lib/python3.10/dist-packages/pi_pca9685_interfaces
[4.840s] -- Installing: /home/clue/jointer_ws/install/pi_pca9685_interfaces/local/lib/python3.10/dist-packages/pi_pca9685_interfaces/pi_pca9685_interfaces_s__rosidl_typesupport_c.cpython-310-x86_64-linux-gnu.so
[4.840s] -- Installing: /home/clue/jointer_ws/install/pi_pca9685_interfaces/local/lib/python3.10/dist-packages/pi_pca9685_interfaces/_pi_pca9685_interfaces_s.ep.rosidl_typesupport_introspection_c.c
[4.840s] -- Installing: /home/clue/jointer_ws/install/pi_pca9685_interfaces/local/lib/python3.10/dist-packages/pi_pca9685_interfaces/pi_pca9685_interfaces_s__rosidl_typesupport_introspection_c.cpython-310-x86_64-linux-gnu.so
[4.840s] -- Installing: /home/clue/jointer_ws/install/pi_pca9685_interfaces/local/lib/python3.10/dist-packages/pi_pca9685_interfaces/action
[4.841s] -- Installing: /home/clue/jointer_ws/install/pi_pca9685_interfaces/local/lib/python3.10/dist-packages/pi_pca9685_interfaces/action/_pca_s.c
[4.841s] -- Installing: /home/clue/jointer_ws/install/pi_pca9685_interfaces/local/lib/python3.10/dist-packages/pi_pca9685_interfaces/action/_pca.py
[4.841s] -- Installing: /home/clue/jointer_ws/install/pi_pca9685_interfaces/local/lib/python3.10/dist-packages/pi_pca9685_interfaces/action/__init__.py
[4.841s] -- Installing: /home/clue/jointer_ws/install/pi_pca9685_interfaces/local/lib/python3.10/dist-packages/pi_pca9685_interfaces/pi_pca9685_interfaces_s__rosidl_typesupport_fastrtps_c.cpython-310-x86_64-linux-gnu.so
[4.841s] -- Installing: /home/clue/jointer_ws/install/pi_pca9685_interfaces/local/lib/python3.10/dist-packages/pi_pca9685_interfaces/__init__.py
[4.841s] -- Installing: /home/clue/jointer_ws/install/pi_pca9685_interfaces/local/lib/python3.10/dist-packages/pi_pca9685_interfaces/libpi_pca9685_interfaces__rosidl_generator_py.so
[4.842s] -- Installing: /home/clue/jointer_ws/install/pi_pca9685_interfaces/local/lib/python3.10/dist-packages/pi_pca9685_interfaces/_pi_pca9685_interfaces_s.ep.rosidl_typesupport_c.c
[4.842s] -- Installing: /home/clue/jointer_ws/install/pi_pca9685_interfaces/local/lib/python3.10/dist-packages/pi_pca9685_interfaces/_pi_pca9685_interfaces_s.ep.rosidl_typesupport_fastrtps_c.c
[4.883s] Listing '/home/clue/jointer_ws/install/pi_pca9685_interfaces/local/lib/python3.10/dist-packages/pi_pca9685_interfaces'...
[4.883s] Compiling '/home/clue/jointer_ws/install/pi_pca9685_interfaces/local/lib/python3.10/dist-packages/pi_pca9685_interfaces/__init__.py'...
[4.883s] Listing '/home/clue/jointer_ws/install/pi_pca9685_interfaces/local/lib/python3.10/dist-packages/pi_pca9685_interfaces/action'...
[4.883s] Compiling '/home/clue/jointer_ws/install/pi_pca9685_interfaces/local/lib/python3.10/dist-packages/pi_pca9685_interfaces/action/__init__.py'...
[4.883s] Compiling '/home/clue/jointer_ws/install/pi_pca9685_interfaces/local/lib/python3.10/dist-packages/pi_pca9685_interfaces/action/_pca.py'...
[4.888s] -- Installing: /home/clue/jointer_ws/install/pi_pca9685_interfaces/local/lib/python3.10/dist-packages/pi_pca9685_interfaces/pi_pca9685_interfaces_s__rosidl_typesupport_fastrtps_c.cpython-310-x86_64-linux-gnu.so
[4.888s] -- Set runtime path of "/home/clue/jointer_ws/install/pi_pca9685_interfaces/local/lib/python3.10/dist-packages/pi_pca9685_interfaces/pi_pca9685_interfaces_s__rosidl_typesupport_fastrtps_c.cpython-310-x86_64-linux-gnu.so" to ""
[4.889s] -- Installing: /home/clue/jointer_ws/install/pi_pca9685_interfaces/local/lib/python3.10/dist-packages/pi_pca9685_interfaces/pi_pca9685_interfaces_s__rosidl_typesupport_introspection_c.cpython-310-x86_64-linux-gnu.so
[4.889s] -- Set runtime path of "/home/clue/jointer_ws/install/pi_pca9685_interfaces/local/lib/python3.10/dist-packages/pi_pca9685_interfaces/pi_pca9685_interfaces_s__rosidl_typesupport_introspection_c.cpython-310-x86_64-linux-gnu.so" to ""
[4.889s] -- Installing: /home/clue/jointer_ws/install/pi_pca9685_interfaces/local/lib/python3.10/dist-packages/pi_pca9685_interfaces/pi_pca9685_interfaces_s__rosidl_typesupport_c.cpython-310-x86_64-linux-gnu.so
[4.890s] -- Set runtime path of "/home/clue/jointer_ws/install/pi_pca9685_interfaces/local/lib/python3.10/dist-packages/pi_pca9685_interfaces/pi_pca9685_interfaces_s__rosidl_typesupport_c.cpython-310-x86_64-linux-gnu.so" to ""
[4.890s] -- Installing: /home/clue/jointer_ws/install/pi_pca9685_interfaces/lib/libpi_pca9685_interfaces__rosidl_generator_py.so
[4.890s] -- Set runtime path of "/home/clue/jointer_ws/install/pi_pca9685_interfaces/lib/libpi_pca9685_interfaces__rosidl_generator_py.so" to ""
[4.891s] -- Installing: /home/clue/jointer_ws/install/pi_pca9685_interfaces/share/pi_pca9685_interfaces/action/PCA.idl
[4.891s] -- Installing: /home/clue/jointer_ws/install/pi_pca9685_interfaces/share/pi_pca9685_interfaces/action/PCA.action
[4.891s] -- Installing: /home/clue/jointer_ws/install/pi_pca9685_interfaces/share/ament_index/resource_index/package_run_dependencies/pi_pca9685_interfaces
[4.891s] -- Installing: /home/clue/jointer_ws/install/pi_pca9685_interfaces/share/ament_index/resource_index/parent_prefix_path/pi_pca9685_interfaces
[4.891s] -- Installing: /home/clue/jointer_ws/install/pi_pca9685_interfaces/share/pi_pca9685_interfaces/environment/ament_prefix_path.sh
[4.892s] -- Installing: /home/clue/jointer_ws/install/pi_pca9685_interfaces/share/pi_pca9685_interfaces/environment/ament_prefix_path.dsv
[4.892s] -- Installing: /home/clue/jointer_ws/install/pi_pca9685_interfaces/share/pi_pca9685_interfaces/environment/path.sh
[4.892s] -- Installing: /home/clue/jointer_ws/install/pi_pca9685_interfaces/share/pi_pca9685_interfaces/environment/path.dsv
[4.892s] -- Installing: /home/clue/jointer_ws/install/pi_pca9685_interfaces/share/pi_pca9685_interfaces/local_setup.bash
[4.892s] -- Installing: /home/clue/jointer_ws/install/pi_pca9685_interfaces/share/pi_pca9685_interfaces/local_setup.sh
[4.892s] -- Installing: /home/clue/jointer_ws/install/pi_pca9685_interfaces/share/pi_pca9685_interfaces/local_setup.zsh
[4.893s] -- Installing: /home/clue/jointer_ws/install/pi_pca9685_interfaces/share/pi_pca9685_interfaces/local_setup.dsv
[4.893s] -- Installing: /home/clue/jointer_ws/install/pi_pca9685_interfaces/share/pi_pca9685_interfaces/package.dsv
[4.893s] -- Installing: /home/clue/jointer_ws/install/pi_pca9685_interfaces/share/ament_index/resource_index/packages/pi_pca9685_interfaces
[4.893s] -- Installing: /home/clue/jointer_ws/install/pi_pca9685_interfaces/share/pi_pca9685_interfaces/cmake/export_pi_pca9685_interfaces__rosidl_generator_cExport.cmake
[4.893s] -- Installing: /home/clue/jointer_ws/install/pi_pca9685_interfaces/share/pi_pca9685_interfaces/cmake/export_pi_pca9685_interfaces__rosidl_generator_cExport-noconfig.cmake
[4.893s] -- Installing: /home/clue/jointer_ws/install/pi_pca9685_interfaces/share/pi_pca9685_interfaces/cmake/export_pi_pca9685_interfaces__rosidl_typesupport_fastrtps_cExport.cmake
[4.894s] -- Installing: /home/clue/jointer_ws/install/pi_pca9685_interfaces/share/pi_pca9685_interfaces/cmake/export_pi_pca9685_interfaces__rosidl_typesupport_fastrtps_cExport-noconfig.cmake
[4.894s] -- Installing: /home/clue/jointer_ws/install/pi_pca9685_interfaces/share/pi_pca9685_interfaces/cmake/pi_pca9685_interfaces__rosidl_typesupport_introspection_cExport.cmake
[4.894s] -- Installing: /home/clue/jointer_ws/install/pi_pca9685_interfaces/share/pi_pca9685_interfaces/cmake/pi_pca9685_interfaces__rosidl_typesupport_introspection_cExport-noconfig.cmake
[4.894s] -- Installing: /home/clue/jointer_ws/install/pi_pca9685_interfaces/share/pi_pca9685_interfaces/cmake/pi_pca9685_interfaces__rosidl_typesupport_cExport.cmake
[4.894s] -- Installing: /home/clue/jointer_ws/install/pi_pca9685_interfaces/share/pi_pca9685_interfaces/cmake/pi_pca9685_interfaces__rosidl_typesupport_cExport-noconfig.cmake
[4.895s] -- Installing: /home/clue/jointer_ws/install/pi_pca9685_interfaces/share/pi_pca9685_interfaces/cmake/export_pi_pca9685_interfaces__rosidl_generator_cppExport.cmake
[4.895s] -- Installing: /home/clue/jointer_ws/install/pi_pca9685_interfaces/share/pi_pca9685_interfaces/cmake/export_pi_pca9685_interfaces__rosidl_typesupport_fastrtps_cppExport.cmake
[4.895s] -- Installing: /home/clue/jointer_ws/install/pi_pca9685_interfaces/share/pi_pca9685_interfaces/cmake/export_pi_pca9685_interfaces__rosidl_typesupport_fastrtps_cppExport-noconfig.cmake
[4.895s] -- Installing: /home/clue/jointer_ws/install/pi_pca9685_interfaces/share/pi_pca9685_interfaces/cmake/pi_pca9685_interfaces__rosidl_typesupport_introspection_cppExport.cmake
[4.895s] -- Installing: /home/clue/jointer_ws/install/pi_pca9685_interfaces/share/pi_pca9685_interfaces/cmake/pi_pca9685_interfaces__rosidl_typesupport_introspection_cppExport-noconfig.cmake
[4.896s] -- Installing: /home/clue/jointer_ws/install/pi_pca9685_interfaces/share/pi_pca9685_interfaces/cmake/pi_pca9685_interfaces__rosidl_typesupport_cppExport.cmake
[4.896s] -- Installing: /home/clue/jointer_ws/install/pi_pca9685_interfaces/share/pi_pca9685_interfaces/cmake/pi_pca9685_interfaces__rosidl_typesupport_cppExport-noconfig.cmake
[4.896s] -- Installing: /home/clue/jointer_ws/install/pi_pca9685_interfaces/share/pi_pca9685_interfaces/cmake/export_pi_pca9685_interfaces__rosidl_generator_pyExport.cmake
[4.896s] -- Installing: /home/clue/jointer_ws/install/pi_pca9685_interfaces/share/pi_pca9685_interfaces/cmake/export_pi_pca9685_interfaces__rosidl_generator_pyExport-noconfig.cmake
[4.896s] -- Installing: /home/clue/jointer_ws/install/pi_pca9685_interfaces/share/pi_pca9685_interfaces/cmake/rosidl_cmake-extras.cmake
[4.896s] -- Installing: /home/clue/jointer_ws/install/pi_pca9685_interfaces/share/pi_pca9685_interfaces/cmake/ament_cmake_export_dependencies-extras.cmake
[4.897s] -- Installing: /home/clue/jointer_ws/install/pi_pca9685_interfaces/share/pi_pca9685_interfaces/cmake/ament_cmake_export_include_directories-extras.cmake
[4.897s] -- Installing: /home/clue/jointer_ws/install/pi_pca9685_interfaces/share/pi_pca9685_interfaces/cmake/ament_cmake_export_libraries-extras.cmake
[4.897s] -- Installing: /home/clue/jointer_ws/install/pi_pca9685_interfaces/share/pi_pca9685_interfaces/cmake/ament_cmake_export_targets-extras.cmake
[4.897s] -- Installing: /home/clue/jointer_ws/install/pi_pca9685_interfaces/share/pi_pca9685_interfaces/cmake/rosidl_cmake_export_typesupport_targets-extras.cmake
[4.897s] -- Installing: /home/clue/jointer_ws/install/pi_pca9685_interfaces/share/pi_pca9685_interfaces/cmake/rosidl_cmake_export_typesupport_libraries-extras.cmake
[4.898s] -- Installing: /home/clue/jointer_ws/install/pi_pca9685_interfaces/share/pi_pca9685_interfaces/cmake/pi_pca9685_interfacesConfig.cmake
[4.898s] -- Installing: /home/clue/jointer_ws/install/pi_pca9685_interfaces/share/pi_pca9685_interfaces/cmake/pi_pca9685_interfacesConfig-version.cmake
[4.898s] -- Installing: /home/clue/jointer_ws/install/pi_pca9685_interfaces/share/pi_pca9685_interfaces/package.xml
[4.901s] Invoked command in '/home/clue/jointer_ws/build/pi_pca9685_interfaces' returned '0': CMAKE_PREFIX_PATH=/opt/ros/humble /usr/bin/cmake --install /home/clue/jointer_ws/build/pi_pca9685_interfaces
